[0.191s] DEBUG:colcon:Command line arguments: ['/usr/bin/colcon', 'build']
[0.191s] DEBUG:colcon:Parsed command line arguments: Namespace(log_base=None, log_level=None, verb_name='build', build_base='build', install_base='install', merge_install=False, symlink_install=False, test_result_base=None, continue_on_error=False, executor='parallel', parallel_workers=20, event_handlers=None, ignore_user_meta=False, metas=['./colcon.meta'], base_paths=['.'], packages_ignore=None, packages_ignore_regex=None, paths=None, packages_up_to=None, packages_up_to_regex=None, packages_above=None, packages_above_and_dependencies=None, packages_above_depth=None, packages_select_by_dep=None, packages_skip_by_dep=None, packages_skip_up_to=None, packages_select_build_failed=False, packages_skip_build_finished=False, packages_select_test_failures=False, packages_skip_test_passed=False, packages_select=None, packages_skip=None, packages_select_regex=None, packages_skip_regex=None, packages_start=None, packages_end=None, allow_overriding=[], cmake_args=None, cmake_target=None, cmake_target_skip_unavailable=False, cmake_clean_cache=False, cmake_clean_first=False, cmake_force_configure=False, ament_cmake_args=None, catkin_cmake_args=None, catkin_skip_building_tests=False, verb_parser=<colcon_defaults.argument_parser.defaults.DefaultArgumentsDecorator object at 0x7fd085213970>, verb_extension=<colcon_core.verb.build.BuildVerb object at 0x7fd085213400>, main=<bound method BuildVerb.main of <colcon_core.verb.build.BuildVerb object at 0x7fd085213400>>)
[0.204s] Level 1:colcon.colcon_core.package_discovery:discover_packages(colcon_meta) check parameters
[0.204s] Level 1:colcon.colcon_core.package_discovery:discover_packages(recursive) check parameters
[0.204s] Level 1:colcon.colcon_core.package_discovery:discover_packages(ignore) check parameters
[0.204s] Level 1:colcon.colcon_core.package_discovery:discover_packages(path) check parameters
[0.204s] Level 1:colcon.colcon_core.package_discovery:discover_packages(colcon_meta) discover
[0.204s] Level 1:colcon.colcon_core.package_discovery:discover_packages(recursive) discover
[0.204s] INFO:colcon.colcon_core.package_discovery:Crawling recursively for packages in '/home/kjh/robot_gui_pkg'
[0.204s] Level 1:colcon.colcon_core.package_identification:_identify(.) by extensions ['ignore', 'ignore_ament_install']
[0.204s] Level 1:colcon.colcon_core.package_identification:_identify(.) by extension 'ignore'
[0.204s] Level 1:colcon.colcon_core.package_identification:_identify(.) by extension 'ignore_ament_install'
[0.204s] Level 1:colcon.colcon_core.package_identification:_identify(.) by extensions ['colcon_pkg']
[0.204s] Level 1:colcon.colcon_core.package_identification:_identify(.) by extension 'colcon_pkg'
[0.204s] Level 1:colcon.colcon_core.package_identification:_identify(.) by extensions ['colcon_meta']
[0.204s] Level 1:colcon.colcon_core.package_identification:_identify(.) by extension 'colcon_meta'
[0.204s] Level 1:colcon.colcon_core.package_identification:_identify(.) by extensions ['ros']
[0.204s] Level 1:colcon.colcon_core.package_identification:_identify(.) by extension 'ros'
[0.213s] Level 1:colcon.colcon_core.package_identification:_identify(.) by extensions ['cmake', 'python']
[0.213s] Level 1:colcon.colcon_core.package_identification:_identify(.) by extension 'cmake'
[0.213s] Level 1:colcon.colcon_core.package_identification:_identify(.) by extension 'python'
[0.213s] Level 1:colcon.colcon_core.package_identification:_identify(.) by extensions ['python_setup_py']
[0.213s] Level 1:colcon.colcon_core.package_identification:_identify(.) by extension 'python_setup_py'
[0.213s] Level 1:colcon.colcon_core.package_identification:_identify(build) by extensions ['ignore', 'ignore_ament_install']
[0.213s] Level 1:colcon.colcon_core.package_identification:_identify(build) by extension 'ignore'
[0.213s] Level 1:colcon.colcon_core.package_identification:_identify(build) ignored
[0.213s] Level 1:colcon.colcon_core.package_identification:_identify(install) by extensions ['ignore', 'ignore_ament_install']
[0.214s] Level 1:colcon.colcon_core.package_identification:_identify(install) by extension 'ignore'
[0.214s] Level 1:colcon.colcon_core.package_identification:_identify(install) ignored
[0.214s] Level 1:colcon.colcon_core.package_identification:_identify(log) by extensions ['ignore', 'ignore_ament_install']
[0.214s] Level 1:colcon.colcon_core.package_identification:_identify(log) by extension 'ignore'
[0.214s] Level 1:colcon.colcon_core.package_identification:_identify(log) ignored
[0.214s] Level 1:colcon.colcon_core.package_identification:_identify(src) by extensions ['ignore', 'ignore_ament_install']
[0.214s] Level 1:colcon.colcon_core.package_identification:_identify(src) by extension 'ignore'
[0.214s] Level 1:colcon.colcon_core.package_identification:_identify(src) by extension 'ignore_ament_install'
[0.214s] Level 1:colcon.colcon_core.package_identification:_identify(src) by extensions ['colcon_pkg']
[0.214s] Level 1:colcon.colcon_core.package_identification:_identify(src) by extension 'colcon_pkg'
[0.214s] Level 1:colcon.colcon_core.package_identification:_identify(src) by extensions ['colcon_meta']
[0.214s] Level 1:colcon.colcon_core.package_identification:_identify(src) by extension 'colcon_meta'
[0.214s] Level 1:colcon.colcon_core.package_identification:_identify(src) by extensions ['ros']
[0.214s] Level 1:colcon.colcon_core.package_identification:_identify(src) by extension 'ros'
[0.214s] Level 1:colcon.colcon_core.package_identification:_identify(src) by extensions ['cmake', 'python']
[0.214s] Level 1:colcon.colcon_core.package_identification:_identify(src) by extension 'cmake'
[0.214s] Level 1:colcon.colcon_core.package_identification:_identify(src) by extension 'python'
[0.214s] Level 1:colcon.colcon_core.package_identification:_identify(src) by extensions ['python_setup_py']
[0.214s] Level 1:colcon.colcon_core.package_identification:_identify(src) by extension 'python_setup_py'
[0.214s] Level 1:colcon.colcon_core.package_identification:_identify(src/robot_interfaces) by extensions ['ignore', 'ignore_ament_install']
[0.214s] Level 1:colcon.colcon_core.package_identification:_identify(src/robot_interfaces) by extension 'ignore'
[0.214s] Level 1:colcon.colcon_core.package_identification:_identify(src/robot_interfaces) by extension 'ignore_ament_install'
[0.214s] Level 1:colcon.colcon_core.package_identification:_identify(src/robot_interfaces) by extensions ['colcon_pkg']
[0.214s] Level 1:colcon.colcon_core.package_identification:_identify(src/robot_interfaces) by extension 'colcon_pkg'
[0.214s] Level 1:colcon.colcon_core.package_identification:_identify(src/robot_interfaces) by extensions ['colcon_meta']
[0.214s] Level 1:colcon.colcon_core.package_identification:_identify(src/robot_interfaces) by extension 'colcon_meta'
[0.214s] Level 1:colcon.colcon_core.package_identification:_identify(src/robot_interfaces) by extensions ['ros']
[0.214s] Level 1:colcon.colcon_core.package_identification:_identify(src/robot_interfaces) by extension 'ros'
[0.216s] DEBUG:colcon.colcon_core.package_identification:Package 'src/robot_interfaces' with type 'ros.ament_cmake' and name 'robot_interfaces'
[0.216s] Level 1:colcon.colcon_core.package_identification:_identify(src/ros2_gui) by extensions ['ignore', 'ignore_ament_install']
[0.216s] Level 1:colcon.colcon_core.package_identification:_identify(src/ros2_gui) by extension 'ignore'
[0.216s] Level 1:colcon.colcon_core.package_identification:_identify(src/ros2_gui) by extension 'ignore_ament_install'
[0.216s] Level 1:colcon.colcon_core.package_identification:_identify(src/ros2_gui) by extensions ['colcon_pkg']
[0.216s] Level 1:colcon.colcon_core.package_identification:_identify(src/ros2_gui) by extension 'colcon_pkg'
[0.216s] Level 1:colcon.colcon_core.package_identification:_identify(src/ros2_gui) by extensions ['colcon_meta']
[0.216s] Level 1:colcon.colcon_core.package_identification:_identify(src/ros2_gui) by extension 'colcon_meta'
[0.216s] Level 1:colcon.colcon_core.package_identification:_identify(src/ros2_gui) by extensions ['ros']
[0.216s] Level 1:colcon.colcon_core.package_identification:_identify(src/ros2_gui) by extension 'ros'
[0.216s] DEBUG:colcon.colcon_core.package_identification:Package 'src/ros2_gui' with type 'ros.ament_python' and name 'ros2_gui'
[0.216s] Level 1:colcon.colcon_core.package_discovery:discover_packages(recursive) using defaults
[0.216s] Level 1:colcon.colcon_core.package_discovery:discover_packages(ignore) discover
[0.216s] Level 1:colcon.colcon_core.package_discovery:discover_packages(ignore) using defaults
[0.216s] Level 1:colcon.colcon_core.package_discovery:discover_packages(path) discover
[0.216s] Level 1:colcon.colcon_core.package_discovery:discover_packages(path) using defaults
[0.229s] Level 1:colcon.colcon_core.package_discovery:discover_packages(prefix_path) check parameters
[0.229s] Level 1:colcon.colcon_core.package_discovery:discover_packages(prefix_path) discover
[0.229s] WARNING:colcon.colcon_ros.prefix_path.ament:The path '/home/kjh/robot_gui_pkg/install/ros2_gui' in the environment variable AMENT_PREFIX_PATH doesn't exist
[0.229s] WARNING:colcon.colcon_ros.prefix_path.ament:The path '/home/kjh/robot_gui_pkg/install/robot_interfaces' in the environment variable AMENT_PREFIX_PATH doesn't exist
[0.229s] WARNING:colcon.colcon_ros.prefix_path.catkin:The path '/home/kjh/robot_gui_pkg/install/robot_interfaces' in the environment variable CMAKE_PREFIX_PATH doesn't exist
[0.230s] DEBUG:colcon.colcon_installed_package_information.package_discovery:Found 0 installed packages in /home/kjh/robot_gui_pkg/install
[0.230s] DEBUG:colcon.colcon_installed_package_information.package_discovery:Found 3 installed packages in /home/kjh/wheelleg_ws/install
[0.231s] DEBUG:colcon.colcon_installed_package_information.package_discovery:Found 1 installed packages in /home/kjh/ros2_ws/install
[0.232s] DEBUG:colcon.colcon_installed_package_information.package_discovery:Found 385 installed packages in /opt/ros/humble
[0.233s] Level 1:colcon.colcon_core.package_discovery:discover_packages(prefix_path) using defaults
[0.268s] Level 5:colcon.colcon_core.verb:set package 'robot_interfaces' build argument 'cmake_args' from command line to 'None'
[0.268s] Level 5:colcon.colcon_core.verb:set package 'robot_interfaces' build argument 'cmake_target' from command line to 'None'
[0.268s] Level 5:colcon.colcon_core.verb:set package 'robot_interfaces' build argument 'cmake_target_skip_unavailable' from command line to 'False'
[0.268s] Level 5:colcon.colcon_core.verb:set package 'robot_interfaces' build argument 'cmake_clean_cache' from command line to 'False'
[0.268s] Level 5:colcon.colcon_core.verb:set package 'robot_interfaces' build argument 'cmake_clean_first' from command line to 'False'
[0.268s] Level 5:colcon.colcon_core.verb:set package 'robot_interfaces' build argument 'cmake_force_configure' from command line to 'False'
[0.268s] Level 5:colcon.colcon_core.verb:set package 'robot_interfaces' build argument 'ament_cmake_args' from command line to 'None'
[0.268s] Level 5:colcon.colcon_core.verb:set package 'robot_interfaces' build argument 'catkin_cmake_args' from command line to 'None'
[0.268s] Level 5:colcon.colcon_core.verb:set package 'robot_interfaces' build argument 'catkin_skip_building_tests' from command line to 'False'
[0.268s] DEBUG:colcon.colcon_core.verb:Building package 'robot_interfaces' with the following arguments: {'ament_cmake_args': None, 'build_base': '/home/kjh/robot_gui_pkg/build/robot_interfaces', 'catkin_cmake_args': None, 'catkin_skip_building_tests': False, 'cmake_args': None, 'cmake_clean_cache': False, 'cmake_clean_first': False, 'cmake_force_configure': False, 'cmake_target': None, 'cmake_target_skip_unavailable': False, 'install_base': '/home/kjh/robot_gui_pkg/install/robot_interfaces', 'merge_install': False, 'path': '/home/kjh/robot_gui_pkg/src/robot_interfaces', 'symlink_install': False, 'test_result_base': None}
[0.269s] Level 5:colcon.colcon_core.verb:set package 'ros2_gui' build argument 'cmake_args' from command line to 'None'
[0.269s] Level 5:colcon.colcon_core.verb:set package 'ros2_gui' build argument 'cmake_target' from command line to 'None'
[0.269s] Level 5:colcon.colcon_core.verb:set package 'ros2_gui' build argument 'cmake_target_skip_unavailable' from command line to 'False'
[0.269s] Level 5:colcon.colcon_core.verb:set package 'ros2_gui' build argument 'cmake_clean_cache' from command line to 'False'
[0.269s] Level 5:colcon.colcon_core.verb:set package 'ros2_gui' build argument 'cmake_clean_first' from command line to 'False'
[0.269s] Level 5:colcon.colcon_core.verb:set package 'ros2_gui' build argument 'cmake_force_configure' from command line to 'False'
[0.269s] Level 5:colcon.colcon_core.verb:set package 'ros2_gui' build argument 'ament_cmake_args' from command line to 'None'
[0.269s] Level 5:colcon.colcon_core.verb:set package 'ros2_gui' build argument 'catkin_cmake_args' from command line to 'None'
[0.269s] Level 5:colcon.colcon_core.verb:set package 'ros2_gui' build argument 'catkin_skip_building_tests' from command line to 'False'
[0.269s] DEBUG:colcon.colcon_core.verb:Building package 'ros2_gui' with the following arguments: {'ament_cmake_args': None, 'build_base': '/home/kjh/robot_gui_pkg/build/ros2_gui', 'catkin_cmake_args': None, 'catkin_skip_building_tests': False, 'cmake_args': None, 'cmake_clean_cache': False, 'cmake_clean_first': False, 'cmake_force_configure': False, 'cmake_target': None, 'cmake_target_skip_unavailable': False, 'install_base': '/home/kjh/robot_gui_pkg/install/ros2_gui', 'merge_install': False, 'path': '/home/kjh/robot_gui_pkg/src/ros2_gui', 'symlink_install': False, 'test_result_base': None}
[0.269s] INFO:colcon.colcon_core.executor:Executing jobs using 'parallel' executor
[0.271s] DEBUG:colcon.colcon_parallel_executor.executor.parallel:run_until_complete
[0.271s] INFO:colcon.colcon_ros.task.ament_cmake.build:Building ROS package in '/home/kjh/robot_gui_pkg/src/robot_interfaces' with build type 'ament_cmake'
[0.271s] INFO:colcon.colcon_cmake.task.cmake.build:Building CMake package in '/home/kjh/robot_gui_pkg/src/robot_interfaces'
[0.273s] INFO:colcon.colcon_core.plugin_system:Skipping extension 'colcon_core.shell.bat': Not used on non-Windows systems
[0.273s] INFO:colcon.colcon_core.shell:Skip shell extension 'powershell' for command environment: Not usable outside of PowerShell
[0.273s] DEBUG:colcon.colcon_core.shell:Skip shell extension 'dsv' for command environment
[0.279s] DEBUG:colcon.colcon_core.event_handler.log_command:Invoking command in '/home/kjh/robot_gui_pkg/build/robot_interfaces': CMAKE_PREFIX_PATH=${CMAKE_PREFIX_PATH}:/home/kjh/robot_gui_pkg/install/ros2_gui:/opt/ros/humble /home/kjh/.local/bin/cmake /home/kjh/robot_gui_pkg/src/robot_interfaces -DCMAKE_INSTALL_PREFIX=/home/kjh/robot_gui_pkg/install/robot_interfaces
[1.505s] DEBUG:colcon.colcon_core.event_handler.log_command:Invoked command in '/home/kjh/robot_gui_pkg/build/robot_interfaces' returned '0': CMAKE_PREFIX_PATH=${CMAKE_PREFIX_PATH}:/home/kjh/robot_gui_pkg/install/ros2_gui:/opt/ros/humble /home/kjh/.local/bin/cmake /home/kjh/robot_gui_pkg/src/robot_interfaces -DCMAKE_INSTALL_PREFIX=/home/kjh/robot_gui_pkg/install/robot_interfaces
[1.505s] DEBUG:colcon.colcon_core.event_handler.log_command:Invoking command in '/home/kjh/robot_gui_pkg/build/robot_interfaces': CMAKE_PREFIX_PATH=${CMAKE_PREFIX_PATH}:/home/kjh/robot_gui_pkg/install/ros2_gui:/opt/ros/humble /home/kjh/.local/bin/cmake --build /home/kjh/robot_gui_pkg/build/robot_interfaces -- -j20 -l20
[3.446s] DEBUG:colcon.colcon_core.event_handler.log_command:Invoked command in '/home/kjh/robot_gui_pkg/build/robot_interfaces' returned '0': CMAKE_PREFIX_PATH=${CMAKE_PREFIX_PATH}:/home/kjh/robot_gui_pkg/install/ros2_gui:/opt/ros/humble /home/kjh/.local/bin/cmake --build /home/kjh/robot_gui_pkg/build/robot_interfaces -- -j20 -l20
[3.912s] DEBUG:colcon.colcon_core.event_handler.log_command:Invoking command in '/home/kjh/robot_gui_pkg/build/robot_interfaces': CMAKE_PREFIX_PATH=${CMAKE_PREFIX_PATH}:/home/kjh/robot_gui_pkg/install/ros2_gui:/opt/ros/humble /home/kjh/.local/bin/cmake --install /home/kjh/robot_gui_pkg/build/robot_interfaces
[3.970s] Level 1:colcon.colcon_core.environment:create_environment_scripts_only(robot_interfaces)
[3.971s] DEBUG:colcon.colcon_core.event_handler.log_command:Invoked command in '/home/kjh/robot_gui_pkg/build/robot_interfaces' returned '0': CMAKE_PREFIX_PATH=${CMAKE_PREFIX_PATH}:/home/kjh/robot_gui_pkg/install/ros2_gui:/opt/ros/humble /home/kjh/.local/bin/cmake --install /home/kjh/robot_gui_pkg/build/robot_interfaces
[3.973s] Level 1:colcon.colcon_core.environment:checking '/home/kjh/robot_gui_pkg/install/robot_interfaces' for CMake module files
[3.973s] Level 1:colcon.colcon_core.environment:checking '/home/kjh/robot_gui_pkg/install/robot_interfaces' for CMake config files
[3.973s] Level 1:colcon.colcon_core.shell:create_environment_hook('robot_interfaces', 'cmake_prefix_path')
[3.974s] INFO:colcon.colcon_core.shell:Creating environment hook '/home/kjh/robot_gui_pkg/install/robot_interfaces/share/robot_interfaces/hook/cmake_prefix_path.ps1'
[3.974s] INFO:colcon.colcon_core.shell:Creating environment descriptor '/home/kjh/robot_gui_pkg/install/robot_interfaces/share/robot_interfaces/hook/cmake_prefix_path.dsv'
[3.974s] INFO:colcon.colcon_core.shell:Creating environment hook '/home/kjh/robot_gui_pkg/install/robot_interfaces/share/robot_interfaces/hook/cmake_prefix_path.sh'
[3.975s] Level 1:colcon.colcon_core.environment:checking '/home/kjh/robot_gui_pkg/install/robot_interfaces/lib'
[3.975s] Level 1:colcon.colcon_core.shell:create_environment_hook('robot_interfaces', 'ld_library_path_lib')
[3.976s] INFO:colcon.colcon_core.shell:Creating environment hook '/home/kjh/robot_gui_pkg/install/robot_interfaces/share/robot_interfaces/hook/ld_library_path_lib.ps1'
[3.976s] INFO:colcon.colcon_core.shell:Creating environment descriptor '/home/kjh/robot_gui_pkg/install/robot_interfaces/share/robot_interfaces/hook/ld_library_path_lib.dsv'
[3.976s] INFO:colcon.colcon_core.shell:Creating environment hook '/home/kjh/robot_gui_pkg/install/robot_interfaces/share/robot_interfaces/hook/ld_library_path_lib.sh'
[3.976s] Level 1:colcon.colcon_core.environment:checking '/home/kjh/robot_gui_pkg/install/robot_interfaces/bin'
[3.976s] Level 1:colcon.colcon_core.environment:checking '/home/kjh/robot_gui_pkg/install/robot_interfaces/lib/pkgconfig/robot_interfaces.pc'
[3.976s] Level 1:colcon.colcon_core.environment:checking '/home/kjh/robot_gui_pkg/install/robot_interfaces/lib/python3.10/site-packages'
[3.976s] Level 1:colcon.colcon_core.environment:checking '/home/kjh/robot_gui_pkg/install/robot_interfaces/bin'
[3.977s] INFO:colcon.colcon_core.shell:Creating package script '/home/kjh/robot_gui_pkg/install/robot_interfaces/share/robot_interfaces/package.ps1'
[3.978s] INFO:colcon.colcon_core.shell:Creating package descriptor '/home/kjh/robot_gui_pkg/install/robot_interfaces/share/robot_interfaces/package.dsv'
[3.978s] INFO:colcon.colcon_core.shell:Creating package script '/home/kjh/robot_gui_pkg/install/robot_interfaces/share/robot_interfaces/package.sh'
[3.978s] INFO:colcon.colcon_core.shell:Creating package script '/home/kjh/robot_gui_pkg/install/robot_interfaces/share/robot_interfaces/package.bash'
[3.979s] INFO:colcon.colcon_core.shell:Creating package script '/home/kjh/robot_gui_pkg/install/robot_interfaces/share/robot_interfaces/package.zsh'
[3.979s] Level 1:colcon.colcon_core.environment:create_file_with_runtime_dependencies(/home/kjh/robot_gui_pkg/install/robot_interfaces/share/colcon-core/packages/robot_interfaces)
[4.429s] Level 1:colcon.colcon_core.environment:create_environment_scripts_only(robot_interfaces)
[4.434s] Level 1:colcon.colcon_core.environment:checking '/home/kjh/robot_gui_pkg/install/robot_interfaces' for CMake module files
[4.436s] Level 1:colcon.colcon_core.environment:checking '/home/kjh/robot_gui_pkg/install/robot_interfaces' for CMake config files
[4.437s] Level 1:colcon.colcon_core.shell:create_environment_hook('robot_interfaces', 'cmake_prefix_path')
[4.441s] INFO:colcon.colcon_core.shell:Creating environment hook '/home/kjh/robot_gui_pkg/install/robot_interfaces/share/robot_interfaces/hook/cmake_prefix_path.ps1'
[4.442s] INFO:colcon.colcon_core.shell:Creating environment descriptor '/home/kjh/robot_gui_pkg/install/robot_interfaces/share/robot_interfaces/hook/cmake_prefix_path.dsv'
[4.442s] INFO:colcon.colcon_core.shell:Creating environment hook '/home/kjh/robot_gui_pkg/install/robot_interfaces/share/robot_interfaces/hook/cmake_prefix_path.sh'
[4.443s] Level 1:colcon.colcon_core.environment:checking '/home/kjh/robot_gui_pkg/install/robot_interfaces/lib'
[4.443s] Level 1:colcon.colcon_core.shell:create_environment_hook('robot_interfaces', 'ld_library_path_lib')
[4.446s] INFO:colcon.colcon_core.shell:Creating environment hook '/home/kjh/robot_gui_pkg/install/robot_interfaces/share/robot_interfaces/hook/ld_library_path_lib.ps1'
[4.446s] INFO:colcon.colcon_core.shell:Creating environment descriptor '/home/kjh/robot_gui_pkg/install/robot_interfaces/share/robot_interfaces/hook/ld_library_path_lib.dsv'
[4.446s] INFO:colcon.colcon_core.shell:Creating environment hook '/home/kjh/robot_gui_pkg/install/robot_interfaces/share/robot_interfaces/hook/ld_library_path_lib.sh'
[4.447s] Level 1:colcon.colcon_core.environment:checking '/home/kjh/robot_gui_pkg/install/robot_interfaces/bin'
[4.447s] Level 1:colcon.colcon_core.environment:checking '/home/kjh/robot_gui_pkg/install/robot_interfaces/lib/pkgconfig/robot_interfaces.pc'
[4.447s] Level 1:colcon.colcon_core.environment:checking '/home/kjh/robot_gui_pkg/install/robot_interfaces/lib/python3.10/site-packages'
[4.447s] Level 1:colcon.colcon_core.environment:checking '/home/kjh/robot_gui_pkg/install/robot_interfaces/bin'
[4.449s] INFO:colcon.colcon_core.shell:Creating package script '/home/kjh/robot_gui_pkg/install/robot_interfaces/share/robot_interfaces/package.ps1'
[4.449s] INFO:colcon.colcon_core.shell:Creating package descriptor '/home/kjh/robot_gui_pkg/install/robot_interfaces/share/robot_interfaces/package.dsv'
[4.449s] INFO:colcon.colcon_core.shell:Creating package script '/home/kjh/robot_gui_pkg/install/robot_interfaces/share/robot_interfaces/package.sh'
[4.450s] INFO:colcon.colcon_core.shell:Creating package script '/home/kjh/robot_gui_pkg/install/robot_interfaces/share/robot_interfaces/package.bash'
[4.450s] INFO:colcon.colcon_core.shell:Creating package script '/home/kjh/robot_gui_pkg/install/robot_interfaces/share/robot_interfaces/package.zsh'
[4.450s] Level 1:colcon.colcon_core.environment:create_file_with_runtime_dependencies(/home/kjh/robot_gui_pkg/install/robot_interfaces/share/colcon-core/packages/robot_interfaces)
[4.450s] INFO:colcon.colcon_ros.task.ament_python.build:Building ROS package in '/home/kjh/robot_gui_pkg/src/ros2_gui' with build type 'ament_python'
[4.450s] Level 1:colcon.colcon_core.shell:create_environment_hook('ros2_gui', 'ament_prefix_path')
[4.451s] INFO:colcon.colcon_core.shell:Creating environment hook '/home/kjh/robot_gui_pkg/install/ros2_gui/share/ros2_gui/hook/ament_prefix_path.ps1'
[4.452s] INFO:colcon.colcon_core.shell:Creating environment descriptor '/home/kjh/robot_gui_pkg/install/ros2_gui/share/ros2_gui/hook/ament_prefix_path.dsv'
[4.452s] INFO:colcon.colcon_core.shell:Creating environment hook '/home/kjh/robot_gui_pkg/install/ros2_gui/share/ros2_gui/hook/ament_prefix_path.sh'
[4.453s] INFO:colcon.colcon_core.shell:Skip shell extension 'powershell' for command environment: Not usable outside of PowerShell
[4.453s] DEBUG:colcon.colcon_core.shell:Skip shell extension 'dsv' for command environment
[4.615s] INFO:colcon.colcon_core.task.python.build:Building Python package in '/home/kjh/robot_gui_pkg/src/ros2_gui'
[4.616s] INFO:colcon.colcon_core.shell:Skip shell extension 'powershell' for command environment: Not usable outside of PowerShell
[4.616s] DEBUG:colcon.colcon_core.shell:Skip shell extension 'dsv' for command environment
[4.858s] DEBUG:colcon.colcon_core.event_handler.log_command:Invoking command in '/home/kjh/robot_gui_pkg/src/ros2_gui': PYTHONPATH=/home/kjh/robot_gui_pkg/build/ros2_gui/prefix_override:/home/kjh/robot_gui_pkg/install/ros2_gui/lib/python3.10/site-packages:${PYTHONPATH} /usr/bin/python3 setup.py egg_info --egg-base ../../build/ros2_gui build --build-base /home/kjh/robot_gui_pkg/build/ros2_gui/build install --record /home/kjh/robot_gui_pkg/build/ros2_gui/install.log --single-version-externally-managed
[5.034s] Level 1:colcon.colcon_core.environment:checking '/home/kjh/robot_gui_pkg/install/ros2_gui' for CMake module files
[5.034s] DEBUG:colcon.colcon_core.event_handler.log_command:Invoked command in '/home/kjh/robot_gui_pkg/src/ros2_gui' returned '0': PYTHONPATH=/home/kjh/robot_gui_pkg/build/ros2_gui/prefix_override:/home/kjh/robot_gui_pkg/install/ros2_gui/lib/python3.10/site-packages:${PYTHONPATH} /usr/bin/python3 setup.py egg_info --egg-base ../../build/ros2_gui build --build-base /home/kjh/robot_gui_pkg/build/ros2_gui/build install --record /home/kjh/robot_gui_pkg/build/ros2_gui/install.log --single-version-externally-managed
[5.034s] Level 1:colcon.colcon_core.environment:checking '/home/kjh/robot_gui_pkg/install/ros2_gui' for CMake config files
[5.034s] Level 1:colcon.colcon_core.environment:checking '/home/kjh/robot_gui_pkg/install/ros2_gui/lib'
[5.034s] Level 1:colcon.colcon_core.environment:checking '/home/kjh/robot_gui_pkg/install/ros2_gui/bin'
[5.034s] Level 1:colcon.colcon_core.environment:checking '/home/kjh/robot_gui_pkg/install/ros2_gui/lib/pkgconfig/ros2_gui.pc'
[5.034s] Level 1:colcon.colcon_core.environment:checking '/home/kjh/robot_gui_pkg/install/ros2_gui/lib/python3.10/site-packages'
[5.034s] Level 1:colcon.colcon_core.shell:create_environment_hook('ros2_gui', 'pythonpath')
[5.035s] INFO:colcon.colcon_core.shell:Creating environment hook '/home/kjh/robot_gui_pkg/install/ros2_gui/share/ros2_gui/hook/pythonpath.ps1'
[5.035s] INFO:colcon.colcon_core.shell:Creating environment descriptor '/home/kjh/robot_gui_pkg/install/ros2_gui/share/ros2_gui/hook/pythonpath.dsv'
[5.036s] INFO:colcon.colcon_core.shell:Creating environment hook '/home/kjh/robot_gui_pkg/install/ros2_gui/share/ros2_gui/hook/pythonpath.sh'
[5.036s] Level 1:colcon.colcon_core.environment:checking '/home/kjh/robot_gui_pkg/install/ros2_gui/bin'
[5.036s] Level 1:colcon.colcon_core.environment:create_environment_scripts_only(ros2_gui)
[5.037s] INFO:colcon.colcon_core.shell:Creating package script '/home/kjh/robot_gui_pkg/install/ros2_gui/share/ros2_gui/package.ps1'
[5.037s] INFO:colcon.colcon_core.shell:Creating package descriptor '/home/kjh/robot_gui_pkg/install/ros2_gui/share/ros2_gui/package.dsv'
[5.037s] INFO:colcon.colcon_core.shell:Creating package script '/home/kjh/robot_gui_pkg/install/ros2_gui/share/ros2_gui/package.sh'
[5.037s] INFO:colcon.colcon_core.shell:Creating package script '/home/kjh/robot_gui_pkg/install/ros2_gui/share/ros2_gui/package.bash'
[5.037s] INFO:colcon.colcon_core.shell:Creating package script '/home/kjh/robot_gui_pkg/install/ros2_gui/share/ros2_gui/package.zsh'
[5.037s] Level 1:colcon.colcon_core.environment:create_file_with_runtime_dependencies(/home/kjh/robot_gui_pkg/install/ros2_gui/share/colcon-core/packages/ros2_gui)
[5.037s] DEBUG:colcon.colcon_parallel_executor.executor.parallel:closing loop
[5.038s] DEBUG:colcon.colcon_parallel_executor.executor.parallel:loop closed
[5.038s] DEBUG:colcon.colcon_parallel_executor.executor.parallel:run_until_complete finished with '0'
[5.038s] DEBUG:colcon.colcon_core.event_reactor:joining thread
[5.040s] INFO:colcon.colcon_core.plugin_system:Skipping extension 'colcon_notification.desktop_notification.terminal_notifier': Not used on non-Darwin systems
[5.040s] INFO:colcon.colcon_core.plugin_system:Skipping extension 'colcon_notification.desktop_notification.win32': Not used on non-Windows systems
[5.040s] INFO:colcon.colcon_notification.desktop_notification:Sending desktop notification using 'notify2'
[5.047s] DEBUG:colcon.colcon_core.event_reactor:joined thread
[5.047s] INFO:colcon.colcon_core.shell:Creating prefix script '/home/kjh/robot_gui_pkg/install/local_setup.ps1'
[5.048s] INFO:colcon.colcon_core.shell:Creating prefix util module '/home/kjh/robot_gui_pkg/install/_local_setup_util_ps1.py'
[5.049s] INFO:colcon.colcon_core.shell:Creating prefix chain script '/home/kjh/robot_gui_pkg/install/setup.ps1'
[5.049s] INFO:colcon.colcon_core.shell:Creating prefix script '/home/kjh/robot_gui_pkg/install/local_setup.sh'
[5.050s] INFO:colcon.colcon_core.shell:Creating prefix util module '/home/kjh/robot_gui_pkg/install/_local_setup_util_sh.py'
[5.050s] INFO:colcon.colcon_core.shell:Creating prefix chain script '/home/kjh/robot_gui_pkg/install/setup.sh'
[5.051s] INFO:colcon.colcon_core.shell:Creating prefix script '/home/kjh/robot_gui_pkg/install/local_setup.bash'
[5.051s] INFO:colcon.colcon_core.shell:Creating prefix chain script '/home/kjh/robot_gui_pkg/install/setup.bash'
[5.052s] INFO:colcon.colcon_core.shell:Creating prefix script '/home/kjh/robot_gui_pkg/install/local_setup.zsh'
[5.052s] INFO:colcon.colcon_core.shell:Creating prefix chain script '/home/kjh/robot_gui_pkg/install/setup.zsh'
