[0.007s] Invoking command in '/home/kjh/robot_gui_pkg/build/robot_interfaces': CMAKE_PREFIX_PATH=${CMAKE_PREFIX_PATH}:/home/kjh/robot_gui_pkg/install/ros2_gui:/opt/ros/humble /home/kjh/.local/bin/cmake --build /home/kjh/robot_gui_pkg/build/robot_interfaces -- -j20 -l20
[0.035s] [  1%] Built target robot_interfaces__cpp
[0.036s] [ 12%] Built target robot_interfaces__rosidl_generator_c
[0.037s] [ 12%] Built target ament_cmake_python_copy_robot_interfaces
[0.043s] [ 24%] Built target robot_interfaces__rosidl_typesupport_cpp
[0.044s] [ 40%] Built target robot_interfaces__rosidl_typesupport_c
[0.044s] [ 49%] Built target robot_interfaces__rosidl_typesupport_fastrtps_cpp
[0.044s] [ 58%] Built target robot_interfaces__rosidl_typesupport_introspection_cpp
[0.044s] [ 70%] Built target robot_interfaces__rosidl_typesupport_introspection_c
[0.045s] [ 81%] Built target robot_interfaces__rosidl_typesupport_fastrtps_c
[0.050s] [ 81%] Built target robot_interfaces
[0.055s] [ 82%] Built target robot_interfaces__py
[0.063s] [ 93%] Built target robot_interfaces__rosidl_generator_py
[0.069s] [ 97%] Built target robot_interfaces__rosidl_typesupport_introspection_c__pyext
[0.069s] [ 97%] Built target robot_interfaces__rosidl_typesupport_fastrtps_c__pyext
[0.069s] [100%] Built target robot_interfaces__rosidl_typesupport_c__pyext
[0.180s] running egg_info
[0.181s] writing robot_interfaces.egg-info/PKG-INFO
[0.181s] writing dependency_links to robot_interfaces.egg-info/dependency_links.txt
[0.181s] writing top-level names to robot_interfaces.egg-info/top_level.txt
[0.182s] reading manifest file 'robot_interfaces.egg-info/SOURCES.txt'
[0.182s] writing manifest file 'robot_interfaces.egg-info/SOURCES.txt'
[0.193s] [100%] Built target ament_cmake_python_build_robot_interfaces_egg
[0.199s] Invoked command in '/home/kjh/robot_gui_pkg/build/robot_interfaces' returned '0': CMAKE_PREFIX_PATH=${CMAKE_PREFIX_PATH}:/home/kjh/robot_gui_pkg/install/ros2_gui:/opt/ros/humble /home/kjh/.local/bin/cmake --build /home/kjh/robot_gui_pkg/build/robot_interfaces -- -j20 -l20
[0.656s] Invoking command in '/home/kjh/robot_gui_pkg/build/robot_interfaces': CMAKE_PREFIX_PATH=${CMAKE_PREFIX_PATH}:/home/kjh/robot_gui_pkg/install/ros2_gui:/opt/ros/humble /home/kjh/.local/bin/cmake --install /home/kjh/robot_gui_pkg/build/robot_interfaces
[0.672s] -- Install configuration: ""
[0.672s] -- Up-to-date: /home/kjh/robot_gui_pkg/install/robot_interfaces/share/ament_index/resource_index/rosidl_interfaces/robot_interfaces
[0.672s] -- Up-to-date: /home/kjh/robot_gui_pkg/install/robot_interfaces/include/robot_interfaces/robot_interfaces
[0.672s] -- Up-to-date: /home/kjh/robot_gui_pkg/install/robot_interfaces/include/robot_interfaces/robot_interfaces/msg
[0.672s] -- Up-to-date: /home/kjh/robot_gui_pkg/install/robot_interfaces/include/robot_interfaces/robot_interfaces/msg/bridge_dt.h
[0.673s] -- Up-to-date: /home/kjh/robot_gui_pkg/install/robot_interfaces/include/robot_interfaces/robot_interfaces/msg/bridge_robot_status.h
[0.673s] -- Up-to-date: /home/kjh/robot_gui_pkg/install/robot_interfaces/include/robot_interfaces/robot_interfaces/msg/bridge_bool_multi_array.h
[0.673s] -- Up-to-date: /home/kjh/robot_gui_pkg/install/robot_interfaces/include/robot_interfaces/robot_interfaces/msg/bridge_float32_multi_array.h
[0.673s] -- Up-to-date: /home/kjh/robot_gui_pkg/install/robot_interfaces/include/robot_interfaces/robot_interfaces/msg/bridge_error.h
[0.673s] -- Up-to-date: /home/kjh/robot_gui_pkg/install/robot_interfaces/include/robot_interfaces/robot_interfaces/msg/bridge_string_multi_array.h
[0.673s] -- Up-to-date: /home/kjh/robot_gui_pkg/install/robot_interfaces/include/robot_interfaces/robot_interfaces/msg/rosidl_generator_c__visibility_control.h
[0.673s] -- Up-to-date: /home/kjh/robot_gui_pkg/install/robot_interfaces/include/robot_interfaces/robot_interfaces/msg/detail
[0.673s] -- Up-to-date: /home/kjh/robot_gui_pkg/install/robot_interfaces/include/robot_interfaces/robot_interfaces/msg/detail/bridge_current__struct.h
[0.673s] -- Up-to-date: /home/kjh/robot_gui_pkg/install/robot_interfaces/include/robot_interfaces/robot_interfaces/msg/detail/bridge_dt__functions.h
[0.673s] -- Up-to-date: /home/kjh/robot_gui_pkg/install/robot_interfaces/include/robot_interfaces/robot_interfaces/msg/detail/bridge_bool_multi_array__functions.h
[0.673s] -- Up-to-date: /home/kjh/robot_gui_pkg/install/robot_interfaces/include/robot_interfaces/robot_interfaces/msg/detail/bridge_dt__functions.c
[0.673s] -- Up-to-date: /home/kjh/robot_gui_pkg/install/robot_interfaces/include/robot_interfaces/robot_interfaces/msg/detail/bridge_error__functions.h
[0.673s] -- Up-to-date: /home/kjh/robot_gui_pkg/install/robot_interfaces/include/robot_interfaces/robot_interfaces/msg/detail/bridge_dt__struct.h
[0.673s] -- Up-to-date: /home/kjh/robot_gui_pkg/install/robot_interfaces/include/robot_interfaces/robot_interfaces/msg/detail/bridge_bool_multi_array__functions.c
[0.673s] -- Up-to-date: /home/kjh/robot_gui_pkg/install/robot_interfaces/include/robot_interfaces/robot_interfaces/msg/detail/bridge_error__struct.h
[0.673s] -- Up-to-date: /home/kjh/robot_gui_pkg/install/robot_interfaces/include/robot_interfaces/robot_interfaces/msg/detail/bridge_float32_multi_array__functions.c
[0.673s] -- Up-to-date: /home/kjh/robot_gui_pkg/install/robot_interfaces/include/robot_interfaces/robot_interfaces/msg/detail/bridge_robot_status__struct.h
[0.673s] -- Up-to-date: /home/kjh/robot_gui_pkg/install/robot_interfaces/include/robot_interfaces/robot_interfaces/msg/detail/bridge_string_multi_array__functions.c
[0.673s] -- Up-to-date: /home/kjh/robot_gui_pkg/install/robot_interfaces/include/robot_interfaces/robot_interfaces/msg/detail/bridge_error__type_support.h
[0.673s] -- Up-to-date: /home/kjh/robot_gui_pkg/install/robot_interfaces/include/robot_interfaces/robot_interfaces/msg/detail/bridge_float32_multi_array__functions.h
[0.673s] -- Up-to-date: /home/kjh/robot_gui_pkg/install/robot_interfaces/include/robot_interfaces/robot_interfaces/msg/detail/bridge_robot_status__functions.c
[0.673s] -- Up-to-date: /home/kjh/robot_gui_pkg/install/robot_interfaces/include/robot_interfaces/robot_interfaces/msg/detail/bridge_string_multi_array__functions.h
[0.673s] -- Up-to-date: /home/kjh/robot_gui_pkg/install/robot_interfaces/include/robot_interfaces/robot_interfaces/msg/detail/bridge_error__functions.c
[0.673s] -- Up-to-date: /home/kjh/robot_gui_pkg/install/robot_interfaces/include/robot_interfaces/robot_interfaces/msg/detail/bridge_current__functions.c
[0.673s] -- Up-to-date: /home/kjh/robot_gui_pkg/install/robot_interfaces/include/robot_interfaces/robot_interfaces/msg/detail/bridge_bool_multi_array__struct.h
[0.673s] -- Up-to-date: /home/kjh/robot_gui_pkg/install/robot_interfaces/include/robot_interfaces/robot_interfaces/msg/detail/bridge_joint_state_with_accel__functions.c
[0.673s] -- Up-to-date: /home/kjh/robot_gui_pkg/install/robot_interfaces/include/robot_interfaces/robot_interfaces/msg/detail/bridge_float32_multi_array__type_support.h
[0.673s] -- Up-to-date: /home/kjh/robot_gui_pkg/install/robot_interfaces/include/robot_interfaces/robot_interfaces/msg/detail/bridge_string_multi_array__struct.h
[0.673s] -- Up-to-date: /home/kjh/robot_gui_pkg/install/robot_interfaces/include/robot_interfaces/robot_interfaces/msg/detail/bridge_current__type_support.h
[0.673s] -- Up-to-date: /home/kjh/robot_gui_pkg/install/robot_interfaces/include/robot_interfaces/robot_interfaces/msg/detail/bridge_string_multi_array__type_support.h
[0.673s] -- Up-to-date: /home/kjh/robot_gui_pkg/install/robot_interfaces/include/robot_interfaces/robot_interfaces/msg/detail/bridge_robot_status__type_support.h
[0.673s] -- Up-to-date: /home/kjh/robot_gui_pkg/install/robot_interfaces/include/robot_interfaces/robot_interfaces/msg/detail/bridge_joint_state_with_accel__type_support.h
[0.673s] -- Up-to-date: /home/kjh/robot_gui_pkg/install/robot_interfaces/include/robot_interfaces/robot_interfaces/msg/detail/bridge_float32_multi_array__struct.h
[0.673s] -- Up-to-date: /home/kjh/robot_gui_pkg/install/robot_interfaces/include/robot_interfaces/robot_interfaces/msg/detail/bridge_dt__type_support.h
[0.673s] -- Up-to-date: /home/kjh/robot_gui_pkg/install/robot_interfaces/include/robot_interfaces/robot_interfaces/msg/detail/bridge_joint_state_with_accel__functions.h
[0.674s] -- Up-to-date: /home/kjh/robot_gui_pkg/install/robot_interfaces/include/robot_interfaces/robot_interfaces/msg/detail/bridge_bool_multi_array__type_support.h
[0.674s] -- Up-to-date: /home/kjh/robot_gui_pkg/install/robot_interfaces/include/robot_interfaces/robot_interfaces/msg/detail/bridge_robot_status__functions.h
[0.674s] -- Up-to-date: /home/kjh/robot_gui_pkg/install/robot_interfaces/include/robot_interfaces/robot_interfaces/msg/detail/bridge_joint_state_with_accel__struct.h
[0.674s] -- Up-to-date: /home/kjh/robot_gui_pkg/install/robot_interfaces/include/robot_interfaces/robot_interfaces/msg/detail/bridge_current__functions.h
[0.674s] -- Up-to-date: /home/kjh/robot_gui_pkg/install/robot_interfaces/include/robot_interfaces/robot_interfaces/msg/bridge_joint_state_with_accel.h
[0.674s] -- Up-to-date: /home/kjh/robot_gui_pkg/install/robot_interfaces/include/robot_interfaces/robot_interfaces/msg/bridge_current.h
[0.674s] -- Up-to-date: /home/kjh/robot_gui_pkg/install/robot_interfaces/share/robot_interfaces/environment/library_path.sh
[0.674s] -- Up-to-date: /home/kjh/robot_gui_pkg/install/robot_interfaces/share/robot_interfaces/environment/library_path.dsv
[0.674s] -- Up-to-date: /home/kjh/robot_gui_pkg/install/robot_interfaces/lib/librobot_interfaces__rosidl_generator_c.so
[0.674s] -- Up-to-date: /home/kjh/robot_gui_pkg/install/robot_interfaces/include/robot_interfaces/robot_interfaces
[0.674s] -- Up-to-date: /home/kjh/robot_gui_pkg/install/robot_interfaces/include/robot_interfaces/robot_interfaces/msg
[0.674s] -- Up-to-date: /home/kjh/robot_gui_pkg/install/robot_interfaces/include/robot_interfaces/robot_interfaces/msg/detail
[0.674s] -- Up-to-date: /home/kjh/robot_gui_pkg/install/robot_interfaces/include/robot_interfaces/robot_interfaces/msg/detail/bridge_float32_multi_array__rosidl_typesupport_fastrtps_c.h
[0.674s] -- Up-to-date: /home/kjh/robot_gui_pkg/install/robot_interfaces/include/robot_interfaces/robot_interfaces/msg/detail/bridge_current__rosidl_typesupport_fastrtps_c.h
[0.674s] -- Up-to-date: /home/kjh/robot_gui_pkg/install/robot_interfaces/include/robot_interfaces/robot_interfaces/msg/detail/bridge_joint_state_with_accel__rosidl_typesupport_fastrtps_c.h
[0.674s] -- Up-to-date: /home/kjh/robot_gui_pkg/install/robot_interfaces/include/robot_interfaces/robot_interfaces/msg/detail/bridge_robot_status__rosidl_typesupport_fastrtps_c.h
[0.674s] -- Up-to-date: /home/kjh/robot_gui_pkg/install/robot_interfaces/include/robot_interfaces/robot_interfaces/msg/detail/bridge_error__rosidl_typesupport_fastrtps_c.h
[0.674s] -- Up-to-date: /home/kjh/robot_gui_pkg/install/robot_interfaces/include/robot_interfaces/robot_interfaces/msg/detail/bridge_dt__rosidl_typesupport_fastrtps_c.h
[0.674s] -- Up-to-date: /home/kjh/robot_gui_pkg/install/robot_interfaces/include/robot_interfaces/robot_interfaces/msg/detail/bridge_string_multi_array__rosidl_typesupport_fastrtps_c.h
[0.674s] -- Up-to-date: /home/kjh/robot_gui_pkg/install/robot_interfaces/include/robot_interfaces/robot_interfaces/msg/detail/bridge_bool_multi_array__rosidl_typesupport_fastrtps_c.h
[0.674s] -- Up-to-date: /home/kjh/robot_gui_pkg/install/robot_interfaces/include/robot_interfaces/robot_interfaces/msg/rosidl_typesupport_fastrtps_c__visibility_control.h
[0.674s] -- Up-to-date: /home/kjh/robot_gui_pkg/install/robot_interfaces/lib/librobot_interfaces__rosidl_typesupport_fastrtps_c.so
[0.674s] -- Up-to-date: /home/kjh/robot_gui_pkg/install/robot_interfaces/include/robot_interfaces/robot_interfaces
[0.674s] -- Up-to-date: /home/kjh/robot_gui_pkg/install/robot_interfaces/include/robot_interfaces/robot_interfaces/msg
[0.674s] -- Up-to-date: /home/kjh/robot_gui_pkg/install/robot_interfaces/include/robot_interfaces/robot_interfaces/msg/bridge_error.hpp
[0.674s] -- Up-to-date: /home/kjh/robot_gui_pkg/install/robot_interfaces/include/robot_interfaces/robot_interfaces/msg/bridge_robot_status.hpp
[0.674s] -- Up-to-date: /home/kjh/robot_gui_pkg/install/robot_interfaces/include/robot_interfaces/robot_interfaces/msg/bridge_dt.hpp
[0.674s] -- Up-to-date: /home/kjh/robot_gui_pkg/install/robot_interfaces/include/robot_interfaces/robot_interfaces/msg/bridge_joint_state_with_accel.hpp
[0.674s] -- Up-to-date: /home/kjh/robot_gui_pkg/install/robot_interfaces/include/robot_interfaces/robot_interfaces/msg/detail
[0.674s] -- Up-to-date: /home/kjh/robot_gui_pkg/install/robot_interfaces/include/robot_interfaces/robot_interfaces/msg/detail/bridge_float32_multi_array__traits.hpp
[0.674s] -- Up-to-date: /home/kjh/robot_gui_pkg/install/robot_interfaces/include/robot_interfaces/robot_interfaces/msg/detail/bridge_robot_status__struct.hpp
[0.674s] -- Up-to-date: /home/kjh/robot_gui_pkg/install/robot_interfaces/include/robot_interfaces/robot_interfaces/msg/detail/bridge_robot_status__builder.hpp
[0.674s] -- Up-to-date: /home/kjh/robot_gui_pkg/install/robot_interfaces/include/robot_interfaces/robot_interfaces/msg/detail/bridge_string_multi_array__struct.hpp
[0.674s] -- Up-to-date: /home/kjh/robot_gui_pkg/install/robot_interfaces/include/robot_interfaces/robot_interfaces/msg/detail/bridge_string_multi_array__traits.hpp
[0.674s] -- Up-to-date: /home/kjh/robot_gui_pkg/install/robot_interfaces/include/robot_interfaces/robot_interfaces/msg/detail/bridge_joint_state_with_accel__builder.hpp
[0.674s] -- Up-to-date: /home/kjh/robot_gui_pkg/install/robot_interfaces/include/robot_interfaces/robot_interfaces/msg/detail/bridge_error__struct.hpp
[0.675s] -- Up-to-date: /home/kjh/robot_gui_pkg/install/robot_interfaces/include/robot_interfaces/robot_interfaces/msg/detail/bridge_float32_multi_array__builder.hpp
[0.675s] -- Up-to-date: /home/kjh/robot_gui_pkg/install/robot_interfaces/include/robot_interfaces/robot_interfaces/msg/detail/bridge_current__struct.hpp
[0.675s] -- Up-to-date: /home/kjh/robot_gui_pkg/install/robot_interfaces/include/robot_interfaces/robot_interfaces/msg/detail/bridge_dt__builder.hpp
[0.675s] -- Up-to-date: /home/kjh/robot_gui_pkg/install/robot_interfaces/include/robot_interfaces/robot_interfaces/msg/detail/bridge_robot_status__traits.hpp
[0.675s] -- Up-to-date: /home/kjh/robot_gui_pkg/install/robot_interfaces/include/robot_interfaces/robot_interfaces/msg/detail/bridge_dt__struct.hpp
[0.675s] -- Up-to-date: /home/kjh/robot_gui_pkg/install/robot_interfaces/include/robot_interfaces/robot_interfaces/msg/detail/bridge_current__traits.hpp
[0.675s] -- Up-to-date: /home/kjh/robot_gui_pkg/install/robot_interfaces/include/robot_interfaces/robot_interfaces/msg/detail/bridge_bool_multi_array__builder.hpp
[0.675s] -- Up-to-date: /home/kjh/robot_gui_pkg/install/robot_interfaces/include/robot_interfaces/robot_interfaces/msg/detail/bridge_joint_state_with_accel__traits.hpp
[0.675s] -- Up-to-date: /home/kjh/robot_gui_pkg/install/robot_interfaces/include/robot_interfaces/robot_interfaces/msg/detail/bridge_joint_state_with_accel__struct.hpp
[0.675s] -- Up-to-date: /home/kjh/robot_gui_pkg/install/robot_interfaces/include/robot_interfaces/robot_interfaces/msg/detail/bridge_error__builder.hpp
[0.675s] -- Up-to-date: /home/kjh/robot_gui_pkg/install/robot_interfaces/include/robot_interfaces/robot_interfaces/msg/detail/bridge_error__traits.hpp
[0.675s] -- Up-to-date: /home/kjh/robot_gui_pkg/install/robot_interfaces/include/robot_interfaces/robot_interfaces/msg/detail/bridge_string_multi_array__builder.hpp
[0.675s] -- Up-to-date: /home/kjh/robot_gui_pkg/install/robot_interfaces/include/robot_interfaces/robot_interfaces/msg/detail/bridge_bool_multi_array__traits.hpp
[0.675s] -- Up-to-date: /home/kjh/robot_gui_pkg/install/robot_interfaces/include/robot_interfaces/robot_interfaces/msg/detail/bridge_dt__traits.hpp
[0.675s] -- Up-to-date: /home/kjh/robot_gui_pkg/install/robot_interfaces/include/robot_interfaces/robot_interfaces/msg/detail/bridge_float32_multi_array__struct.hpp
[0.675s] -- Up-to-date: /home/kjh/robot_gui_pkg/install/robot_interfaces/include/robot_interfaces/robot_interfaces/msg/detail/bridge_bool_multi_array__struct.hpp
[0.675s] -- Up-to-date: /home/kjh/robot_gui_pkg/install/robot_interfaces/include/robot_interfaces/robot_interfaces/msg/detail/bridge_current__builder.hpp
[0.675s] -- Up-to-date: /home/kjh/robot_gui_pkg/install/robot_interfaces/include/robot_interfaces/robot_interfaces/msg/bridge_float32_multi_array.hpp
[0.675s] -- Up-to-date: /home/kjh/robot_gui_pkg/install/robot_interfaces/include/robot_interfaces/robot_interfaces/msg/bridge_bool_multi_array.hpp
[0.675s] -- Up-to-date: /home/kjh/robot_gui_pkg/install/robot_interfaces/include/robot_interfaces/robot_interfaces/msg/bridge_string_multi_array.hpp
[0.675s] -- Up-to-date: /home/kjh/robot_gui_pkg/install/robot_interfaces/include/robot_interfaces/robot_interfaces/msg/bridge_current.hpp
[0.675s] -- Up-to-date: /home/kjh/robot_gui_pkg/install/robot_interfaces/include/robot_interfaces/robot_interfaces
[0.675s] -- Up-to-date: /home/kjh/robot_gui_pkg/install/robot_interfaces/include/robot_interfaces/robot_interfaces/msg
[0.675s] -- Up-to-date: /home/kjh/robot_gui_pkg/install/robot_interfaces/include/robot_interfaces/robot_interfaces/msg/rosidl_typesupport_fastrtps_cpp__visibility_control.h
[0.675s] -- Up-to-date: /home/kjh/robot_gui_pkg/install/robot_interfaces/include/robot_interfaces/robot_interfaces/msg/detail
[0.675s] -- Up-to-date: /home/kjh/robot_gui_pkg/install/robot_interfaces/include/robot_interfaces/robot_interfaces/msg/detail/dds_fastrtps
[0.675s] -- Up-to-date: /home/kjh/robot_gui_pkg/install/robot_interfaces/include/robot_interfaces/robot_interfaces/msg/detail/bridge_error__rosidl_typesupport_fastrtps_cpp.hpp
[0.675s] -- Up-to-date: /home/kjh/robot_gui_pkg/install/robot_interfaces/include/robot_interfaces/robot_interfaces/msg/detail/bridge_joint_state_with_accel__rosidl_typesupport_fastrtps_cpp.hpp
[0.675s] -- Up-to-date: /home/kjh/robot_gui_pkg/install/robot_interfaces/include/robot_interfaces/robot_interfaces/msg/detail/bridge_float32_multi_array__rosidl_typesupport_fastrtps_cpp.hpp
[0.675s] -- Up-to-date: /home/kjh/robot_gui_pkg/install/robot_interfaces/include/robot_interfaces/robot_interfaces/msg/detail/bridge_dt__rosidl_typesupport_fastrtps_cpp.hpp
[0.675s] -- Up-to-date: /home/kjh/robot_gui_pkg/install/robot_interfaces/include/robot_interfaces/robot_interfaces/msg/detail/bridge_string_multi_array__rosidl_typesupport_fastrtps_cpp.hpp
[0.675s] -- Up-to-date: /home/kjh/robot_gui_pkg/install/robot_interfaces/include/robot_interfaces/robot_interfaces/msg/detail/bridge_robot_status__rosidl_typesupport_fastrtps_cpp.hpp
[0.675s] -- Up-to-date: /home/kjh/robot_gui_pkg/install/robot_interfaces/include/robot_interfaces/robot_interfaces/msg/detail/bridge_bool_multi_array__rosidl_typesupport_fastrtps_cpp.hpp
[0.675s] -- Up-to-date: /home/kjh/robot_gui_pkg/install/robot_interfaces/include/robot_interfaces/robot_interfaces/msg/detail/bridge_current__rosidl_typesupport_fastrtps_cpp.hpp
[0.675s] -- Up-to-date: /home/kjh/robot_gui_pkg/install/robot_interfaces/lib/librobot_interfaces__rosidl_typesupport_fastrtps_cpp.so
[0.675s] -- Up-to-date: /home/kjh/robot_gui_pkg/install/robot_interfaces/include/robot_interfaces/robot_interfaces
[0.676s] -- Up-to-date: /home/kjh/robot_gui_pkg/install/robot_interfaces/include/robot_interfaces/robot_interfaces/msg
[0.676s] -- Up-to-date: /home/kjh/robot_gui_pkg/install/robot_interfaces/include/robot_interfaces/robot_interfaces/msg/detail
[0.676s] -- Up-to-date: /home/kjh/robot_gui_pkg/install/robot_interfaces/include/robot_interfaces/robot_interfaces/msg/detail/bridge_joint_state_with_accel__type_support.c
[0.676s] -- Up-to-date: /home/kjh/robot_gui_pkg/install/robot_interfaces/include/robot_interfaces/robot_interfaces/msg/detail/bridge_dt__rosidl_typesupport_introspection_c.h
[0.676s] -- Up-to-date: /home/kjh/robot_gui_pkg/install/robot_interfaces/include/robot_interfaces/robot_interfaces/msg/detail/bridge_bool_multi_array__type_support.c
[0.676s] -- Up-to-date: /home/kjh/robot_gui_pkg/install/robot_interfaces/include/robot_interfaces/robot_interfaces/msg/detail/bridge_dt__type_support.c
[0.676s] -- Up-to-date: /home/kjh/robot_gui_pkg/install/robot_interfaces/include/robot_interfaces/robot_interfaces/msg/detail/bridge_error__rosidl_typesupport_introspection_c.h
[0.676s] -- Up-to-date: /home/kjh/robot_gui_pkg/install/robot_interfaces/include/robot_interfaces/robot_interfaces/msg/detail/bridge_bool_multi_array__rosidl_typesupport_introspection_c.h
[0.676s] -- Up-to-date: /home/kjh/robot_gui_pkg/install/robot_interfaces/include/robot_interfaces/robot_interfaces/msg/detail/bridge_joint_state_with_accel__rosidl_typesupport_introspection_c.h
[0.676s] -- Up-to-date: /home/kjh/robot_gui_pkg/install/robot_interfaces/include/robot_interfaces/robot_interfaces/msg/detail/bridge_string_multi_array__rosidl_typesupport_introspection_c.h
[0.676s] -- Up-to-date: /home/kjh/robot_gui_pkg/install/robot_interfaces/include/robot_interfaces/robot_interfaces/msg/detail/bridge_current__rosidl_typesupport_introspection_c.h
[0.676s] -- Up-to-date: /home/kjh/robot_gui_pkg/install/robot_interfaces/include/robot_interfaces/robot_interfaces/msg/detail/bridge_string_multi_array__type_support.c
[0.676s] -- Up-to-date: /home/kjh/robot_gui_pkg/install/robot_interfaces/include/robot_interfaces/robot_interfaces/msg/detail/bridge_error__type_support.c
[0.676s] -- Up-to-date: /home/kjh/robot_gui_pkg/install/robot_interfaces/include/robot_interfaces/robot_interfaces/msg/detail/bridge_robot_status__type_support.c
[0.676s] -- Up-to-date: /home/kjh/robot_gui_pkg/install/robot_interfaces/include/robot_interfaces/robot_interfaces/msg/detail/bridge_current__type_support.c
[0.676s] -- Up-to-date: /home/kjh/robot_gui_pkg/install/robot_interfaces/include/robot_interfaces/robot_interfaces/msg/detail/bridge_float32_multi_array__type_support.c
[0.676s] -- Up-to-date: /home/kjh/robot_gui_pkg/install/robot_interfaces/include/robot_interfaces/robot_interfaces/msg/detail/bridge_robot_status__rosidl_typesupport_introspection_c.h
[0.676s] -- Up-to-date: /home/kjh/robot_gui_pkg/install/robot_interfaces/include/robot_interfaces/robot_interfaces/msg/detail/bridge_float32_multi_array__rosidl_typesupport_introspection_c.h
[0.676s] -- Up-to-date: /home/kjh/robot_gui_pkg/install/robot_interfaces/include/robot_interfaces/robot_interfaces/msg/rosidl_typesupport_introspection_c__visibility_control.h
[0.676s] -- Up-to-date: /home/kjh/robot_gui_pkg/install/robot_interfaces/lib/librobot_interfaces__rosidl_typesupport_introspection_c.so
[0.676s] -- Up-to-date: /home/kjh/robot_gui_pkg/install/robot_interfaces/lib/librobot_interfaces__rosidl_typesupport_c.so
[0.676s] -- Up-to-date: /home/kjh/robot_gui_pkg/install/robot_interfaces/include/robot_interfaces/robot_interfaces
[0.676s] -- Up-to-date: /home/kjh/robot_gui_pkg/install/robot_interfaces/include/robot_interfaces/robot_interfaces/msg
[0.676s] -- Up-to-date: /home/kjh/robot_gui_pkg/install/robot_interfaces/include/robot_interfaces/robot_interfaces/msg/detail
[0.676s] -- Up-to-date: /home/kjh/robot_gui_pkg/install/robot_interfaces/include/robot_interfaces/robot_interfaces/msg/detail/bridge_joint_state_with_accel__type_support.cpp
[0.676s] -- Up-to-date: /home/kjh/robot_gui_pkg/install/robot_interfaces/include/robot_interfaces/robot_interfaces/msg/detail/bridge_dt__type_support.cpp
[0.676s] -- Up-to-date: /home/kjh/robot_gui_pkg/install/robot_interfaces/include/robot_interfaces/robot_interfaces/msg/detail/bridge_string_multi_array__rosidl_typesupport_introspection_cpp.hpp
[0.676s] -- Up-to-date: /home/kjh/robot_gui_pkg/install/robot_interfaces/include/robot_interfaces/robot_interfaces/msg/detail/bridge_robot_status__type_support.cpp
[0.676s] -- Up-to-date: /home/kjh/robot_gui_pkg/install/robot_interfaces/include/robot_interfaces/robot_interfaces/msg/detail/bridge_dt__rosidl_typesupport_introspection_cpp.hpp
[0.676s] -- Up-to-date: /home/kjh/robot_gui_pkg/install/robot_interfaces/include/robot_interfaces/robot_interfaces/msg/detail/bridge_bool_multi_array__type_support.cpp
[0.676s] -- Up-to-date: /home/kjh/robot_gui_pkg/install/robot_interfaces/include/robot_interfaces/robot_interfaces/msg/detail/bridge_string_multi_array__type_support.cpp
[0.676s] -- Up-to-date: /home/kjh/robot_gui_pkg/install/robot_interfaces/include/robot_interfaces/robot_interfaces/msg/detail/bridge_joint_state_with_accel__rosidl_typesupport_introspection_cpp.hpp
[0.676s] -- Up-to-date: /home/kjh/robot_gui_pkg/install/robot_interfaces/include/robot_interfaces/robot_interfaces/msg/detail/bridge_error__type_support.cpp
[0.676s] -- Up-to-date: /home/kjh/robot_gui_pkg/install/robot_interfaces/include/robot_interfaces/robot_interfaces/msg/detail/bridge_error__rosidl_typesupport_introspection_cpp.hpp
[0.676s] -- Up-to-date: /home/kjh/robot_gui_pkg/install/robot_interfaces/include/robot_interfaces/robot_interfaces/msg/detail/bridge_current__type_support.cpp
[0.676s] -- Up-to-date: /home/kjh/robot_gui_pkg/install/robot_interfaces/include/robot_interfaces/robot_interfaces/msg/detail/bridge_robot_status__rosidl_typesupport_introspection_cpp.hpp
[0.676s] -- Up-to-date: /home/kjh/robot_gui_pkg/install/robot_interfaces/include/robot_interfaces/robot_interfaces/msg/detail/bridge_float32_multi_array__type_support.cpp
[0.676s] -- Up-to-date: /home/kjh/robot_gui_pkg/install/robot_interfaces/include/robot_interfaces/robot_interfaces/msg/detail/bridge_float32_multi_array__rosidl_typesupport_introspection_cpp.hpp
[0.676s] -- Up-to-date: /home/kjh/robot_gui_pkg/install/robot_interfaces/include/robot_interfaces/robot_interfaces/msg/detail/bridge_current__rosidl_typesupport_introspection_cpp.hpp
[0.676s] -- Up-to-date: /home/kjh/robot_gui_pkg/install/robot_interfaces/include/robot_interfaces/robot_interfaces/msg/detail/bridge_bool_multi_array__rosidl_typesupport_introspection_cpp.hpp
[0.676s] -- Up-to-date: /home/kjh/robot_gui_pkg/install/robot_interfaces/lib/librobot_interfaces__rosidl_typesupport_introspection_cpp.so
[0.676s] -- Up-to-date: /home/kjh/robot_gui_pkg/install/robot_interfaces/lib/librobot_interfaces__rosidl_typesupport_cpp.so
[0.676s] -- Up-to-date: /home/kjh/robot_gui_pkg/install/robot_interfaces/share/robot_interfaces/environment/pythonpath.sh
[0.677s] -- Up-to-date: /home/kjh/robot_gui_pkg/install/robot_interfaces/share/robot_interfaces/environment/pythonpath.dsv
[0.677s] -- Up-to-date: /home/kjh/robot_gui_pkg/install/robot_interfaces/local/lib/python3.10/dist-packages/robot_interfaces-0.0.0-py3.10.egg-info
[0.677s] -- Installing: /home/kjh/robot_gui_pkg/install/robot_interfaces/local/lib/python3.10/dist-packages/robot_interfaces-0.0.0-py3.10.egg-info/top_level.txt
[0.677s] -- Installing: /home/kjh/robot_gui_pkg/install/robot_interfaces/local/lib/python3.10/dist-packages/robot_interfaces-0.0.0-py3.10.egg-info/PKG-INFO
[0.677s] -- Installing: /home/kjh/robot_gui_pkg/install/robot_interfaces/local/lib/python3.10/dist-packages/robot_interfaces-0.0.0-py3.10.egg-info/SOURCES.txt
[0.677s] -- Installing: /home/kjh/robot_gui_pkg/install/robot_interfaces/local/lib/python3.10/dist-packages/robot_interfaces-0.0.0-py3.10.egg-info/dependency_links.txt
[0.677s] -- Up-to-date: /home/kjh/robot_gui_pkg/install/robot_interfaces/local/lib/python3.10/dist-packages/robot_interfaces
[0.677s] -- Up-to-date: /home/kjh/robot_gui_pkg/install/robot_interfaces/local/lib/python3.10/dist-packages/robot_interfaces/_robot_interfaces_s.ep.rosidl_typesupport_c.c
[0.677s] -- Up-to-date: /home/kjh/robot_gui_pkg/install/robot_interfaces/local/lib/python3.10/dist-packages/robot_interfaces/_robot_interfaces_s.ep.rosidl_typesupport_introspection_c.c
[0.677s] -- Up-to-date: /home/kjh/robot_gui_pkg/install/robot_interfaces/local/lib/python3.10/dist-packages/robot_interfaces/robot_interfaces_s__rosidl_typesupport_c.cpython-310-x86_64-linux-gnu.so
[0.677s] -- Up-to-date: /home/kjh/robot_gui_pkg/install/robot_interfaces/local/lib/python3.10/dist-packages/robot_interfaces/__init__.py
[0.677s] -- Up-to-date: /home/kjh/robot_gui_pkg/install/robot_interfaces/local/lib/python3.10/dist-packages/robot_interfaces/_robot_interfaces_s.ep.rosidl_typesupport_fastrtps_c.c
[0.677s] -- Up-to-date: /home/kjh/robot_gui_pkg/install/robot_interfaces/local/lib/python3.10/dist-packages/robot_interfaces/librobot_interfaces__rosidl_generator_py.so
[0.677s] -- Up-to-date: /home/kjh/robot_gui_pkg/install/robot_interfaces/local/lib/python3.10/dist-packages/robot_interfaces/robot_interfaces_s__rosidl_typesupport_fastrtps_c.cpython-310-x86_64-linux-gnu.so
[0.677s] -- Up-to-date: /home/kjh/robot_gui_pkg/install/robot_interfaces/local/lib/python3.10/dist-packages/robot_interfaces/robot_interfaces_s__rosidl_typesupport_introspection_c.cpython-310-x86_64-linux-gnu.so
[0.677s] -- Up-to-date: /home/kjh/robot_gui_pkg/install/robot_interfaces/local/lib/python3.10/dist-packages/robot_interfaces/msg
[0.677s] -- Up-to-date: /home/kjh/robot_gui_pkg/install/robot_interfaces/local/lib/python3.10/dist-packages/robot_interfaces/msg/_bridge_joint_state_with_accel_s.c
[0.677s] -- Up-to-date: /home/kjh/robot_gui_pkg/install/robot_interfaces/local/lib/python3.10/dist-packages/robot_interfaces/msg/_bridge_current_s.c
[0.677s] -- Up-to-date: /home/kjh/robot_gui_pkg/install/robot_interfaces/local/lib/python3.10/dist-packages/robot_interfaces/msg/__init__.py
[0.677s] -- Up-to-date: /home/kjh/robot_gui_pkg/install/robot_interfaces/local/lib/python3.10/dist-packages/robot_interfaces/msg/_bridge_float32_multi_array_s.c
[0.677s] -- Up-to-date: /home/kjh/robot_gui_pkg/install/robot_interfaces/local/lib/python3.10/dist-packages/robot_interfaces/msg/_bridge_bool_multi_array_s.c
[0.677s] -- Up-to-date: /home/kjh/robot_gui_pkg/install/robot_interfaces/local/lib/python3.10/dist-packages/robot_interfaces/msg/_bridge_dt.py
[0.677s] -- Up-to-date: /home/kjh/robot_gui_pkg/install/robot_interfaces/local/lib/python3.10/dist-packages/robot_interfaces/msg/_bridge_joint_state_with_accel.py
[0.677s] -- Up-to-date: /home/kjh/robot_gui_pkg/install/robot_interfaces/local/lib/python3.10/dist-packages/robot_interfaces/msg/_bridge_robot_status.py
[0.677s] -- Up-to-date: /home/kjh/robot_gui_pkg/install/robot_interfaces/local/lib/python3.10/dist-packages/robot_interfaces/msg/_bridge_error.py
[0.677s] -- Up-to-date: /home/kjh/robot_gui_pkg/install/robot_interfaces/local/lib/python3.10/dist-packages/robot_interfaces/msg/_bridge_current.py
[0.677s] -- Up-to-date: /home/kjh/robot_gui_pkg/install/robot_interfaces/local/lib/python3.10/dist-packages/robot_interfaces/msg/_bridge_robot_status_s.c
[0.677s] -- Up-to-date: /home/kjh/robot_gui_pkg/install/robot_interfaces/local/lib/python3.10/dist-packages/robot_interfaces/msg/_bridge_string_multi_array.py
[0.677s] -- Up-to-date: /home/kjh/robot_gui_pkg/install/robot_interfaces/local/lib/python3.10/dist-packages/robot_interfaces/msg/_bridge_string_multi_array_s.c
[0.677s] -- Up-to-date: /home/kjh/robot_gui_pkg/install/robot_interfaces/local/lib/python3.10/dist-packages/robot_interfaces/msg/_bridge_bool_multi_array.py
[0.677s] -- Up-to-date: /home/kjh/robot_gui_pkg/install/robot_interfaces/local/lib/python3.10/dist-packages/robot_interfaces/msg/_bridge_float32_multi_array.py
[0.677s] -- Up-to-date: /home/kjh/robot_gui_pkg/install/robot_interfaces/local/lib/python3.10/dist-packages/robot_interfaces/msg/_bridge_error_s.c
[0.677s] -- Up-to-date: /home/kjh/robot_gui_pkg/install/robot_interfaces/local/lib/python3.10/dist-packages/robot_interfaces/msg/_bridge_dt_s.c
[0.695s] Listing '/home/kjh/robot_gui_pkg/install/robot_interfaces/local/lib/python3.10/dist-packages/robot_interfaces'...
[0.695s] Listing '/home/kjh/robot_gui_pkg/install/robot_interfaces/local/lib/python3.10/dist-packages/robot_interfaces/msg'...
[0.698s] -- Up-to-date: /home/kjh/robot_gui_pkg/install/robot_interfaces/local/lib/python3.10/dist-packages/robot_interfaces/robot_interfaces_s__rosidl_typesupport_fastrtps_c.cpython-310-x86_64-linux-gnu.so
[0.698s] -- Up-to-date: /home/kjh/robot_gui_pkg/install/robot_interfaces/local/lib/python3.10/dist-packages/robot_interfaces/robot_interfaces_s__rosidl_typesupport_introspection_c.cpython-310-x86_64-linux-gnu.so
[0.698s] -- Up-to-date: /home/kjh/robot_gui_pkg/install/robot_interfaces/local/lib/python3.10/dist-packages/robot_interfaces/robot_interfaces_s__rosidl_typesupport_c.cpython-310-x86_64-linux-gnu.so
[0.698s] -- Up-to-date: /home/kjh/robot_gui_pkg/install/robot_interfaces/lib/librobot_interfaces__rosidl_generator_py.so
[0.698s] -- Up-to-date: /home/kjh/robot_gui_pkg/install/robot_interfaces/share/robot_interfaces/msg/BridgeBoolMultiArray.idl
[0.698s] -- Up-to-date: /home/kjh/robot_gui_pkg/install/robot_interfaces/share/robot_interfaces/msg/BridgeFloat32MultiArray.idl
[0.698s] -- Up-to-date: /home/kjh/robot_gui_pkg/install/robot_interfaces/share/robot_interfaces/msg/BridgeJointStateWithAccel.idl
[0.698s] -- Up-to-date: /home/kjh/robot_gui_pkg/install/robot_interfaces/share/robot_interfaces/msg/BridgeStringMultiArray.idl
[0.698s] -- Up-to-date: /home/kjh/robot_gui_pkg/install/robot_interfaces/share/robot_interfaces/msg/BridgeDt.idl
[0.698s] -- Up-to-date: /home/kjh/robot_gui_pkg/install/robot_interfaces/share/robot_interfaces/msg/BridgeCurrent.idl
[0.698s] -- Up-to-date: /home/kjh/robot_gui_pkg/install/robot_interfaces/share/robot_interfaces/msg/BridgeError.idl
[0.698s] -- Up-to-date: /home/kjh/robot_gui_pkg/install/robot_interfaces/share/robot_interfaces/msg/BridgeRobotStatus.idl
[0.698s] -- Up-to-date: /home/kjh/robot_gui_pkg/install/robot_interfaces/share/robot_interfaces/msg/BridgeBoolMultiArray.msg
[0.698s] -- Up-to-date: /home/kjh/robot_gui_pkg/install/robot_interfaces/share/robot_interfaces/msg/BridgeFloat32MultiArray.msg
[0.698s] -- Up-to-date: /home/kjh/robot_gui_pkg/install/robot_interfaces/share/robot_interfaces/msg/BridgeJointStateWithAccel.msg
[0.698s] -- Up-to-date: /home/kjh/robot_gui_pkg/install/robot_interfaces/share/robot_interfaces/msg/BridgeStringMultiArray.msg
[0.698s] -- Up-to-date: /home/kjh/robot_gui_pkg/install/robot_interfaces/share/robot_interfaces/msg/BridgeDt.msg
[0.698s] -- Up-to-date: /home/kjh/robot_gui_pkg/install/robot_interfaces/share/robot_interfaces/msg/BridgeCurrent.msg
[0.698s] -- Up-to-date: /home/kjh/robot_gui_pkg/install/robot_interfaces/share/robot_interfaces/msg/BridgeError.msg
[0.698s] -- Up-to-date: /home/kjh/robot_gui_pkg/install/robot_interfaces/share/robot_interfaces/msg/BridgeRobotStatus.msg
[0.698s] -- Up-to-date: /home/kjh/robot_gui_pkg/install/robot_interfaces/share/ament_index/resource_index/package_run_dependencies/robot_interfaces
[0.698s] -- Up-to-date: /home/kjh/robot_gui_pkg/install/robot_interfaces/share/ament_index/resource_index/parent_prefix_path/robot_interfaces
[0.698s] -- Up-to-date: /home/kjh/robot_gui_pkg/install/robot_interfaces/share/robot_interfaces/environment/ament_prefix_path.sh
[0.698s] -- Up-to-date: /home/kjh/robot_gui_pkg/install/robot_interfaces/share/robot_interfaces/environment/ament_prefix_path.dsv
[0.699s] -- Up-to-date: /home/kjh/robot_gui_pkg/install/robot_interfaces/share/robot_interfaces/environment/path.sh
[0.699s] -- Up-to-date: /home/kjh/robot_gui_pkg/install/robot_interfaces/share/robot_interfaces/environment/path.dsv
[0.699s] -- Up-to-date: /home/kjh/robot_gui_pkg/install/robot_interfaces/share/robot_interfaces/local_setup.bash
[0.699s] -- Up-to-date: /home/kjh/robot_gui_pkg/install/robot_interfaces/share/robot_interfaces/local_setup.sh
[0.699s] -- Up-to-date: /home/kjh/robot_gui_pkg/install/robot_interfaces/share/robot_interfaces/local_setup.zsh
[0.699s] -- Up-to-date: /home/kjh/robot_gui_pkg/install/robot_interfaces/share/robot_interfaces/local_setup.dsv
[0.699s] -- Installing: /home/kjh/robot_gui_pkg/install/robot_interfaces/share/robot_interfaces/package.dsv
[0.699s] -- Up-to-date: /home/kjh/robot_gui_pkg/install/robot_interfaces/share/ament_index/resource_index/packages/robot_interfaces
[0.699s] -- Up-to-date: /home/kjh/robot_gui_pkg/install/robot_interfaces/share/robot_interfaces/cmake/export_robot_interfaces__rosidl_generator_cExport.cmake
[0.699s] -- Up-to-date: /home/kjh/robot_gui_pkg/install/robot_interfaces/share/robot_interfaces/cmake/export_robot_interfaces__rosidl_generator_cExport-noconfig.cmake
[0.699s] -- Up-to-date: /home/kjh/robot_gui_pkg/install/robot_interfaces/share/robot_interfaces/cmake/export_robot_interfaces__rosidl_typesupport_fastrtps_cExport.cmake
[0.699s] -- Up-to-date: /home/kjh/robot_gui_pkg/install/robot_interfaces/share/robot_interfaces/cmake/export_robot_interfaces__rosidl_typesupport_fastrtps_cExport-noconfig.cmake
[0.699s] -- Up-to-date: /home/kjh/robot_gui_pkg/install/robot_interfaces/share/robot_interfaces/cmake/export_robot_interfaces__rosidl_generator_cppExport.cmake
[0.699s] -- Up-to-date: /home/kjh/robot_gui_pkg/install/robot_interfaces/share/robot_interfaces/cmake/export_robot_interfaces__rosidl_typesupport_fastrtps_cppExport.cmake
[0.699s] -- Up-to-date: /home/kjh/robot_gui_pkg/install/robot_interfaces/share/robot_interfaces/cmake/export_robot_interfaces__rosidl_typesupport_fastrtps_cppExport-noconfig.cmake
[0.699s] -- Up-to-date: /home/kjh/robot_gui_pkg/install/robot_interfaces/share/robot_interfaces/cmake/robot_interfaces__rosidl_typesupport_introspection_cExport.cmake
[0.699s] -- Up-to-date: /home/kjh/robot_gui_pkg/install/robot_interfaces/share/robot_interfaces/cmake/robot_interfaces__rosidl_typesupport_introspection_cExport-noconfig.cmake
[0.699s] -- Up-to-date: /home/kjh/robot_gui_pkg/install/robot_interfaces/share/robot_interfaces/cmake/robot_interfaces__rosidl_typesupport_cExport.cmake
[0.699s] -- Up-to-date: /home/kjh/robot_gui_pkg/install/robot_interfaces/share/robot_interfaces/cmake/robot_interfaces__rosidl_typesupport_cExport-noconfig.cmake
[0.699s] -- Up-to-date: /home/kjh/robot_gui_pkg/install/robot_interfaces/share/robot_interfaces/cmake/robot_interfaces__rosidl_typesupport_introspection_cppExport.cmake
[0.699s] -- Up-to-date: /home/kjh/robot_gui_pkg/install/robot_interfaces/share/robot_interfaces/cmake/robot_interfaces__rosidl_typesupport_introspection_cppExport-noconfig.cmake
[0.699s] -- Up-to-date: /home/kjh/robot_gui_pkg/install/robot_interfaces/share/robot_interfaces/cmake/robot_interfaces__rosidl_typesupport_cppExport.cmake
[0.699s] -- Up-to-date: /home/kjh/robot_gui_pkg/install/robot_interfaces/share/robot_interfaces/cmake/robot_interfaces__rosidl_typesupport_cppExport-noconfig.cmake
[0.699s] -- Up-to-date: /home/kjh/robot_gui_pkg/install/robot_interfaces/share/robot_interfaces/cmake/export_robot_interfaces__rosidl_generator_pyExport.cmake
[0.699s] -- Up-to-date: /home/kjh/robot_gui_pkg/install/robot_interfaces/share/robot_interfaces/cmake/export_robot_interfaces__rosidl_generator_pyExport-noconfig.cmake
[0.699s] -- Up-to-date: /home/kjh/robot_gui_pkg/install/robot_interfaces/share/robot_interfaces/cmake/rosidl_cmake-extras.cmake
[0.699s] -- Up-to-date: /home/kjh/robot_gui_pkg/install/robot_interfaces/share/robot_interfaces/cmake/ament_cmake_export_dependencies-extras.cmake
[0.699s] -- Up-to-date: /home/kjh/robot_gui_pkg/install/robot_interfaces/share/robot_interfaces/cmake/ament_cmake_export_include_directories-extras.cmake
[0.699s] -- Up-to-date: /home/kjh/robot_gui_pkg/install/robot_interfaces/share/robot_interfaces/cmake/ament_cmake_export_libraries-extras.cmake
[0.699s] -- Up-to-date: /home/kjh/robot_gui_pkg/install/robot_interfaces/share/robot_interfaces/cmake/ament_cmake_export_targets-extras.cmake
[0.699s] -- Up-to-date: /home/kjh/robot_gui_pkg/install/robot_interfaces/share/robot_interfaces/cmake/rosidl_cmake_export_typesupport_targets-extras.cmake
[0.699s] -- Up-to-date: /home/kjh/robot_gui_pkg/install/robot_interfaces/share/robot_interfaces/cmake/rosidl_cmake_export_typesupport_libraries-extras.cmake
[0.699s] -- Up-to-date: /home/kjh/robot_gui_pkg/install/robot_interfaces/share/robot_interfaces/cmake/robot_interfacesConfig.cmake
[0.699s] -- Up-to-date: /home/kjh/robot_gui_pkg/install/robot_interfaces/share/robot_interfaces/cmake/robot_interfacesConfig-version.cmake
[0.699s] -- Up-to-date: /home/kjh/robot_gui_pkg/install/robot_interfaces/share/robot_interfaces/package.xml
[0.703s] Invoked command in '/home/kjh/robot_gui_pkg/build/robot_interfaces' returned '0': CMAKE_PREFIX_PATH=${CMAKE_PREFIX_PATH}:/home/kjh/robot_gui_pkg/install/ros2_gui:/opt/ros/humble /home/kjh/.local/bin/cmake --install /home/kjh/robot_gui_pkg/build/robot_interfaces
