[0.184s] DEBUG:colcon:Command line arguments: ['/usr/bin/colcon', 'build']
[0.184s] DEBUG:colcon:Parsed command line arguments: Namespace(log_base=None, log_level=None, verb_name='build', build_base='build', install_base='install', merge_install=False, symlink_install=False, test_result_base=None, continue_on_error=False, executor='parallel', parallel_workers=20, event_handlers=None, ignore_user_meta=False, metas=['./colcon.meta'], base_paths=['.'], packages_ignore=None, packages_ignore_regex=None, paths=None, packages_up_to=None, packages_up_to_regex=None, packages_above=None, packages_above_and_dependencies=None, packages_above_depth=None, packages_select_by_dep=None, packages_skip_by_dep=None, packages_skip_up_to=None, packages_select_build_failed=False, packages_skip_build_finished=False, packages_select_test_failures=False, packages_skip_test_passed=False, packages_select=None, packages_skip=None, packages_select_regex=None, packages_skip_regex=None, packages_start=None, packages_end=None, allow_overriding=[], cmake_args=None, cmake_target=None, cmake_target_skip_unavailable=False, cmake_clean_cache=False, cmake_clean_first=False, cmake_force_configure=False, ament_cmake_args=None, catkin_cmake_args=None, catkin_skip_building_tests=False, verb_parser=<colcon_defaults.argument_parser.defaults.DefaultArgumentsDecorator object at 0x7f43c651bbb0>, verb_extension=<colcon_core.verb.build.BuildVerb object at 0x7f43c651b640>, main=<bound method BuildVerb.main of <colcon_core.verb.build.BuildVerb object at 0x7f43c651b640>>)
[0.195s] Level 1:colcon.colcon_core.package_discovery:discover_packages(colcon_meta) check parameters
[0.195s] Level 1:colcon.colcon_core.package_discovery:discover_packages(recursive) check parameters
[0.195s] Level 1:colcon.colcon_core.package_discovery:discover_packages(ignore) check parameters
[0.195s] Level 1:colcon.colcon_core.package_discovery:discover_packages(path) check parameters
[0.195s] Level 1:colcon.colcon_core.package_discovery:discover_packages(colcon_meta) discover
[0.195s] Level 1:colcon.colcon_core.package_discovery:discover_packages(recursive) discover
[0.195s] INFO:colcon.colcon_core.package_discovery:Crawling recursively for packages in '/home/kjh/robot_gui_pkg'
[0.195s] Level 1:colcon.colcon_core.package_identification:_identify(.) by extensions ['ignore', 'ignore_ament_install']
[0.196s] Level 1:colcon.colcon_core.package_identification:_identify(.) by extension 'ignore'
[0.196s] Level 1:colcon.colcon_core.package_identification:_identify(.) by extension 'ignore_ament_install'
[0.196s] Level 1:colcon.colcon_core.package_identification:_identify(.) by extensions ['colcon_pkg']
[0.196s] Level 1:colcon.colcon_core.package_identification:_identify(.) by extension 'colcon_pkg'
[0.196s] Level 1:colcon.colcon_core.package_identification:_identify(.) by extensions ['colcon_meta']
[0.196s] Level 1:colcon.colcon_core.package_identification:_identify(.) by extension 'colcon_meta'
[0.196s] Level 1:colcon.colcon_core.package_identification:_identify(.) by extensions ['ros']
[0.196s] Level 1:colcon.colcon_core.package_identification:_identify(.) by extension 'ros'
[0.204s] Level 1:colcon.colcon_core.package_identification:_identify(.) by extensions ['cmake', 'python']
[0.204s] Level 1:colcon.colcon_core.package_identification:_identify(.) by extension 'cmake'
[0.204s] Level 1:colcon.colcon_core.package_identification:_identify(.) by extension 'python'
[0.204s] Level 1:colcon.colcon_core.package_identification:_identify(.) by extensions ['python_setup_py']
[0.204s] Level 1:colcon.colcon_core.package_identification:_identify(.) by extension 'python_setup_py'
[0.204s] Level 1:colcon.colcon_core.package_identification:_identify(build) by extensions ['ignore', 'ignore_ament_install']
[0.204s] Level 1:colcon.colcon_core.package_identification:_identify(build) by extension 'ignore'
[0.204s] Level 1:colcon.colcon_core.package_identification:_identify(build) ignored
[0.204s] Level 1:colcon.colcon_core.package_identification:_identify(install) by extensions ['ignore', 'ignore_ament_install']
[0.204s] Level 1:colcon.colcon_core.package_identification:_identify(install) by extension 'ignore'
[0.204s] Level 1:colcon.colcon_core.package_identification:_identify(install) ignored
[0.204s] Level 1:colcon.colcon_core.package_identification:_identify(log) by extensions ['ignore', 'ignore_ament_install']
[0.204s] Level 1:colcon.colcon_core.package_identification:_identify(log) by extension 'ignore'
[0.204s] Level 1:colcon.colcon_core.package_identification:_identify(log) ignored
[0.204s] Level 1:colcon.colcon_core.package_identification:_identify(src) by extensions ['ignore', 'ignore_ament_install']
[0.205s] Level 1:colcon.colcon_core.package_identification:_identify(src) by extension 'ignore'
[0.205s] Level 1:colcon.colcon_core.package_identification:_identify(src) by extension 'ignore_ament_install'
[0.205s] Level 1:colcon.colcon_core.package_identification:_identify(src) by extensions ['colcon_pkg']
[0.205s] Level 1:colcon.colcon_core.package_identification:_identify(src) by extension 'colcon_pkg'
[0.205s] Level 1:colcon.colcon_core.package_identification:_identify(src) by extensions ['colcon_meta']
[0.205s] Level 1:colcon.colcon_core.package_identification:_identify(src) by extension 'colcon_meta'
[0.205s] Level 1:colcon.colcon_core.package_identification:_identify(src) by extensions ['ros']
[0.205s] Level 1:colcon.colcon_core.package_identification:_identify(src) by extension 'ros'
[0.205s] Level 1:colcon.colcon_core.package_identification:_identify(src) by extensions ['cmake', 'python']
[0.205s] Level 1:colcon.colcon_core.package_identification:_identify(src) by extension 'cmake'
[0.205s] Level 1:colcon.colcon_core.package_identification:_identify(src) by extension 'python'
[0.205s] Level 1:colcon.colcon_core.package_identification:_identify(src) by extensions ['python_setup_py']
[0.205s] Level 1:colcon.colcon_core.package_identification:_identify(src) by extension 'python_setup_py'
[0.205s] Level 1:colcon.colcon_core.package_identification:_identify(src/robot_interfaces) by extensions ['ignore', 'ignore_ament_install']
[0.205s] Level 1:colcon.colcon_core.package_identification:_identify(src/robot_interfaces) by extension 'ignore'
[0.205s] Level 1:colcon.colcon_core.package_identification:_identify(src/robot_interfaces) by extension 'ignore_ament_install'
[0.205s] Level 1:colcon.colcon_core.package_identification:_identify(src/robot_interfaces) by extensions ['colcon_pkg']
[0.205s] Level 1:colcon.colcon_core.package_identification:_identify(src/robot_interfaces) by extension 'colcon_pkg'
[0.205s] Level 1:colcon.colcon_core.package_identification:_identify(src/robot_interfaces) by extensions ['colcon_meta']
[0.205s] Level 1:colcon.colcon_core.package_identification:_identify(src/robot_interfaces) by extension 'colcon_meta'
[0.205s] Level 1:colcon.colcon_core.package_identification:_identify(src/robot_interfaces) by extensions ['ros']
[0.205s] Level 1:colcon.colcon_core.package_identification:_identify(src/robot_interfaces) by extension 'ros'
[0.207s] DEBUG:colcon.colcon_core.package_identification:Package 'src/robot_interfaces' with type 'ros.ament_cmake' and name 'robot_interfaces'
[0.207s] Level 1:colcon.colcon_core.package_identification:_identify(src/ros2_gui) by extensions ['ignore', 'ignore_ament_install']
[0.207s] Level 1:colcon.colcon_core.package_identification:_identify(src/ros2_gui) by extension 'ignore'
[0.207s] Level 1:colcon.colcon_core.package_identification:_identify(src/ros2_gui) by extension 'ignore_ament_install'
[0.207s] Level 1:colcon.colcon_core.package_identification:_identify(src/ros2_gui) by extensions ['colcon_pkg']
[0.207s] Level 1:colcon.colcon_core.package_identification:_identify(src/ros2_gui) by extension 'colcon_pkg'
[0.207s] Level 1:colcon.colcon_core.package_identification:_identify(src/ros2_gui) by extensions ['colcon_meta']
[0.207s] Level 1:colcon.colcon_core.package_identification:_identify(src/ros2_gui) by extension 'colcon_meta'
[0.207s] Level 1:colcon.colcon_core.package_identification:_identify(src/ros2_gui) by extensions ['ros']
[0.207s] Level 1:colcon.colcon_core.package_identification:_identify(src/ros2_gui) by extension 'ros'
[0.207s] DEBUG:colcon.colcon_core.package_identification:Package 'src/ros2_gui' with type 'ros.ament_python' and name 'ros2_gui'
[0.207s] Level 1:colcon.colcon_core.package_discovery:discover_packages(recursive) using defaults
[0.207s] Level 1:colcon.colcon_core.package_discovery:discover_packages(ignore) discover
[0.207s] Level 1:colcon.colcon_core.package_discovery:discover_packages(ignore) using defaults
[0.207s] Level 1:colcon.colcon_core.package_discovery:discover_packages(path) discover
[0.207s] Level 1:colcon.colcon_core.package_discovery:discover_packages(path) using defaults
[0.219s] Level 1:colcon.colcon_core.package_discovery:discover_packages(prefix_path) check parameters
[0.219s] Level 1:colcon.colcon_core.package_discovery:discover_packages(prefix_path) discover
[0.221s] DEBUG:colcon.colcon_installed_package_information.package_discovery:Found 2 installed packages in /home/kjh/robot_gui_pkg/install
[0.221s] DEBUG:colcon.colcon_installed_package_information.package_discovery:Found 3 installed packages in /home/kjh/wheelleg_ws/install
[0.221s] DEBUG:colcon.colcon_installed_package_information.package_discovery:Found 1 installed packages in /home/kjh/ros2_ws/install
[0.222s] DEBUG:colcon.colcon_installed_package_information.package_discovery:Found 385 installed packages in /opt/ros/humble
[0.223s] Level 1:colcon.colcon_core.package_discovery:discover_packages(prefix_path) using defaults
[0.257s] Level 5:colcon.colcon_core.verb:set package 'robot_interfaces' build argument 'cmake_args' from command line to 'None'
[0.257s] Level 5:colcon.colcon_core.verb:set package 'robot_interfaces' build argument 'cmake_target' from command line to 'None'
[0.257s] Level 5:colcon.colcon_core.verb:set package 'robot_interfaces' build argument 'cmake_target_skip_unavailable' from command line to 'False'
[0.257s] Level 5:colcon.colcon_core.verb:set package 'robot_interfaces' build argument 'cmake_clean_cache' from command line to 'False'
[0.257s] Level 5:colcon.colcon_core.verb:set package 'robot_interfaces' build argument 'cmake_clean_first' from command line to 'False'
[0.257s] Level 5:colcon.colcon_core.verb:set package 'robot_interfaces' build argument 'cmake_force_configure' from command line to 'False'
[0.257s] Level 5:colcon.colcon_core.verb:set package 'robot_interfaces' build argument 'ament_cmake_args' from command line to 'None'
[0.257s] Level 5:colcon.colcon_core.verb:set package 'robot_interfaces' build argument 'catkin_cmake_args' from command line to 'None'
[0.257s] Level 5:colcon.colcon_core.verb:set package 'robot_interfaces' build argument 'catkin_skip_building_tests' from command line to 'False'
[0.257s] DEBUG:colcon.colcon_core.verb:Building package 'robot_interfaces' with the following arguments: {'ament_cmake_args': None, 'build_base': '/home/kjh/robot_gui_pkg/build/robot_interfaces', 'catkin_cmake_args': None, 'catkin_skip_building_tests': False, 'cmake_args': None, 'cmake_clean_cache': False, 'cmake_clean_first': False, 'cmake_force_configure': False, 'cmake_target': None, 'cmake_target_skip_unavailable': False, 'install_base': '/home/kjh/robot_gui_pkg/install/robot_interfaces', 'merge_install': False, 'path': '/home/kjh/robot_gui_pkg/src/robot_interfaces', 'symlink_install': False, 'test_result_base': None}
[0.258s] Level 5:colcon.colcon_core.verb:set package 'ros2_gui' build argument 'cmake_args' from command line to 'None'
[0.258s] Level 5:colcon.colcon_core.verb:set package 'ros2_gui' build argument 'cmake_target' from command line to 'None'
[0.258s] Level 5:colcon.colcon_core.verb:set package 'ros2_gui' build argument 'cmake_target_skip_unavailable' from command line to 'False'
[0.258s] Level 5:colcon.colcon_core.verb:set package 'ros2_gui' build argument 'cmake_clean_cache' from command line to 'False'
[0.258s] Level 5:colcon.colcon_core.verb:set package 'ros2_gui' build argument 'cmake_clean_first' from command line to 'False'
[0.258s] Level 5:colcon.colcon_core.verb:set package 'ros2_gui' build argument 'cmake_force_configure' from command line to 'False'
[0.258s] Level 5:colcon.colcon_core.verb:set package 'ros2_gui' build argument 'ament_cmake_args' from command line to 'None'
[0.258s] Level 5:colcon.colcon_core.verb:set package 'ros2_gui' build argument 'catkin_cmake_args' from command line to 'None'
[0.258s] Level 5:colcon.colcon_core.verb:set package 'ros2_gui' build argument 'catkin_skip_building_tests' from command line to 'False'
[0.258s] DEBUG:colcon.colcon_core.verb:Building package 'ros2_gui' with the following arguments: {'ament_cmake_args': None, 'build_base': '/home/kjh/robot_gui_pkg/build/ros2_gui', 'catkin_cmake_args': None, 'catkin_skip_building_tests': False, 'cmake_args': None, 'cmake_clean_cache': False, 'cmake_clean_first': False, 'cmake_force_configure': False, 'cmake_target': None, 'cmake_target_skip_unavailable': False, 'install_base': '/home/kjh/robot_gui_pkg/install/ros2_gui', 'merge_install': False, 'path': '/home/kjh/robot_gui_pkg/src/ros2_gui', 'symlink_install': False, 'test_result_base': None}
[0.258s] INFO:colcon.colcon_core.executor:Executing jobs using 'parallel' executor
[0.260s] DEBUG:colcon.colcon_parallel_executor.executor.parallel:run_until_complete
[0.260s] INFO:colcon.colcon_ros.task.ament_cmake.build:Building ROS package in '/home/kjh/robot_gui_pkg/src/robot_interfaces' with build type 'ament_cmake'
[0.260s] INFO:colcon.colcon_cmake.task.cmake.build:Building CMake package in '/home/kjh/robot_gui_pkg/src/robot_interfaces'
[0.262s] INFO:colcon.colcon_core.plugin_system:Skipping extension 'colcon_core.shell.bat': Not used on non-Windows systems
[0.262s] INFO:colcon.colcon_core.shell:Skip shell extension 'powershell' for command environment: Not usable outside of PowerShell
[0.262s] DEBUG:colcon.colcon_core.shell:Skip shell extension 'dsv' for command environment
[0.270s] DEBUG:colcon.colcon_core.event_handler.log_command:Invoking command in '/home/kjh/robot_gui_pkg/build/robot_interfaces': CMAKE_PREFIX_PATH=${CMAKE_PREFIX_PATH}:/home/kjh/robot_gui_pkg/install/ros2_gui:/opt/ros/humble /home/kjh/.local/bin/cmake --build /home/kjh/robot_gui_pkg/build/robot_interfaces -- -j20 -l20
[0.500s] DEBUG:colcon.colcon_core.event_handler.log_command:Invoked command in '/home/kjh/robot_gui_pkg/build/robot_interfaces' returned '0': CMAKE_PREFIX_PATH=${CMAKE_PREFIX_PATH}:/home/kjh/robot_gui_pkg/install/ros2_gui:/opt/ros/humble /home/kjh/.local/bin/cmake --build /home/kjh/robot_gui_pkg/build/robot_interfaces -- -j20 -l20
[0.934s] DEBUG:colcon.colcon_core.event_handler.log_command:Invoking command in '/home/kjh/robot_gui_pkg/build/robot_interfaces': CMAKE_PREFIX_PATH=${CMAKE_PREFIX_PATH}:/home/kjh/robot_gui_pkg/install/ros2_gui:/opt/ros/humble /home/kjh/.local/bin/cmake --install /home/kjh/robot_gui_pkg/build/robot_interfaces
[0.979s] Level 1:colcon.colcon_core.environment:create_environment_scripts_only(robot_interfaces)
[0.979s] DEBUG:colcon.colcon_core.event_handler.log_command:Invoked command in '/home/kjh/robot_gui_pkg/build/robot_interfaces' returned '0': CMAKE_PREFIX_PATH=${CMAKE_PREFIX_PATH}:/home/kjh/robot_gui_pkg/install/ros2_gui:/opt/ros/humble /home/kjh/.local/bin/cmake --install /home/kjh/robot_gui_pkg/build/robot_interfaces
[0.981s] Level 1:colcon.colcon_core.environment:checking '/home/kjh/robot_gui_pkg/install/robot_interfaces' for CMake module files
[0.982s] Level 1:colcon.colcon_core.environment:checking '/home/kjh/robot_gui_pkg/install/robot_interfaces' for CMake config files
[0.982s] Level 1:colcon.colcon_core.shell:create_environment_hook('robot_interfaces', 'cmake_prefix_path')
[0.983s] INFO:colcon.colcon_core.shell:Creating environment hook '/home/kjh/robot_gui_pkg/install/robot_interfaces/share/robot_interfaces/hook/cmake_prefix_path.ps1'
[0.983s] INFO:colcon.colcon_core.shell:Creating environment descriptor '/home/kjh/robot_gui_pkg/install/robot_interfaces/share/robot_interfaces/hook/cmake_prefix_path.dsv'
[0.983s] INFO:colcon.colcon_core.shell:Creating environment hook '/home/kjh/robot_gui_pkg/install/robot_interfaces/share/robot_interfaces/hook/cmake_prefix_path.sh'
[0.984s] Level 1:colcon.colcon_core.environment:checking '/home/kjh/robot_gui_pkg/install/robot_interfaces/lib'
[0.984s] Level 1:colcon.colcon_core.shell:create_environment_hook('robot_interfaces', 'ld_library_path_lib')
[0.985s] INFO:colcon.colcon_core.shell:Creating environment hook '/home/kjh/robot_gui_pkg/install/robot_interfaces/share/robot_interfaces/hook/ld_library_path_lib.ps1'
[0.985s] INFO:colcon.colcon_core.shell:Creating environment descriptor '/home/kjh/robot_gui_pkg/install/robot_interfaces/share/robot_interfaces/hook/ld_library_path_lib.dsv'
[0.985s] INFO:colcon.colcon_core.shell:Creating environment hook '/home/kjh/robot_gui_pkg/install/robot_interfaces/share/robot_interfaces/hook/ld_library_path_lib.sh'
[0.985s] Level 1:colcon.colcon_core.environment:checking '/home/kjh/robot_gui_pkg/install/robot_interfaces/bin'
[0.985s] Level 1:colcon.colcon_core.environment:checking '/home/kjh/robot_gui_pkg/install/robot_interfaces/lib/pkgconfig/robot_interfaces.pc'
[0.985s] Level 1:colcon.colcon_core.environment:checking '/home/kjh/robot_gui_pkg/install/robot_interfaces/lib/python3.10/site-packages'
[0.985s] Level 1:colcon.colcon_core.environment:checking '/home/kjh/robot_gui_pkg/install/robot_interfaces/bin'
[0.986s] INFO:colcon.colcon_core.shell:Creating package script '/home/kjh/robot_gui_pkg/install/robot_interfaces/share/robot_interfaces/package.ps1'
[0.986s] INFO:colcon.colcon_core.shell:Creating package descriptor '/home/kjh/robot_gui_pkg/install/robot_interfaces/share/robot_interfaces/package.dsv'
[0.986s] INFO:colcon.colcon_core.shell:Creating package script '/home/kjh/robot_gui_pkg/install/robot_interfaces/share/robot_interfaces/package.sh'
[0.987s] INFO:colcon.colcon_core.shell:Creating package script '/home/kjh/robot_gui_pkg/install/robot_interfaces/share/robot_interfaces/package.bash'
[0.987s] INFO:colcon.colcon_core.shell:Creating package script '/home/kjh/robot_gui_pkg/install/robot_interfaces/share/robot_interfaces/package.zsh'
[0.987s] Level 1:colcon.colcon_core.environment:create_file_with_runtime_dependencies(/home/kjh/robot_gui_pkg/install/robot_interfaces/share/colcon-core/packages/robot_interfaces)
[1.243s] Level 1:colcon.colcon_core.environment:create_environment_scripts_only(robot_interfaces)
[1.248s] Level 1:colcon.colcon_core.environment:checking '/home/kjh/robot_gui_pkg/install/robot_interfaces' for CMake module files
[1.250s] Level 1:colcon.colcon_core.environment:checking '/home/kjh/robot_gui_pkg/install/robot_interfaces' for CMake config files
[1.252s] Level 1:colcon.colcon_core.shell:create_environment_hook('robot_interfaces', 'cmake_prefix_path')
[1.254s] INFO:colcon.colcon_core.shell:Creating environment hook '/home/kjh/robot_gui_pkg/install/robot_interfaces/share/robot_interfaces/hook/cmake_prefix_path.ps1'
[1.255s] INFO:colcon.colcon_core.shell:Creating environment descriptor '/home/kjh/robot_gui_pkg/install/robot_interfaces/share/robot_interfaces/hook/cmake_prefix_path.dsv'
[1.256s] INFO:colcon.colcon_core.shell:Creating environment hook '/home/kjh/robot_gui_pkg/install/robot_interfaces/share/robot_interfaces/hook/cmake_prefix_path.sh'
[1.256s] Level 1:colcon.colcon_core.environment:checking '/home/kjh/robot_gui_pkg/install/robot_interfaces/lib'
[1.257s] Level 1:colcon.colcon_core.shell:create_environment_hook('robot_interfaces', 'ld_library_path_lib')
[1.258s] INFO:colcon.colcon_core.shell:Creating environment hook '/home/kjh/robot_gui_pkg/install/robot_interfaces/share/robot_interfaces/hook/ld_library_path_lib.ps1'
[1.259s] INFO:colcon.colcon_core.shell:Creating environment descriptor '/home/kjh/robot_gui_pkg/install/robot_interfaces/share/robot_interfaces/hook/ld_library_path_lib.dsv'
[1.259s] INFO:colcon.colcon_core.shell:Creating environment hook '/home/kjh/robot_gui_pkg/install/robot_interfaces/share/robot_interfaces/hook/ld_library_path_lib.sh'
[1.259s] Level 1:colcon.colcon_core.environment:checking '/home/kjh/robot_gui_pkg/install/robot_interfaces/bin'
[1.260s] Level 1:colcon.colcon_core.environment:checking '/home/kjh/robot_gui_pkg/install/robot_interfaces/lib/pkgconfig/robot_interfaces.pc'
[1.260s] Level 1:colcon.colcon_core.environment:checking '/home/kjh/robot_gui_pkg/install/robot_interfaces/lib/python3.10/site-packages'
[1.260s] Level 1:colcon.colcon_core.environment:checking '/home/kjh/robot_gui_pkg/install/robot_interfaces/bin'
[1.261s] INFO:colcon.colcon_core.shell:Creating package script '/home/kjh/robot_gui_pkg/install/robot_interfaces/share/robot_interfaces/package.ps1'
[1.262s] INFO:colcon.colcon_core.shell:Creating package descriptor '/home/kjh/robot_gui_pkg/install/robot_interfaces/share/robot_interfaces/package.dsv'
[1.262s] INFO:colcon.colcon_core.shell:Creating package script '/home/kjh/robot_gui_pkg/install/robot_interfaces/share/robot_interfaces/package.sh'
[1.262s] INFO:colcon.colcon_core.shell:Creating package script '/home/kjh/robot_gui_pkg/install/robot_interfaces/share/robot_interfaces/package.bash'
[1.262s] INFO:colcon.colcon_core.shell:Creating package script '/home/kjh/robot_gui_pkg/install/robot_interfaces/share/robot_interfaces/package.zsh'
[1.263s] Level 1:colcon.colcon_core.environment:create_file_with_runtime_dependencies(/home/kjh/robot_gui_pkg/install/robot_interfaces/share/colcon-core/packages/robot_interfaces)
[1.263s] INFO:colcon.colcon_ros.task.ament_python.build:Building ROS package in '/home/kjh/robot_gui_pkg/src/ros2_gui' with build type 'ament_python'
[1.263s] Level 1:colcon.colcon_core.shell:create_environment_hook('ros2_gui', 'ament_prefix_path')
[1.264s] INFO:colcon.colcon_core.shell:Creating environment hook '/home/kjh/robot_gui_pkg/install/ros2_gui/share/ros2_gui/hook/ament_prefix_path.ps1'
[1.264s] INFO:colcon.colcon_core.shell:Creating environment descriptor '/home/kjh/robot_gui_pkg/install/ros2_gui/share/ros2_gui/hook/ament_prefix_path.dsv'
[1.265s] INFO:colcon.colcon_core.shell:Creating environment hook '/home/kjh/robot_gui_pkg/install/ros2_gui/share/ros2_gui/hook/ament_prefix_path.sh'
[1.265s] INFO:colcon.colcon_core.shell:Skip shell extension 'powershell' for command environment: Not usable outside of PowerShell
[1.265s] DEBUG:colcon.colcon_core.shell:Skip shell extension 'dsv' for command environment
[1.422s] INFO:colcon.colcon_core.task.python.build:Building Python package in '/home/kjh/robot_gui_pkg/src/ros2_gui'
[1.423s] INFO:colcon.colcon_core.shell:Skip shell extension 'powershell' for command environment: Not usable outside of PowerShell
[1.423s] DEBUG:colcon.colcon_core.shell:Skip shell extension 'dsv' for command environment
[1.656s] DEBUG:colcon.colcon_core.event_handler.log_command:Invoking command in '/home/kjh/robot_gui_pkg/src/ros2_gui': PYTHONPATH=/home/kjh/robot_gui_pkg/build/ros2_gui/prefix_override:/home/kjh/robot_gui_pkg/install/ros2_gui/lib/python3.10/site-packages:${PYTHONPATH} /usr/bin/python3 setup.py egg_info --egg-base ../../build/ros2_gui build --build-base /home/kjh/robot_gui_pkg/build/ros2_gui/build install --record /home/kjh/robot_gui_pkg/build/ros2_gui/install.log --single-version-externally-managed
[1.826s] Level 1:colcon.colcon_core.environment:checking '/home/kjh/robot_gui_pkg/install/ros2_gui' for CMake module files
[1.826s] DEBUG:colcon.colcon_core.event_handler.log_command:Invoked command in '/home/kjh/robot_gui_pkg/src/ros2_gui' returned '0': PYTHONPATH=/home/kjh/robot_gui_pkg/build/ros2_gui/prefix_override:/home/kjh/robot_gui_pkg/install/ros2_gui/lib/python3.10/site-packages:${PYTHONPATH} /usr/bin/python3 setup.py egg_info --egg-base ../../build/ros2_gui build --build-base /home/kjh/robot_gui_pkg/build/ros2_gui/build install --record /home/kjh/robot_gui_pkg/build/ros2_gui/install.log --single-version-externally-managed
[1.826s] Level 1:colcon.colcon_core.environment:checking '/home/kjh/robot_gui_pkg/install/ros2_gui' for CMake config files
[1.826s] Level 1:colcon.colcon_core.environment:checking '/home/kjh/robot_gui_pkg/install/ros2_gui/lib'
[1.826s] Level 1:colcon.colcon_core.environment:checking '/home/kjh/robot_gui_pkg/install/ros2_gui/bin'
[1.826s] Level 1:colcon.colcon_core.environment:checking '/home/kjh/robot_gui_pkg/install/ros2_gui/lib/pkgconfig/ros2_gui.pc'
[1.826s] Level 1:colcon.colcon_core.environment:checking '/home/kjh/robot_gui_pkg/install/ros2_gui/lib/python3.10/site-packages'
[1.827s] Level 1:colcon.colcon_core.shell:create_environment_hook('ros2_gui', 'pythonpath')
[1.827s] INFO:colcon.colcon_core.shell:Creating environment hook '/home/kjh/robot_gui_pkg/install/ros2_gui/share/ros2_gui/hook/pythonpath.ps1'
[1.827s] INFO:colcon.colcon_core.shell:Creating environment descriptor '/home/kjh/robot_gui_pkg/install/ros2_gui/share/ros2_gui/hook/pythonpath.dsv'
[1.828s] INFO:colcon.colcon_core.shell:Creating environment hook '/home/kjh/robot_gui_pkg/install/ros2_gui/share/ros2_gui/hook/pythonpath.sh'
[1.828s] Level 1:colcon.colcon_core.environment:checking '/home/kjh/robot_gui_pkg/install/ros2_gui/bin'
[1.828s] Level 1:colcon.colcon_core.environment:create_environment_scripts_only(ros2_gui)
[1.828s] INFO:colcon.colcon_core.shell:Creating package script '/home/kjh/robot_gui_pkg/install/ros2_gui/share/ros2_gui/package.ps1'
[1.829s] INFO:colcon.colcon_core.shell:Creating package descriptor '/home/kjh/robot_gui_pkg/install/ros2_gui/share/ros2_gui/package.dsv'
[1.829s] INFO:colcon.colcon_core.shell:Creating package script '/home/kjh/robot_gui_pkg/install/ros2_gui/share/ros2_gui/package.sh'
[1.829s] INFO:colcon.colcon_core.shell:Creating package script '/home/kjh/robot_gui_pkg/install/ros2_gui/share/ros2_gui/package.bash'
[1.829s] INFO:colcon.colcon_core.shell:Creating package script '/home/kjh/robot_gui_pkg/install/ros2_gui/share/ros2_gui/package.zsh'
[1.829s] Level 1:colcon.colcon_core.environment:create_file_with_runtime_dependencies(/home/kjh/robot_gui_pkg/install/ros2_gui/share/colcon-core/packages/ros2_gui)
[1.829s] DEBUG:colcon.colcon_parallel_executor.executor.parallel:closing loop
[1.829s] DEBUG:colcon.colcon_parallel_executor.executor.parallel:loop closed
[1.829s] DEBUG:colcon.colcon_parallel_executor.executor.parallel:run_until_complete finished with '0'
[1.830s] DEBUG:colcon.colcon_core.event_reactor:joining thread
[1.832s] INFO:colcon.colcon_core.plugin_system:Skipping extension 'colcon_notification.desktop_notification.terminal_notifier': Not used on non-Darwin systems
[1.832s] INFO:colcon.colcon_core.plugin_system:Skipping extension 'colcon_notification.desktop_notification.win32': Not used on non-Windows systems
[1.832s] INFO:colcon.colcon_notification.desktop_notification:Sending desktop notification using 'notify2'
[1.839s] DEBUG:colcon.colcon_core.event_reactor:joined thread
[1.839s] INFO:colcon.colcon_core.shell:Creating prefix script '/home/kjh/robot_gui_pkg/install/local_setup.ps1'
[1.840s] INFO:colcon.colcon_core.shell:Creating prefix util module '/home/kjh/robot_gui_pkg/install/_local_setup_util_ps1.py'
[1.840s] INFO:colcon.colcon_core.shell:Creating prefix chain script '/home/kjh/robot_gui_pkg/install/setup.ps1'
[1.841s] INFO:colcon.colcon_core.shell:Creating prefix script '/home/kjh/robot_gui_pkg/install/local_setup.sh'
[1.842s] INFO:colcon.colcon_core.shell:Creating prefix util module '/home/kjh/robot_gui_pkg/install/_local_setup_util_sh.py'
[1.842s] INFO:colcon.colcon_core.shell:Creating prefix chain script '/home/kjh/robot_gui_pkg/install/setup.sh'
[1.842s] INFO:colcon.colcon_core.shell:Creating prefix script '/home/kjh/robot_gui_pkg/install/local_setup.bash'
[1.843s] INFO:colcon.colcon_core.shell:Creating prefix chain script '/home/kjh/robot_gui_pkg/install/setup.bash'
[1.843s] INFO:colcon.colcon_core.shell:Creating prefix script '/home/kjh/robot_gui_pkg/install/local_setup.zsh'
[1.843s] INFO:colcon.colcon_core.shell:Creating prefix chain script '/home/kjh/robot_gui_pkg/install/setup.zsh'
