running egg_info
creating ../../build/ros2_gui/ros2_gui.egg-info
writing ../../build/ros2_gui/ros2_gui.egg-info/PKG-INFO
writing dependency_links to ../../build/ros2_gui/ros2_gui.egg-info/dependency_links.txt
writing entry points to ../../build/ros2_gui/ros2_gui.egg-info/entry_points.txt
writing requirements to ../../build/ros2_gui/ros2_gui.egg-info/requires.txt
writing top-level names to ../../build/ros2_gui/ros2_gui.egg-info/top_level.txt
writing manifest file '../../build/ros2_gui/ros2_gui.egg-info/SOURCES.txt'
reading manifest file '../../build/ros2_gui/ros2_gui.egg-info/SOURCES.txt'
writing manifest file '../../build/ros2_gui/ros2_gui.egg-info/SOURCES.txt'
running build
running build_py
creating /home/kjh/robot_gui_pkg/build/ros2_gui/build
creating /home/kjh/robot_gui_pkg/build/ros2_gui/build/lib
creating /home/kjh/robot_gui_pkg/build/ros2_gui/build/lib/ros2_gui
copying ros2_gui/__init__.py -> /home/kjh/robot_gui_pkg/build/ros2_gui/build/lib/ros2_gui
copying ros2_gui/UI_controller.py -> /home/kjh/robot_gui_pkg/build/ros2_gui/build/lib/ros2_gui
running install
running install_lib
creating /home/kjh/robot_gui_pkg/install/ros2_gui/lib/python3.10/site-packages/ros2_gui
copying /home/kjh/robot_gui_pkg/build/ros2_gui/build/lib/ros2_gui/__init__.py -> /home/kjh/robot_gui_pkg/install/ros2_gui/lib/python3.10/site-packages/ros2_gui
copying /home/kjh/robot_gui_pkg/build/ros2_gui/build/lib/ros2_gui/UI_controller.py -> /home/kjh/robot_gui_pkg/install/ros2_gui/lib/python3.10/site-packages/ros2_gui
byte-compiling /home/kjh/robot_gui_pkg/install/ros2_gui/lib/python3.10/site-packages/ros2_gui/__init__.py to __init__.cpython-310.pyc
byte-compiling /home/kjh/robot_gui_pkg/install/ros2_gui/lib/python3.10/site-packages/ros2_gui/UI_controller.py to UI_controller.cpython-310.pyc
running install_data
creating /home/kjh/robot_gui_pkg/install/ros2_gui/share/ament_index
creating /home/kjh/robot_gui_pkg/install/ros2_gui/share/ament_index/resource_index
creating /home/kjh/robot_gui_pkg/install/ros2_gui/share/ament_index/resource_index/packages
copying resource/ros2_gui -> /home/kjh/robot_gui_pkg/install/ros2_gui/share/ament_index/resource_index/packages
copying package.xml -> /home/kjh/robot_gui_pkg/install/ros2_gui/share/ros2_gui
running install_egg_info
Copying ../../build/ros2_gui/ros2_gui.egg-info to /home/kjh/robot_gui_pkg/install/ros2_gui/lib/python3.10/site-packages/ros2_gui-0.0.0-py3.10.egg-info
running install_scripts
Installing run_ui script to /home/kjh/robot_gui_pkg/install/ros2_gui/lib/ros2_gui
writing list of installed files to '/home/kjh/robot_gui_pkg/build/ros2_gui/install.log'
