-- The C compiler identification is GNU 11.4.0
-- The CXX compiler identification is GNU 11.4.0
-- Detecting C compiler ABI info
-- Detecting C compiler ABI info - done
-- Check for working C compiler: /usr/bin/cc - skipped
-- Detecting C compile features
-- Detecting C compile features - done
-- Detecting CXX compiler ABI info
-- Detecting CXX compiler ABI info - done
-- Check for working CXX compiler: /usr/bin/c++ - skipped
-- Detecting CXX compile features
-- Detecting CXX compile features - done
-- Found ament_cmake: 1.3.4 (/opt/ros/humble/share/ament_cmake/cmake)
-- Found Python3: /usr/bin/python3.10 (found version "3.10.12") found components: Interpreter 
-- Override CMake install command with custom implementation using symlinks instead of copying resources
-- Found geometry_msgs: 4.2.3 (/opt/ros/humble/share/geometry_msgs/cmake)
-- Found rosidl_generator_c: 3.1.4 (/opt/ros/humble/share/rosidl_generator_c/cmake)
-- Found rosidl_adapter: 3.1.4 (/opt/ros/humble/share/rosidl_adapter/cmake)
-- Found rosidl_generator_cpp: 3.1.4 (/opt/ros/humble/share/rosidl_generator_cpp/cmake)
-- Using all available rosidl_typesupport_c: rosidl_typesupport_fastrtps_c;rosidl_typesupport_introspection_c
-- Using all available rosidl_typesupport_cpp: rosidl_typesupport_fastrtps_cpp;rosidl_typesupport_introspection_cpp
-- Found rosidl_default_generators: 1.2.0 (/opt/ros/humble/share/rosidl_default_generators/cmake)
-- Found ament_cmake_ros: 0.10.0 (/opt/ros/humble/share/ament_cmake_ros/cmake)
-- Using all available rosidl_typesupport_c: rosidl_typesupport_fastrtps_c;rosidl_typesupport_introspection_c
-- Using all available rosidl_typesupport_cpp: rosidl_typesupport_fastrtps_cpp;rosidl_typesupport_introspection_cpp
-- Found PythonInterp: /usr/bin/python3 (found suitable version "3.10.12", minimum required is "3.6") 
-- Found python_cmake_module: 0.10.0 (/opt/ros/humble/share/python_cmake_module/cmake)
-- Found PythonLibs: /usr/lib/x86_64-linux-gnu/libpython3.10.so (found suitable version "3.10.12", minimum required is "3.5") 
-- Using PYTHON_EXECUTABLE: /usr/bin/python3
-- Using PYTHON_INCLUDE_DIRS: /usr/include/python3.10
-- Using PYTHON_LIBRARIES: /usr/lib/x86_64-linux-gnu/libpython3.10.so
-- Found PythonExtra: .so  
-- Found ament_lint_auto: 0.12.6 (/opt/ros/humble/share/ament_lint_auto/cmake)
-- Added test 'copyright' to check source files copyright and LICENSE
-- Added test 'lint_cmake' to check CMake code style
-- Added test 'xmllint' to check XML markup files
-- Configuring done (1.3s)
-- Generating done (0.0s)
-- Build files have been written to: /home/kjh/robot_gui_pkg/build/ros2_interfaces
[  1%] [34m[1mGenerating C code for ROS interfaces[0m
[  2%] [34m[1mGenerating C++ code for ROS interfaces[0m
[  2%] Built target ament_cmake_python_symlink_ros2_interfaces
running egg_info
creating ros2_interfaces.egg-info
writing ros2_interfaces.egg-info/PKG-INFO
writing dependency_links to ros2_interfaces.egg-info/dependency_links.txt
writing top-level names to ros2_interfaces.egg-info/top_level.txt
writing manifest file 'ros2_interfaces.egg-info/SOURCES.txt'
reading manifest file 'ros2_interfaces.egg-info/SOURCES.txt'
writing manifest file 'ros2_interfaces.egg-info/SOURCES.txt'
[  2%] Built target ament_cmake_python_build_ros2_interfaces_egg
[  2%] Built target ros2_interfaces__cpp
[  4%] [34m[1mGenerating C++ type support dispatch for ROS interfaces[0m
[  4%] [34m[1mGenerating C++ type support for eProsima Fast-RTPS[0m
[  5%] [34m[1mGenerating C++ introspection for ROS interfaces[0m
[  6%] [32mBuilding C object CMakeFiles/ros2_interfaces__rosidl_generator_c.dir/rosidl_generator_c/ros2_interfaces/msg/detail/bridge_bool_multi_array__functions.c.o[0m
[  8%] [32mBuilding C object CMakeFiles/ros2_interfaces__rosidl_generator_c.dir/rosidl_generator_c/ros2_interfaces/msg/detail/bridge_float32_multi_array__functions.c.o[0m
[  9%] [32mBuilding C object CMakeFiles/ros2_interfaces__rosidl_generator_c.dir/rosidl_generator_c/ros2_interfaces/msg/detail/bridge_joint_state_with_accel__functions.c.o[0m
[ 10%] [32mBuilding C object CMakeFiles/ros2_interfaces__rosidl_generator_c.dir/rosidl_generator_c/ros2_interfaces/msg/detail/bridge_string_multi_array__functions.c.o[0m
[ 11%] [32mBuilding C object CMakeFiles/ros2_interfaces__rosidl_generator_c.dir/rosidl_generator_c/ros2_interfaces/msg/detail/bridge_dt__functions.c.o[0m
[ 12%] [32mBuilding C object CMakeFiles/ros2_interfaces__rosidl_generator_c.dir/rosidl_generator_c/ros2_interfaces/msg/detail/bridge_robot_status__functions.c.o[0m
[ 13%] [32mBuilding C object CMakeFiles/ros2_interfaces__rosidl_generator_c.dir/rosidl_generator_c/ros2_interfaces/msg/detail/bridge_current__functions.c.o[0m
[ 14%] [32mBuilding C object CMakeFiles/ros2_interfaces__rosidl_generator_c.dir/rosidl_generator_c/ros2_interfaces/msg/detail/bridge_error__functions.c.o[0m
[ 16%] [32m[1mLinking C shared library libros2_interfaces__rosidl_generator_c.so[0m
[ 16%] Built target ros2_interfaces__rosidl_generator_c
[ 17%] [34m[1mGenerating C type support for eProsima Fast-RTPS[0m
[ 18%] [34m[1mGenerating C introspection for ROS interfaces[0m
[ 19%] [34m[1mGenerating C type support dispatch for ROS interfaces[0m
[ 20%] [32mBuilding CXX object CMakeFiles/ros2_interfaces__rosidl_typesupport_cpp.dir/rosidl_typesupport_cpp/ros2_interfaces/msg/bridge_bool_multi_array__type_support.cpp.o[0m
[ 21%] [32mBuilding CXX object CMakeFiles/ros2_interfaces__rosidl_typesupport_cpp.dir/rosidl_typesupport_cpp/ros2_interfaces/msg/bridge_float32_multi_array__type_support.cpp.o[0m
[ 22%] [32mBuilding CXX object CMakeFiles/ros2_interfaces__rosidl_typesupport_cpp.dir/rosidl_typesupport_cpp/ros2_interfaces/msg/bridge_current__type_support.cpp.o[0m
[ 24%] [32mBuilding CXX object CMakeFiles/ros2_interfaces__rosidl_typesupport_cpp.dir/rosidl_typesupport_cpp/ros2_interfaces/msg/bridge_joint_state_with_accel__type_support.cpp.o[0m
[ 25%] [32mBuilding CXX object CMakeFiles/ros2_interfaces__rosidl_typesupport_cpp.dir/rosidl_typesupport_cpp/ros2_interfaces/msg/bridge_string_multi_array__type_support.cpp.o[0m
[ 26%] [32mBuilding CXX object CMakeFiles/ros2_interfaces__rosidl_typesupport_cpp.dir/rosidl_typesupport_cpp/ros2_interfaces/msg/bridge_dt__type_support.cpp.o[0m
[ 27%] [32mBuilding CXX object CMakeFiles/ros2_interfaces__rosidl_typesupport_cpp.dir/rosidl_typesupport_cpp/ros2_interfaces/msg/bridge_error__type_support.cpp.o[0m
[ 28%] [32mBuilding CXX object CMakeFiles/ros2_interfaces__rosidl_typesupport_cpp.dir/rosidl_typesupport_cpp/ros2_interfaces/msg/bridge_robot_status__type_support.cpp.o[0m
[ 29%] [32mBuilding CXX object CMakeFiles/ros2_interfaces__rosidl_typesupport_introspection_cpp.dir/rosidl_typesupport_introspection_cpp/ros2_interfaces/msg/detail/bridge_bool_multi_array__type_support.cpp.o[0m
[ 32%] [32mBuilding CXX object CMakeFiles/ros2_interfaces__rosidl_typesupport_introspection_cpp.dir/rosidl_typesupport_introspection_cpp/ros2_interfaces/msg/detail/bridge_string_multi_array__type_support.cpp.o[0m
[ 32%] [32mBuilding CXX object CMakeFiles/ros2_interfaces__rosidl_typesupport_introspection_cpp.dir/rosidl_typesupport_introspection_cpp/ros2_interfaces/msg/detail/bridge_float32_multi_array__type_support.cpp.o[0m
[ 33%] [32mBuilding CXX object CMakeFiles/ros2_interfaces__rosidl_typesupport_introspection_cpp.dir/rosidl_typesupport_introspection_cpp/ros2_interfaces/msg/detail/bridge_joint_state_with_accel__type_support.cpp.o[0m
[ 34%] [32mBuilding CXX object CMakeFiles/ros2_interfaces__rosidl_typesupport_introspection_cpp.dir/rosidl_typesupport_introspection_cpp/ros2_interfaces/msg/detail/bridge_dt__type_support.cpp.o[0m
[ 35%] [32mBuilding CXX object CMakeFiles/ros2_interfaces__rosidl_typesupport_introspection_cpp.dir/rosidl_typesupport_introspection_cpp/ros2_interfaces/msg/detail/bridge_current__type_support.cpp.o[0m
[ 36%] [32mBuilding CXX object CMakeFiles/ros2_interfaces__rosidl_typesupport_introspection_cpp.dir/rosidl_typesupport_introspection_cpp/ros2_interfaces/msg/detail/bridge_error__type_support.cpp.o[0m
[ 37%] [32mBuilding CXX object CMakeFiles/ros2_interfaces__rosidl_typesupport_introspection_cpp.dir/rosidl_typesupport_introspection_cpp/ros2_interfaces/msg/detail/bridge_robot_status__type_support.cpp.o[0m
[ 39%] [32mBuilding CXX object CMakeFiles/ros2_interfaces__rosidl_typesupport_c.dir/rosidl_typesupport_c/ros2_interfaces/msg/bridge_bool_multi_array__type_support.cpp.o[0m
[ 40%] [32mBuilding CXX object CMakeFiles/ros2_interfaces__rosidl_typesupport_c.dir/rosidl_typesupport_c/ros2_interfaces/msg/bridge_float32_multi_array__type_support.cpp.o[0m
[ 41%] [32mBuilding CXX object CMakeFiles/ros2_interfaces__rosidl_typesupport_fastrtps_cpp.dir/rosidl_typesupport_fastrtps_cpp/ros2_interfaces/msg/detail/dds_fastrtps/bridge_bool_multi_array__type_support.cpp.o[0m
[ 42%] [32mBuilding CXX object CMakeFiles/ros2_interfaces__rosidl_typesupport_c.dir/rosidl_typesupport_c/ros2_interfaces/msg/bridge_joint_state_with_accel__type_support.cpp.o[0m
[ 43%] [32mBuilding CXX object CMakeFiles/ros2_interfaces__rosidl_typesupport_c.dir/rosidl_typesupport_c/ros2_interfaces/msg/bridge_string_multi_array__type_support.cpp.o[0m
[ 44%] [32mBuilding CXX object CMakeFiles/ros2_interfaces__rosidl_typesupport_c.dir/rosidl_typesupport_c/ros2_interfaces/msg/bridge_dt__type_support.cpp.o[0m
[ 45%] [32mBuilding CXX object CMakeFiles/ros2_interfaces__rosidl_typesupport_fastrtps_cpp.dir/rosidl_typesupport_fastrtps_cpp/ros2_interfaces/msg/detail/dds_fastrtps/bridge_float32_multi_array__type_support.cpp.o[0m
[ 47%] [32mBuilding C object CMakeFiles/ros2_interfaces__rosidl_typesupport_introspection_c.dir/rosidl_typesupport_introspection_c/ros2_interfaces/msg/detail/bridge_float32_multi_array__type_support.c.o[0m
[ 48%] [32mBuilding CXX object CMakeFiles/ros2_interfaces__rosidl_typesupport_fastrtps_cpp.dir/rosidl_typesupport_fastrtps_cpp/ros2_interfaces/msg/detail/dds_fastrtps/bridge_joint_state_with_accel__type_support.cpp.o[0m
[ 49%] [32mBuilding C object CMakeFiles/ros2_interfaces__rosidl_typesupport_introspection_c.dir/rosidl_typesupport_introspection_c/ros2_interfaces/msg/detail/bridge_joint_state_with_accel__type_support.c.o[0m
[ 50%] [32mBuilding C object CMakeFiles/ros2_interfaces__rosidl_typesupport_introspection_c.dir/rosidl_typesupport_introspection_c/ros2_interfaces/msg/detail/bridge_bool_multi_array__type_support.c.o[0m
[ 51%] [32mBuilding CXX object CMakeFiles/ros2_interfaces__rosidl_typesupport_c.dir/rosidl_typesupport_c/ros2_interfaces/msg/bridge_current__type_support.cpp.o[0m
[ 52%] [32mBuilding CXX object CMakeFiles/ros2_interfaces__rosidl_typesupport_c.dir/rosidl_typesupport_c/ros2_interfaces/msg/bridge_error__type_support.cpp.o[0m
[ 54%] [32mBuilding CXX object CMakeFiles/ros2_interfaces__rosidl_typesupport_fastrtps_c.dir/rosidl_typesupport_fastrtps_c/ros2_interfaces/msg/detail/bridge_bool_multi_array__type_support_c.cpp.o[0m
[ 55%] [32mBuilding CXX object CMakeFiles/ros2_interfaces__rosidl_typesupport_fastrtps_cpp.dir/rosidl_typesupport_fastrtps_cpp/ros2_interfaces/msg/detail/dds_fastrtps/bridge_string_multi_array__type_support.cpp.o[0m
[ 56%] [32mBuilding CXX object CMakeFiles/ros2_interfaces__rosidl_typesupport_c.dir/rosidl_typesupport_c/ros2_interfaces/msg/bridge_robot_status__type_support.cpp.o[0m
[ 57%] [32mBuilding CXX object CMakeFiles/ros2_interfaces__rosidl_typesupport_fastrtps_cpp.dir/rosidl_typesupport_fastrtps_cpp/ros2_interfaces/msg/detail/dds_fastrtps/bridge_dt__type_support.cpp.o[0m
[ 58%] [32mBuilding C object CMakeFiles/ros2_interfaces__rosidl_typesupport_introspection_c.dir/rosidl_typesupport_introspection_c/ros2_interfaces/msg/detail/bridge_string_multi_array__type_support.c.o[0m
[ 59%] [32mBuilding C object CMakeFiles/ros2_interfaces__rosidl_typesupport_introspection_c.dir/rosidl_typesupport_introspection_c/ros2_interfaces/msg/detail/bridge_dt__type_support.c.o[0m
[ 62%] [32mBuilding CXX object CMakeFiles/ros2_interfaces__rosidl_typesupport_fastrtps_cpp.dir/rosidl_typesupport_fastrtps_cpp/ros2_interfaces/msg/detail/dds_fastrtps/bridge_current__type_support.cpp.o[0m
[ 62%] [32mBuilding CXX object CMakeFiles/ros2_interfaces__rosidl_typesupport_fastrtps_c.dir/rosidl_typesupport_fastrtps_c/ros2_interfaces/msg/detail/bridge_float32_multi_array__type_support_c.cpp.o[0m
[ 63%] [32mBuilding CXX object CMakeFiles/ros2_interfaces__rosidl_typesupport_fastrtps_c.dir/rosidl_typesupport_fastrtps_c/ros2_interfaces/msg/detail/bridge_joint_state_with_accel__type_support_c.cpp.o[0m
[ 64%] [32m[1mLinking CXX shared library libros2_interfaces__rosidl_typesupport_cpp.so[0m
[ 65%] [32m[1mLinking CXX shared library libros2_interfaces__rosidl_typesupport_c.so[0m
[ 66%] [32mBuilding C object CMakeFiles/ros2_interfaces__rosidl_typesupport_introspection_c.dir/rosidl_typesupport_introspection_c/ros2_interfaces/msg/detail/bridge_current__type_support.c.o[0m
[ 66%] Built target ros2_interfaces__rosidl_typesupport_c
[ 67%] [32mBuilding CXX object CMakeFiles/ros2_interfaces__rosidl_typesupport_fastrtps_c.dir/rosidl_typesupport_fastrtps_c/ros2_interfaces/msg/detail/bridge_string_multi_array__type_support_c.cpp.o[0m
[ 67%] Built target ros2_interfaces__rosidl_typesupport_cpp
[ 68%] [32mBuilding C object CMakeFiles/ros2_interfaces__rosidl_typesupport_introspection_c.dir/rosidl_typesupport_introspection_c/ros2_interfaces/msg/detail/bridge_error__type_support.c.o[0m
[ 70%] [32mBuilding C object CMakeFiles/ros2_interfaces__rosidl_typesupport_introspection_c.dir/rosidl_typesupport_introspection_c/ros2_interfaces/msg/detail/bridge_robot_status__type_support.c.o[0m
[ 71%] [32mBuilding CXX object CMakeFiles/ros2_interfaces__rosidl_typesupport_fastrtps_c.dir/rosidl_typesupport_fastrtps_c/ros2_interfaces/msg/detail/bridge_dt__type_support_c.cpp.o[0m
[ 72%] [32mBuilding CXX object CMakeFiles/ros2_interfaces__rosidl_typesupport_fastrtps_c.dir/rosidl_typesupport_fastrtps_c/ros2_interfaces/msg/detail/bridge_current__type_support_c.cpp.o[0m
[ 73%] [32mBuilding CXX object CMakeFiles/ros2_interfaces__rosidl_typesupport_fastrtps_c.dir/rosidl_typesupport_fastrtps_c/ros2_interfaces/msg/detail/bridge_error__type_support_c.cpp.o[0m
[ 74%] [32m[1mLinking C shared library libros2_interfaces__rosidl_typesupport_introspection_c.so[0m
[ 75%] [32mBuilding CXX object CMakeFiles/ros2_interfaces__rosidl_typesupport_fastrtps_c.dir/rosidl_typesupport_fastrtps_c/ros2_interfaces/msg/detail/bridge_robot_status__type_support_c.cpp.o[0m
[ 77%] [32mBuilding CXX object CMakeFiles/ros2_interfaces__rosidl_typesupport_fastrtps_cpp.dir/rosidl_typesupport_fastrtps_cpp/ros2_interfaces/msg/detail/dds_fastrtps/bridge_error__type_support.cpp.o[0m
[ 78%] [32mBuilding CXX object CMakeFiles/ros2_interfaces__rosidl_typesupport_fastrtps_cpp.dir/rosidl_typesupport_fastrtps_cpp/ros2_interfaces/msg/detail/dds_fastrtps/bridge_robot_status__type_support.cpp.o[0m
[ 78%] Built target ros2_interfaces__rosidl_typesupport_introspection_c
[ 79%] [32m[1mLinking CXX shared library libros2_interfaces__rosidl_typesupport_introspection_cpp.so[0m
[ 79%] Built target ros2_interfaces__rosidl_typesupport_introspection_cpp
[ 80%] [32m[1mLinking CXX shared library libros2_interfaces__rosidl_typesupport_fastrtps_c.so[0m
[ 80%] Built target ros2_interfaces__rosidl_typesupport_fastrtps_c
[ 81%] [32m[1mLinking CXX shared library libros2_interfaces__rosidl_typesupport_fastrtps_cpp.so[0m
[ 81%] Built target ros2_interfaces__rosidl_typesupport_fastrtps_cpp
[ 81%] Built target ros2_interfaces
[ 82%] [34m[1mGenerating Python code for ROS interfaces[0m
[ 82%] Built target ros2_interfaces__py
[ 83%] [32mBuilding C object CMakeFiles/ros2_interfaces__rosidl_generator_py.dir/rosidl_generator_py/ros2_interfaces/msg/_bridge_bool_multi_array_s.c.o[0m
[ 85%] [32mBuilding C object CMakeFiles/ros2_interfaces__rosidl_generator_py.dir/rosidl_generator_py/ros2_interfaces/msg/_bridge_float32_multi_array_s.c.o[0m
[ 86%] [32mBuilding C object CMakeFiles/ros2_interfaces__rosidl_generator_py.dir/rosidl_generator_py/ros2_interfaces/msg/_bridge_joint_state_with_accel_s.c.o[0m
[ 87%] [32mBuilding C object CMakeFiles/ros2_interfaces__rosidl_generator_py.dir/rosidl_generator_py/ros2_interfaces/msg/_bridge_string_multi_array_s.c.o[0m
[ 89%] [32mBuilding C object CMakeFiles/ros2_interfaces__rosidl_generator_py.dir/rosidl_generator_py/ros2_interfaces/msg/_bridge_dt_s.c.o[0m
[ 89%] [32mBuilding C object CMakeFiles/ros2_interfaces__rosidl_generator_py.dir/rosidl_generator_py/ros2_interfaces/msg/_bridge_current_s.c.o[0m
[ 90%] [32mBuilding C object CMakeFiles/ros2_interfaces__rosidl_generator_py.dir/rosidl_generator_py/ros2_interfaces/msg/_bridge_error_s.c.o[0m
[ 91%] [32mBuilding C object CMakeFiles/ros2_interfaces__rosidl_generator_py.dir/rosidl_generator_py/ros2_interfaces/msg/_bridge_robot_status_s.c.o[0m
[ 93%] [32m[1mLinking C shared library rosidl_generator_py/ros2_interfaces/libros2_interfaces__rosidl_generator_py.so[0m
[ 93%] Built target ros2_interfaces__rosidl_generator_py
[ 94%] [32mBuilding C object CMakeFiles/ros2_interfaces__rosidl_typesupport_fastrtps_c__pyext.dir/rosidl_generator_py/ros2_interfaces/_ros2_interfaces_s.ep.rosidl_typesupport_fastrtps_c.c.o[0m
[ 96%] [32mBuilding C object CMakeFiles/ros2_interfaces__rosidl_typesupport_introspection_c__pyext.dir/rosidl_generator_py/ros2_interfaces/_ros2_interfaces_s.ep.rosidl_typesupport_introspection_c.c.o[0m
[ 96%] [32mBuilding C object CMakeFiles/ros2_interfaces__rosidl_typesupport_c__pyext.dir/rosidl_generator_py/ros2_interfaces/_ros2_interfaces_s.ep.rosidl_typesupport_c.c.o[0m
[ 97%] [32m[1mLinking C shared library rosidl_generator_py/ros2_interfaces/ros2_interfaces_s__rosidl_typesupport_introspection_c.cpython-310-x86_64-linux-gnu.so[0m
[ 98%] [32m[1mLinking C shared library rosidl_generator_py/ros2_interfaces/ros2_interfaces_s__rosidl_typesupport_c.cpython-310-x86_64-linux-gnu.so[0m
[100%] [32m[1mLinking C shared library rosidl_generator_py/ros2_interfaces/ros2_interfaces_s__rosidl_typesupport_fastrtps_c.cpython-310-x86_64-linux-gnu.so[0m
[100%] Built target ros2_interfaces__rosidl_typesupport_introspection_c__pyext
[100%] Built target ros2_interfaces__rosidl_typesupport_c__pyext
[100%] Built target ros2_interfaces__rosidl_typesupport_fastrtps_c__pyext
-- Install configuration: ""
-- Execute custom install script
-- Symlinking: /home/kjh/robot_gui_pkg/install/ros2_interfaces/share/ament_index/resource_index/rosidl_interfaces/ros2_interfaces
-- Symlinking: /home/kjh/robot_gui_pkg/install/ros2_interfaces/include/ros2_interfaces/ros2_interfaces/msg/bridge_bool_multi_array.h
-- Symlinking: /home/kjh/robot_gui_pkg/install/ros2_interfaces/include/ros2_interfaces/ros2_interfaces/msg/bridge_current.h
-- Symlinking: /home/kjh/robot_gui_pkg/install/ros2_interfaces/include/ros2_interfaces/ros2_interfaces/msg/bridge_dt.h
-- Symlinking: /home/kjh/robot_gui_pkg/install/ros2_interfaces/include/ros2_interfaces/ros2_interfaces/msg/bridge_error.h
-- Symlinking: /home/kjh/robot_gui_pkg/install/ros2_interfaces/include/ros2_interfaces/ros2_interfaces/msg/bridge_float32_multi_array.h
-- Symlinking: /home/kjh/robot_gui_pkg/install/ros2_interfaces/include/ros2_interfaces/ros2_interfaces/msg/bridge_joint_state_with_accel.h
-- Symlinking: /home/kjh/robot_gui_pkg/install/ros2_interfaces/include/ros2_interfaces/ros2_interfaces/msg/bridge_robot_status.h
-- Symlinking: /home/kjh/robot_gui_pkg/install/ros2_interfaces/include/ros2_interfaces/ros2_interfaces/msg/bridge_string_multi_array.h
-- Symlinking: /home/kjh/robot_gui_pkg/install/ros2_interfaces/include/ros2_interfaces/ros2_interfaces/msg/detail/bridge_bool_multi_array__functions.h
-- Symlinking: /home/kjh/robot_gui_pkg/install/ros2_interfaces/include/ros2_interfaces/ros2_interfaces/msg/detail/bridge_bool_multi_array__struct.h
-- Symlinking: /home/kjh/robot_gui_pkg/install/ros2_interfaces/include/ros2_interfaces/ros2_interfaces/msg/detail/bridge_bool_multi_array__type_support.h
-- Symlinking: /home/kjh/robot_gui_pkg/install/ros2_interfaces/include/ros2_interfaces/ros2_interfaces/msg/detail/bridge_current__functions.h
-- Symlinking: /home/kjh/robot_gui_pkg/install/ros2_interfaces/include/ros2_interfaces/ros2_interfaces/msg/detail/bridge_current__struct.h
-- Symlinking: /home/kjh/robot_gui_pkg/install/ros2_interfaces/include/ros2_interfaces/ros2_interfaces/msg/detail/bridge_current__type_support.h
-- Symlinking: /home/kjh/robot_gui_pkg/install/ros2_interfaces/include/ros2_interfaces/ros2_interfaces/msg/detail/bridge_dt__functions.h
-- Symlinking: /home/kjh/robot_gui_pkg/install/ros2_interfaces/include/ros2_interfaces/ros2_interfaces/msg/detail/bridge_dt__struct.h
-- Symlinking: /home/kjh/robot_gui_pkg/install/ros2_interfaces/include/ros2_interfaces/ros2_interfaces/msg/detail/bridge_dt__type_support.h
-- Symlinking: /home/kjh/robot_gui_pkg/install/ros2_interfaces/include/ros2_interfaces/ros2_interfaces/msg/detail/bridge_error__functions.h
-- Symlinking: /home/kjh/robot_gui_pkg/install/ros2_interfaces/include/ros2_interfaces/ros2_interfaces/msg/detail/bridge_error__struct.h
-- Symlinking: /home/kjh/robot_gui_pkg/install/ros2_interfaces/include/ros2_interfaces/ros2_interfaces/msg/detail/bridge_error__type_support.h
-- Symlinking: /home/kjh/robot_gui_pkg/install/ros2_interfaces/include/ros2_interfaces/ros2_interfaces/msg/detail/bridge_float32_multi_array__functions.h
-- Symlinking: /home/kjh/robot_gui_pkg/install/ros2_interfaces/include/ros2_interfaces/ros2_interfaces/msg/detail/bridge_float32_multi_array__struct.h
-- Symlinking: /home/kjh/robot_gui_pkg/install/ros2_interfaces/include/ros2_interfaces/ros2_interfaces/msg/detail/bridge_float32_multi_array__type_support.h
-- Symlinking: /home/kjh/robot_gui_pkg/install/ros2_interfaces/include/ros2_interfaces/ros2_interfaces/msg/detail/bridge_joint_state_with_accel__functions.h
-- Symlinking: /home/kjh/robot_gui_pkg/install/ros2_interfaces/include/ros2_interfaces/ros2_interfaces/msg/detail/bridge_joint_state_with_accel__struct.h
-- Symlinking: /home/kjh/robot_gui_pkg/install/ros2_interfaces/include/ros2_interfaces/ros2_interfaces/msg/detail/bridge_joint_state_with_accel__type_support.h
-- Symlinking: /home/kjh/robot_gui_pkg/install/ros2_interfaces/include/ros2_interfaces/ros2_interfaces/msg/detail/bridge_robot_status__functions.h
-- Symlinking: /home/kjh/robot_gui_pkg/install/ros2_interfaces/include/ros2_interfaces/ros2_interfaces/msg/detail/bridge_robot_status__struct.h
-- Symlinking: /home/kjh/robot_gui_pkg/install/ros2_interfaces/include/ros2_interfaces/ros2_interfaces/msg/detail/bridge_robot_status__type_support.h
-- Symlinking: /home/kjh/robot_gui_pkg/install/ros2_interfaces/include/ros2_interfaces/ros2_interfaces/msg/detail/bridge_string_multi_array__functions.h
-- Symlinking: /home/kjh/robot_gui_pkg/install/ros2_interfaces/include/ros2_interfaces/ros2_interfaces/msg/detail/bridge_string_multi_array__struct.h
-- Symlinking: /home/kjh/robot_gui_pkg/install/ros2_interfaces/include/ros2_interfaces/ros2_interfaces/msg/detail/bridge_string_multi_array__type_support.h
-- Symlinking: /home/kjh/robot_gui_pkg/install/ros2_interfaces/include/ros2_interfaces/ros2_interfaces/msg/rosidl_generator_c__visibility_control.h
-- Symlinking: /home/kjh/robot_gui_pkg/install/ros2_interfaces/share/ros2_interfaces/environment/library_path.sh
-- Symlinking: /home/kjh/robot_gui_pkg/install/ros2_interfaces/share/ros2_interfaces/environment/library_path.dsv
-- Symlinking: /home/kjh/robot_gui_pkg/install/ros2_interfaces/include/ros2_interfaces/ros2_interfaces/msg/detail/bridge_bool_multi_array__rosidl_typesupport_fastrtps_c.h
-- Symlinking: /home/kjh/robot_gui_pkg/install/ros2_interfaces/include/ros2_interfaces/ros2_interfaces/msg/detail/bridge_current__rosidl_typesupport_fastrtps_c.h
-- Symlinking: /home/kjh/robot_gui_pkg/install/ros2_interfaces/include/ros2_interfaces/ros2_interfaces/msg/detail/bridge_dt__rosidl_typesupport_fastrtps_c.h
-- Symlinking: /home/kjh/robot_gui_pkg/install/ros2_interfaces/include/ros2_interfaces/ros2_interfaces/msg/detail/bridge_error__rosidl_typesupport_fastrtps_c.h
-- Symlinking: /home/kjh/robot_gui_pkg/install/ros2_interfaces/include/ros2_interfaces/ros2_interfaces/msg/detail/bridge_float32_multi_array__rosidl_typesupport_fastrtps_c.h
-- Symlinking: /home/kjh/robot_gui_pkg/install/ros2_interfaces/include/ros2_interfaces/ros2_interfaces/msg/detail/bridge_joint_state_with_accel__rosidl_typesupport_fastrtps_c.h
-- Symlinking: /home/kjh/robot_gui_pkg/install/ros2_interfaces/include/ros2_interfaces/ros2_interfaces/msg/detail/bridge_robot_status__rosidl_typesupport_fastrtps_c.h
-- Symlinking: /home/kjh/robot_gui_pkg/install/ros2_interfaces/include/ros2_interfaces/ros2_interfaces/msg/detail/bridge_string_multi_array__rosidl_typesupport_fastrtps_c.h
-- Symlinking: /home/kjh/robot_gui_pkg/install/ros2_interfaces/include/ros2_interfaces/ros2_interfaces/msg/rosidl_typesupport_fastrtps_c__visibility_control.h
-- Symlinking: /home/kjh/robot_gui_pkg/install/ros2_interfaces/include/ros2_interfaces/ros2_interfaces/msg/bridge_bool_multi_array.hpp
-- Symlinking: /home/kjh/robot_gui_pkg/install/ros2_interfaces/include/ros2_interfaces/ros2_interfaces/msg/bridge_current.hpp
-- Symlinking: /home/kjh/robot_gui_pkg/install/ros2_interfaces/include/ros2_interfaces/ros2_interfaces/msg/bridge_dt.hpp
-- Symlinking: /home/kjh/robot_gui_pkg/install/ros2_interfaces/include/ros2_interfaces/ros2_interfaces/msg/bridge_error.hpp
-- Symlinking: /home/kjh/robot_gui_pkg/install/ros2_interfaces/include/ros2_interfaces/ros2_interfaces/msg/bridge_float32_multi_array.hpp
-- Symlinking: /home/kjh/robot_gui_pkg/install/ros2_interfaces/include/ros2_interfaces/ros2_interfaces/msg/bridge_joint_state_with_accel.hpp
-- Symlinking: /home/kjh/robot_gui_pkg/install/ros2_interfaces/include/ros2_interfaces/ros2_interfaces/msg/bridge_robot_status.hpp
-- Symlinking: /home/kjh/robot_gui_pkg/install/ros2_interfaces/include/ros2_interfaces/ros2_interfaces/msg/bridge_string_multi_array.hpp
-- Symlinking: /home/kjh/robot_gui_pkg/install/ros2_interfaces/include/ros2_interfaces/ros2_interfaces/msg/detail/bridge_bool_multi_array__builder.hpp
-- Symlinking: /home/kjh/robot_gui_pkg/install/ros2_interfaces/include/ros2_interfaces/ros2_interfaces/msg/detail/bridge_bool_multi_array__struct.hpp
-- Symlinking: /home/kjh/robot_gui_pkg/install/ros2_interfaces/include/ros2_interfaces/ros2_interfaces/msg/detail/bridge_bool_multi_array__traits.hpp
-- Symlinking: /home/kjh/robot_gui_pkg/install/ros2_interfaces/include/ros2_interfaces/ros2_interfaces/msg/detail/bridge_current__builder.hpp
-- Symlinking: /home/kjh/robot_gui_pkg/install/ros2_interfaces/include/ros2_interfaces/ros2_interfaces/msg/detail/bridge_current__struct.hpp
-- Symlinking: /home/kjh/robot_gui_pkg/install/ros2_interfaces/include/ros2_interfaces/ros2_interfaces/msg/detail/bridge_current__traits.hpp
-- Symlinking: /home/kjh/robot_gui_pkg/install/ros2_interfaces/include/ros2_interfaces/ros2_interfaces/msg/detail/bridge_dt__builder.hpp
-- Symlinking: /home/kjh/robot_gui_pkg/install/ros2_interfaces/include/ros2_interfaces/ros2_interfaces/msg/detail/bridge_dt__struct.hpp
-- Symlinking: /home/kjh/robot_gui_pkg/install/ros2_interfaces/include/ros2_interfaces/ros2_interfaces/msg/detail/bridge_dt__traits.hpp
-- Symlinking: /home/kjh/robot_gui_pkg/install/ros2_interfaces/include/ros2_interfaces/ros2_interfaces/msg/detail/bridge_error__builder.hpp
-- Symlinking: /home/kjh/robot_gui_pkg/install/ros2_interfaces/include/ros2_interfaces/ros2_interfaces/msg/detail/bridge_error__struct.hpp
-- Symlinking: /home/kjh/robot_gui_pkg/install/ros2_interfaces/include/ros2_interfaces/ros2_interfaces/msg/detail/bridge_error__traits.hpp
-- Symlinking: /home/kjh/robot_gui_pkg/install/ros2_interfaces/include/ros2_interfaces/ros2_interfaces/msg/detail/bridge_float32_multi_array__builder.hpp
-- Symlinking: /home/kjh/robot_gui_pkg/install/ros2_interfaces/include/ros2_interfaces/ros2_interfaces/msg/detail/bridge_float32_multi_array__struct.hpp
-- Symlinking: /home/kjh/robot_gui_pkg/install/ros2_interfaces/include/ros2_interfaces/ros2_interfaces/msg/detail/bridge_float32_multi_array__traits.hpp
-- Symlinking: /home/kjh/robot_gui_pkg/install/ros2_interfaces/include/ros2_interfaces/ros2_interfaces/msg/detail/bridge_joint_state_with_accel__builder.hpp
-- Symlinking: /home/kjh/robot_gui_pkg/install/ros2_interfaces/include/ros2_interfaces/ros2_interfaces/msg/detail/bridge_joint_state_with_accel__struct.hpp
-- Symlinking: /home/kjh/robot_gui_pkg/install/ros2_interfaces/include/ros2_interfaces/ros2_interfaces/msg/detail/bridge_joint_state_with_accel__traits.hpp
-- Symlinking: /home/kjh/robot_gui_pkg/install/ros2_interfaces/include/ros2_interfaces/ros2_interfaces/msg/detail/bridge_robot_status__builder.hpp
-- Symlinking: /home/kjh/robot_gui_pkg/install/ros2_interfaces/include/ros2_interfaces/ros2_interfaces/msg/detail/bridge_robot_status__struct.hpp
-- Symlinking: /home/kjh/robot_gui_pkg/install/ros2_interfaces/include/ros2_interfaces/ros2_interfaces/msg/detail/bridge_robot_status__traits.hpp
-- Symlinking: /home/kjh/robot_gui_pkg/install/ros2_interfaces/include/ros2_interfaces/ros2_interfaces/msg/detail/bridge_string_multi_array__builder.hpp
-- Symlinking: /home/kjh/robot_gui_pkg/install/ros2_interfaces/include/ros2_interfaces/ros2_interfaces/msg/detail/bridge_string_multi_array__struct.hpp
-- Symlinking: /home/kjh/robot_gui_pkg/install/ros2_interfaces/include/ros2_interfaces/ros2_interfaces/msg/detail/bridge_string_multi_array__traits.hpp
-- Symlinking: /home/kjh/robot_gui_pkg/install/ros2_interfaces/include/ros2_interfaces/ros2_interfaces/msg/detail/bridge_bool_multi_array__rosidl_typesupport_fastrtps_cpp.hpp
-- Symlinking: /home/kjh/robot_gui_pkg/install/ros2_interfaces/include/ros2_interfaces/ros2_interfaces/msg/detail/bridge_current__rosidl_typesupport_fastrtps_cpp.hpp
-- Symlinking: /home/kjh/robot_gui_pkg/install/ros2_interfaces/include/ros2_interfaces/ros2_interfaces/msg/detail/bridge_dt__rosidl_typesupport_fastrtps_cpp.hpp
-- Symlinking: /home/kjh/robot_gui_pkg/install/ros2_interfaces/include/ros2_interfaces/ros2_interfaces/msg/detail/bridge_error__rosidl_typesupport_fastrtps_cpp.hpp
-- Symlinking: /home/kjh/robot_gui_pkg/install/ros2_interfaces/include/ros2_interfaces/ros2_interfaces/msg/detail/bridge_float32_multi_array__rosidl_typesupport_fastrtps_cpp.hpp
-- Symlinking: /home/kjh/robot_gui_pkg/install/ros2_interfaces/include/ros2_interfaces/ros2_interfaces/msg/detail/bridge_joint_state_with_accel__rosidl_typesupport_fastrtps_cpp.hpp
-- Symlinking: /home/kjh/robot_gui_pkg/install/ros2_interfaces/include/ros2_interfaces/ros2_interfaces/msg/detail/bridge_robot_status__rosidl_typesupport_fastrtps_cpp.hpp
-- Symlinking: /home/kjh/robot_gui_pkg/install/ros2_interfaces/include/ros2_interfaces/ros2_interfaces/msg/detail/bridge_string_multi_array__rosidl_typesupport_fastrtps_cpp.hpp
-- Symlinking: /home/kjh/robot_gui_pkg/install/ros2_interfaces/include/ros2_interfaces/ros2_interfaces/msg/rosidl_typesupport_fastrtps_cpp__visibility_control.h
-- Symlinking: /home/kjh/robot_gui_pkg/install/ros2_interfaces/include/ros2_interfaces/ros2_interfaces/msg/detail/bridge_bool_multi_array__rosidl_typesupport_introspection_c.h
-- Symlinking: /home/kjh/robot_gui_pkg/install/ros2_interfaces/include/ros2_interfaces/ros2_interfaces/msg/detail/bridge_current__rosidl_typesupport_introspection_c.h
-- Symlinking: /home/kjh/robot_gui_pkg/install/ros2_interfaces/include/ros2_interfaces/ros2_interfaces/msg/detail/bridge_dt__rosidl_typesupport_introspection_c.h
-- Symlinking: /home/kjh/robot_gui_pkg/install/ros2_interfaces/include/ros2_interfaces/ros2_interfaces/msg/detail/bridge_error__rosidl_typesupport_introspection_c.h
-- Symlinking: /home/kjh/robot_gui_pkg/install/ros2_interfaces/include/ros2_interfaces/ros2_interfaces/msg/detail/bridge_float32_multi_array__rosidl_typesupport_introspection_c.h
-- Symlinking: /home/kjh/robot_gui_pkg/install/ros2_interfaces/include/ros2_interfaces/ros2_interfaces/msg/detail/bridge_joint_state_with_accel__rosidl_typesupport_introspection_c.h
-- Symlinking: /home/kjh/robot_gui_pkg/install/ros2_interfaces/include/ros2_interfaces/ros2_interfaces/msg/detail/bridge_robot_status__rosidl_typesupport_introspection_c.h
-- Symlinking: /home/kjh/robot_gui_pkg/install/ros2_interfaces/include/ros2_interfaces/ros2_interfaces/msg/detail/bridge_string_multi_array__rosidl_typesupport_introspection_c.h
-- Symlinking: /home/kjh/robot_gui_pkg/install/ros2_interfaces/include/ros2_interfaces/ros2_interfaces/msg/rosidl_typesupport_introspection_c__visibility_control.h
-- Symlinking: /home/kjh/robot_gui_pkg/install/ros2_interfaces/include/ros2_interfaces/ros2_interfaces/msg/detail/bridge_bool_multi_array__rosidl_typesupport_introspection_cpp.hpp
-- Symlinking: /home/kjh/robot_gui_pkg/install/ros2_interfaces/include/ros2_interfaces/ros2_interfaces/msg/detail/bridge_current__rosidl_typesupport_introspection_cpp.hpp
-- Symlinking: /home/kjh/robot_gui_pkg/install/ros2_interfaces/include/ros2_interfaces/ros2_interfaces/msg/detail/bridge_dt__rosidl_typesupport_introspection_cpp.hpp
-- Symlinking: /home/kjh/robot_gui_pkg/install/ros2_interfaces/include/ros2_interfaces/ros2_interfaces/msg/detail/bridge_error__rosidl_typesupport_introspection_cpp.hpp
-- Symlinking: /home/kjh/robot_gui_pkg/install/ros2_interfaces/include/ros2_interfaces/ros2_interfaces/msg/detail/bridge_float32_multi_array__rosidl_typesupport_introspection_cpp.hpp
-- Symlinking: /home/kjh/robot_gui_pkg/install/ros2_interfaces/include/ros2_interfaces/ros2_interfaces/msg/detail/bridge_joint_state_with_accel__rosidl_typesupport_introspection_cpp.hpp
-- Symlinking: /home/kjh/robot_gui_pkg/install/ros2_interfaces/include/ros2_interfaces/ros2_interfaces/msg/detail/bridge_robot_status__rosidl_typesupport_introspection_cpp.hpp
-- Symlinking: /home/kjh/robot_gui_pkg/install/ros2_interfaces/include/ros2_interfaces/ros2_interfaces/msg/detail/bridge_string_multi_array__rosidl_typesupport_introspection_cpp.hpp
-- Symlinking: /home/kjh/robot_gui_pkg/install/ros2_interfaces/share/ros2_interfaces/environment/pythonpath.sh
-- Symlinking: /home/kjh/robot_gui_pkg/install/ros2_interfaces/share/ros2_interfaces/environment/pythonpath.dsv
-- Symlinking: /home/kjh/robot_gui_pkg/install/ros2_interfaces/local/lib/python3.10/dist-packages/ros2_interfaces-0.0.0-py3.10.egg-info/PKG-INFO
-- Symlinking: /home/kjh/robot_gui_pkg/install/ros2_interfaces/local/lib/python3.10/dist-packages/ros2_interfaces-0.0.0-py3.10.egg-info/SOURCES.txt
-- Symlinking: /home/kjh/robot_gui_pkg/install/ros2_interfaces/local/lib/python3.10/dist-packages/ros2_interfaces-0.0.0-py3.10.egg-info/dependency_links.txt
-- Symlinking: /home/kjh/robot_gui_pkg/install/ros2_interfaces/local/lib/python3.10/dist-packages/ros2_interfaces-0.0.0-py3.10.egg-info/top_level.txt
-- Symlinking: /home/kjh/robot_gui_pkg/install/ros2_interfaces/local/lib/python3.10/dist-packages/ros2_interfaces/__init__.py
-- Symlinking: /home/kjh/robot_gui_pkg/install/ros2_interfaces/local/lib/python3.10/dist-packages/ros2_interfaces/_ros2_interfaces_s.ep.rosidl_typesupport_c.c
-- Symlinking: /home/kjh/robot_gui_pkg/install/ros2_interfaces/local/lib/python3.10/dist-packages/ros2_interfaces/_ros2_interfaces_s.ep.rosidl_typesupport_fastrtps_c.c
-- Symlinking: /home/kjh/robot_gui_pkg/install/ros2_interfaces/local/lib/python3.10/dist-packages/ros2_interfaces/_ros2_interfaces_s.ep.rosidl_typesupport_introspection_c.c
-- Symlinking: /home/kjh/robot_gui_pkg/install/ros2_interfaces/local/lib/python3.10/dist-packages/ros2_interfaces/libros2_interfaces__rosidl_generator_py.so
-- Symlinking: /home/kjh/robot_gui_pkg/install/ros2_interfaces/local/lib/python3.10/dist-packages/ros2_interfaces/msg/__init__.py
-- Symlinking: /home/kjh/robot_gui_pkg/install/ros2_interfaces/local/lib/python3.10/dist-packages/ros2_interfaces/msg/_bridge_bool_multi_array.py
-- Symlinking: /home/kjh/robot_gui_pkg/install/ros2_interfaces/local/lib/python3.10/dist-packages/ros2_interfaces/msg/_bridge_bool_multi_array_s.c
-- Symlinking: /home/kjh/robot_gui_pkg/install/ros2_interfaces/local/lib/python3.10/dist-packages/ros2_interfaces/msg/_bridge_current.py
-- Symlinking: /home/kjh/robot_gui_pkg/install/ros2_interfaces/local/lib/python3.10/dist-packages/ros2_interfaces/msg/_bridge_current_s.c
-- Symlinking: /home/kjh/robot_gui_pkg/install/ros2_interfaces/local/lib/python3.10/dist-packages/ros2_interfaces/msg/_bridge_dt.py
-- Symlinking: /home/kjh/robot_gui_pkg/install/ros2_interfaces/local/lib/python3.10/dist-packages/ros2_interfaces/msg/_bridge_dt_s.c
-- Symlinking: /home/kjh/robot_gui_pkg/install/ros2_interfaces/local/lib/python3.10/dist-packages/ros2_interfaces/msg/_bridge_error.py
-- Symlinking: /home/kjh/robot_gui_pkg/install/ros2_interfaces/local/lib/python3.10/dist-packages/ros2_interfaces/msg/_bridge_error_s.c
-- Symlinking: /home/kjh/robot_gui_pkg/install/ros2_interfaces/local/lib/python3.10/dist-packages/ros2_interfaces/msg/_bridge_float32_multi_array.py
-- Symlinking: /home/kjh/robot_gui_pkg/install/ros2_interfaces/local/lib/python3.10/dist-packages/ros2_interfaces/msg/_bridge_float32_multi_array_s.c
-- Symlinking: /home/kjh/robot_gui_pkg/install/ros2_interfaces/local/lib/python3.10/dist-packages/ros2_interfaces/msg/_bridge_joint_state_with_accel.py
-- Symlinking: /home/kjh/robot_gui_pkg/install/ros2_interfaces/local/lib/python3.10/dist-packages/ros2_interfaces/msg/_bridge_joint_state_with_accel_s.c
-- Symlinking: /home/kjh/robot_gui_pkg/install/ros2_interfaces/local/lib/python3.10/dist-packages/ros2_interfaces/msg/_bridge_robot_status.py
-- Symlinking: /home/kjh/robot_gui_pkg/install/ros2_interfaces/local/lib/python3.10/dist-packages/ros2_interfaces/msg/_bridge_robot_status_s.c
-- Symlinking: /home/kjh/robot_gui_pkg/install/ros2_interfaces/local/lib/python3.10/dist-packages/ros2_interfaces/msg/_bridge_string_multi_array.py
-- Symlinking: /home/kjh/robot_gui_pkg/install/ros2_interfaces/local/lib/python3.10/dist-packages/ros2_interfaces/msg/_bridge_string_multi_array_s.c
-- Symlinking: /home/kjh/robot_gui_pkg/install/ros2_interfaces/local/lib/python3.10/dist-packages/ros2_interfaces/ros2_interfaces_s__rosidl_typesupport_c.cpython-310-x86_64-linux-gnu.so
-- Symlinking: /home/kjh/robot_gui_pkg/install/ros2_interfaces/local/lib/python3.10/dist-packages/ros2_interfaces/ros2_interfaces_s__rosidl_typesupport_fastrtps_c.cpython-310-x86_64-linux-gnu.so
-- Symlinking: /home/kjh/robot_gui_pkg/install/ros2_interfaces/local/lib/python3.10/dist-packages/ros2_interfaces/ros2_interfaces_s__rosidl_typesupport_introspection_c.cpython-310-x86_64-linux-gnu.so
-- Up-to-date symlink: /home/kjh/robot_gui_pkg/install/ros2_interfaces/local/lib/python3.10/dist-packages/ros2_interfaces/ros2_interfaces_s__rosidl_typesupport_fastrtps_c.cpython-310-x86_64-linux-gnu.so
-- Up-to-date symlink: /home/kjh/robot_gui_pkg/install/ros2_interfaces/local/lib/python3.10/dist-packages/ros2_interfaces/ros2_interfaces_s__rosidl_typesupport_introspection_c.cpython-310-x86_64-linux-gnu.so
-- Up-to-date symlink: /home/kjh/robot_gui_pkg/install/ros2_interfaces/local/lib/python3.10/dist-packages/ros2_interfaces/ros2_interfaces_s__rosidl_typesupport_c.cpython-310-x86_64-linux-gnu.so
-- Symlinking: /home/kjh/robot_gui_pkg/install/ros2_interfaces/share/ros2_interfaces/msg/BridgeBoolMultiArray.idl
-- Symlinking: /home/kjh/robot_gui_pkg/install/ros2_interfaces/share/ros2_interfaces/msg/BridgeFloat32MultiArray.idl
-- Symlinking: /home/kjh/robot_gui_pkg/install/ros2_interfaces/share/ros2_interfaces/msg/BridgeJointStateWithAccel.idl
-- Symlinking: /home/kjh/robot_gui_pkg/install/ros2_interfaces/share/ros2_interfaces/msg/BridgeStringMultiArray.idl
-- Symlinking: /home/kjh/robot_gui_pkg/install/ros2_interfaces/share/ros2_interfaces/msg/BridgeDt.idl
-- Symlinking: /home/kjh/robot_gui_pkg/install/ros2_interfaces/share/ros2_interfaces/msg/BridgeCurrent.idl
-- Symlinking: /home/kjh/robot_gui_pkg/install/ros2_interfaces/share/ros2_interfaces/msg/BridgeError.idl
-- Symlinking: /home/kjh/robot_gui_pkg/install/ros2_interfaces/share/ros2_interfaces/msg/BridgeRobotStatus.idl
-- Symlinking: /home/kjh/robot_gui_pkg/install/ros2_interfaces/share/ros2_interfaces/msg/BridgeBoolMultiArray.msg
-- Symlinking: /home/kjh/robot_gui_pkg/install/ros2_interfaces/share/ros2_interfaces/msg/BridgeFloat32MultiArray.msg
-- Symlinking: /home/kjh/robot_gui_pkg/install/ros2_interfaces/share/ros2_interfaces/msg/BridgeJointStateWithAccel.msg
-- Symlinking: /home/kjh/robot_gui_pkg/install/ros2_interfaces/share/ros2_interfaces/msg/BridgeStringMultiArray.msg
-- Symlinking: /home/kjh/robot_gui_pkg/install/ros2_interfaces/share/ros2_interfaces/msg/BridgeDt.msg
-- Symlinking: /home/kjh/robot_gui_pkg/install/ros2_interfaces/share/ros2_interfaces/msg/BridgeCurrent.msg
-- Symlinking: /home/kjh/robot_gui_pkg/install/ros2_interfaces/share/ros2_interfaces/msg/BridgeError.msg
-- Symlinking: /home/kjh/robot_gui_pkg/install/ros2_interfaces/share/ros2_interfaces/msg/BridgeRobotStatus.msg
-- Symlinking: /home/kjh/robot_gui_pkg/install/ros2_interfaces/share/ament_index/resource_index/package_run_dependencies/ros2_interfaces
-- Symlinking: /home/kjh/robot_gui_pkg/install/ros2_interfaces/share/ament_index/resource_index/parent_prefix_path/ros2_interfaces
-- Symlinking: /home/kjh/robot_gui_pkg/install/ros2_interfaces/share/ros2_interfaces/environment/ament_prefix_path.sh
-- Symlinking: /home/kjh/robot_gui_pkg/install/ros2_interfaces/share/ros2_interfaces/environment/ament_prefix_path.dsv
-- Symlinking: /home/kjh/robot_gui_pkg/install/ros2_interfaces/share/ros2_interfaces/environment/path.sh
-- Symlinking: /home/kjh/robot_gui_pkg/install/ros2_interfaces/share/ros2_interfaces/environment/path.dsv
-- Symlinking: /home/kjh/robot_gui_pkg/install/ros2_interfaces/share/ros2_interfaces/local_setup.bash
-- Symlinking: /home/kjh/robot_gui_pkg/install/ros2_interfaces/share/ros2_interfaces/local_setup.sh
-- Symlinking: /home/kjh/robot_gui_pkg/install/ros2_interfaces/share/ros2_interfaces/local_setup.zsh
-- Symlinking: /home/kjh/robot_gui_pkg/install/ros2_interfaces/share/ros2_interfaces/local_setup.dsv
-- Symlinking: /home/kjh/robot_gui_pkg/install/ros2_interfaces/share/ros2_interfaces/package.dsv
-- Symlinking: /home/kjh/robot_gui_pkg/install/ros2_interfaces/share/ament_index/resource_index/packages/ros2_interfaces
-- Symlinking: /home/kjh/robot_gui_pkg/install/ros2_interfaces/share/ros2_interfaces/cmake/rosidl_cmake-extras.cmake
-- Symlinking: /home/kjh/robot_gui_pkg/install/ros2_interfaces/share/ros2_interfaces/cmake/ament_cmake_export_dependencies-extras.cmake
-- Symlinking: /home/kjh/robot_gui_pkg/install/ros2_interfaces/share/ros2_interfaces/cmake/ament_cmake_export_include_directories-extras.cmake
-- Symlinking: /home/kjh/robot_gui_pkg/install/ros2_interfaces/share/ros2_interfaces/cmake/ament_cmake_export_libraries-extras.cmake
-- Symlinking: /home/kjh/robot_gui_pkg/install/ros2_interfaces/share/ros2_interfaces/cmake/ament_cmake_export_targets-extras.cmake
-- Symlinking: /home/kjh/robot_gui_pkg/install/ros2_interfaces/share/ros2_interfaces/cmake/rosidl_cmake_export_typesupport_targets-extras.cmake
-- Symlinking: /home/kjh/robot_gui_pkg/install/ros2_interfaces/share/ros2_interfaces/cmake/rosidl_cmake_export_typesupport_libraries-extras.cmake
-- Symlinking: /home/kjh/robot_gui_pkg/install/ros2_interfaces/share/ros2_interfaces/cmake/ros2_interfacesConfig.cmake
-- Symlinking: /home/kjh/robot_gui_pkg/install/ros2_interfaces/share/ros2_interfaces/cmake/ros2_interfacesConfig-version.cmake
-- Symlinking: /home/kjh/robot_gui_pkg/install/ros2_interfaces/share/ros2_interfaces/package.xml
-- Installing: /home/kjh/robot_gui_pkg/install/ros2_interfaces/lib/libros2_interfaces__rosidl_generator_c.so
-- Set runtime path of "/home/kjh/robot_gui_pkg/install/ros2_interfaces/lib/libros2_interfaces__rosidl_generator_c.so" to ""
-- Installing: /home/kjh/robot_gui_pkg/install/ros2_interfaces/lib/libros2_interfaces__rosidl_typesupport_fastrtps_c.so
-- Set runtime path of "/home/kjh/robot_gui_pkg/install/ros2_interfaces/lib/libros2_interfaces__rosidl_typesupport_fastrtps_c.so" to ""
-- Installing: /home/kjh/robot_gui_pkg/install/ros2_interfaces/lib/libros2_interfaces__rosidl_typesupport_fastrtps_cpp.so
-- Set runtime path of "/home/kjh/robot_gui_pkg/install/ros2_interfaces/lib/libros2_interfaces__rosidl_typesupport_fastrtps_cpp.so" to ""
-- Installing: /home/kjh/robot_gui_pkg/install/ros2_interfaces/lib/libros2_interfaces__rosidl_typesupport_introspection_c.so
-- Set runtime path of "/home/kjh/robot_gui_pkg/install/ros2_interfaces/lib/libros2_interfaces__rosidl_typesupport_introspection_c.so" to ""
-- Installing: /home/kjh/robot_gui_pkg/install/ros2_interfaces/lib/libros2_interfaces__rosidl_typesupport_c.so
-- Set runtime path of "/home/kjh/robot_gui_pkg/install/ros2_interfaces/lib/libros2_interfaces__rosidl_typesupport_c.so" to ""
-- Installing: /home/kjh/robot_gui_pkg/install/ros2_interfaces/lib/libros2_interfaces__rosidl_typesupport_introspection_cpp.so
-- Set runtime path of "/home/kjh/robot_gui_pkg/install/ros2_interfaces/lib/libros2_interfaces__rosidl_typesupport_introspection_cpp.so" to ""
-- Installing: /home/kjh/robot_gui_pkg/install/ros2_interfaces/lib/libros2_interfaces__rosidl_typesupport_cpp.so
-- Set runtime path of "/home/kjh/robot_gui_pkg/install/ros2_interfaces/lib/libros2_interfaces__rosidl_typesupport_cpp.so" to ""
Listing '/home/kjh/robot_gui_pkg/install/ros2_interfaces/local/lib/python3.10/dist-packages/ros2_interfaces'...
Compiling '/home/kjh/robot_gui_pkg/install/ros2_interfaces/local/lib/python3.10/dist-packages/ros2_interfaces/__init__.py'...
Listing '/home/kjh/robot_gui_pkg/install/ros2_interfaces/local/lib/python3.10/dist-packages/ros2_interfaces/msg'...
Compiling '/home/kjh/robot_gui_pkg/install/ros2_interfaces/local/lib/python3.10/dist-packages/ros2_interfaces/msg/__init__.py'...
Compiling '/home/kjh/robot_gui_pkg/install/ros2_interfaces/local/lib/python3.10/dist-packages/ros2_interfaces/msg/_bridge_bool_multi_array.py'...
Compiling '/home/kjh/robot_gui_pkg/install/ros2_interfaces/local/lib/python3.10/dist-packages/ros2_interfaces/msg/_bridge_current.py'...
Compiling '/home/kjh/robot_gui_pkg/install/ros2_interfaces/local/lib/python3.10/dist-packages/ros2_interfaces/msg/_bridge_dt.py'...
Compiling '/home/kjh/robot_gui_pkg/install/ros2_interfaces/local/lib/python3.10/dist-packages/ros2_interfaces/msg/_bridge_error.py'...
Compiling '/home/kjh/robot_gui_pkg/install/ros2_interfaces/local/lib/python3.10/dist-packages/ros2_interfaces/msg/_bridge_float32_multi_array.py'...
Compiling '/home/kjh/robot_gui_pkg/install/ros2_interfaces/local/lib/python3.10/dist-packages/ros2_interfaces/msg/_bridge_joint_state_with_accel.py'...
Compiling '/home/kjh/robot_gui_pkg/install/ros2_interfaces/local/lib/python3.10/dist-packages/ros2_interfaces/msg/_bridge_robot_status.py'...
Compiling '/home/kjh/robot_gui_pkg/install/ros2_interfaces/local/lib/python3.10/dist-packages/ros2_interfaces/msg/_bridge_string_multi_array.py'...
-- Installing: /home/kjh/robot_gui_pkg/install/ros2_interfaces/lib/libros2_interfaces__rosidl_generator_py.so
-- Set runtime path of "/home/kjh/robot_gui_pkg/install/ros2_interfaces/lib/libros2_interfaces__rosidl_generator_py.so" to ""
-- Installing: /home/kjh/robot_gui_pkg/install/ros2_interfaces/share/ros2_interfaces/cmake/export_ros2_interfaces__rosidl_generator_cExport.cmake
-- Installing: /home/kjh/robot_gui_pkg/install/ros2_interfaces/share/ros2_interfaces/cmake/export_ros2_interfaces__rosidl_generator_cExport-noconfig.cmake
-- Installing: /home/kjh/robot_gui_pkg/install/ros2_interfaces/share/ros2_interfaces/cmake/export_ros2_interfaces__rosidl_typesupport_fastrtps_cExport.cmake
-- Installing: /home/kjh/robot_gui_pkg/install/ros2_interfaces/share/ros2_interfaces/cmake/export_ros2_interfaces__rosidl_typesupport_fastrtps_cExport-noconfig.cmake
-- Installing: /home/kjh/robot_gui_pkg/install/ros2_interfaces/share/ros2_interfaces/cmake/export_ros2_interfaces__rosidl_generator_cppExport.cmake
-- Installing: /home/kjh/robot_gui_pkg/install/ros2_interfaces/share/ros2_interfaces/cmake/export_ros2_interfaces__rosidl_typesupport_fastrtps_cppExport.cmake
-- Installing: /home/kjh/robot_gui_pkg/install/ros2_interfaces/share/ros2_interfaces/cmake/export_ros2_interfaces__rosidl_typesupport_fastrtps_cppExport-noconfig.cmake
-- Installing: /home/kjh/robot_gui_pkg/install/ros2_interfaces/share/ros2_interfaces/cmake/ros2_interfaces__rosidl_typesupport_introspection_cExport.cmake
-- Installing: /home/kjh/robot_gui_pkg/install/ros2_interfaces/share/ros2_interfaces/cmake/ros2_interfaces__rosidl_typesupport_introspection_cExport-noconfig.cmake
-- Installing: /home/kjh/robot_gui_pkg/install/ros2_interfaces/share/ros2_interfaces/cmake/ros2_interfaces__rosidl_typesupport_cExport.cmake
-- Installing: /home/kjh/robot_gui_pkg/install/ros2_interfaces/share/ros2_interfaces/cmake/ros2_interfaces__rosidl_typesupport_cExport-noconfig.cmake
-- Installing: /home/kjh/robot_gui_pkg/install/ros2_interfaces/share/ros2_interfaces/cmake/ros2_interfaces__rosidl_typesupport_introspection_cppExport.cmake
-- Installing: /home/kjh/robot_gui_pkg/install/ros2_interfaces/share/ros2_interfaces/cmake/ros2_interfaces__rosidl_typesupport_introspection_cppExport-noconfig.cmake
-- Installing: /home/kjh/robot_gui_pkg/install/ros2_interfaces/share/ros2_interfaces/cmake/ros2_interfaces__rosidl_typesupport_cppExport.cmake
-- Installing: /home/kjh/robot_gui_pkg/install/ros2_interfaces/share/ros2_interfaces/cmake/ros2_interfaces__rosidl_typesupport_cppExport-noconfig.cmake
-- Installing: /home/kjh/robot_gui_pkg/install/ros2_interfaces/share/ros2_interfaces/cmake/export_ros2_interfaces__rosidl_generator_pyExport.cmake
-- Installing: /home/kjh/robot_gui_pkg/install/ros2_interfaces/share/ros2_interfaces/cmake/export_ros2_interfaces__rosidl_generator_pyExport-noconfig.cmake
