[0.008s] Invoking command in '/home/kjh/robot_gui_pkg/build/ros2_interfaces': CMAKE_PREFIX_PATH=${CMAKE_PREFIX_PATH}:/home/kjh/robot_gui_pkg/install/ros2_gui:/opt/ros/humble /home/kjh/.local/bin/cmake /home/kjh/robot_gui_pkg/src/ros2_interfaces -DAMENT_CMAKE_SYMLINK_INSTALL=1 -DCMAKE_INSTALL_PREFIX=/home/kjh/robot_gui_pkg/install/ros2_interfaces
[0.055s] -- The C compiler identification is GNU 11.4.0
[0.101s] -- The CXX compiler identification is GNU 11.4.0
[0.107s] -- Detecting C compiler ABI info
[0.175s] -- Detecting C compiler ABI info - done
[0.189s] -- Check for working C compiler: /usr/bin/cc - skipped
[0.189s] -- Detecting C compile features
[0.190s] -- Detecting C compile features - done
[0.192s] -- Detecting CXX compiler ABI info
[0.254s] -- Detecting CXX compiler ABI info - done
[0.266s] -- Check for working CXX compiler: /usr/bin/c++ - skipped
[0.266s] -- Detecting CXX compile features
[0.267s] -- Detecting CXX compile features - done
[0.269s] -- Found ament_cmake: 1.3.4 (/opt/ros/humble/share/ament_cmake/cmake)
[0.632s] -- Found Python3: /usr/bin/python3.10 (found version "3.10.12") found components: Interpreter 
[0.665s] -- Override CMake install command with custom implementation using symlinks instead of copying resources
[0.681s] -- Found geometry_msgs: 4.2.3 (/opt/ros/humble/share/geometry_msgs/cmake)
[0.706s] -- Found rosidl_generator_c: 3.1.4 (/opt/ros/humble/share/rosidl_generator_c/cmake)
[0.710s] -- Found rosidl_adapter: 3.1.4 (/opt/ros/humble/share/rosidl_adapter/cmake)
[0.715s] -- Found rosidl_generator_cpp: 3.1.4 (/opt/ros/humble/share/rosidl_generator_cpp/cmake)
[0.724s] -- Using all available rosidl_typesupport_c: rosidl_typesupport_fastrtps_c;rosidl_typesupport_introspection_c
[0.737s] -- Using all available rosidl_typesupport_cpp: rosidl_typesupport_fastrtps_cpp;rosidl_typesupport_introspection_cpp
[0.811s] -- Found rosidl_default_generators: 1.2.0 (/opt/ros/humble/share/rosidl_default_generators/cmake)
[0.963s] -- Found ament_cmake_ros: 0.10.0 (/opt/ros/humble/share/ament_cmake_ros/cmake)
[1.129s] -- Using all available rosidl_typesupport_c: rosidl_typesupport_fastrtps_c;rosidl_typesupport_introspection_c
[1.195s] -- Using all available rosidl_typesupport_cpp: rosidl_typesupport_fastrtps_cpp;rosidl_typesupport_introspection_cpp
[1.209s] -- Found PythonInterp: /usr/bin/python3 (found suitable version "3.10.12", minimum required is "3.6") 
[1.210s] -- Found python_cmake_module: 0.10.0 (/opt/ros/humble/share/python_cmake_module/cmake)
[1.226s] -- Found PythonLibs: /usr/lib/x86_64-linux-gnu/libpython3.10.so (found suitable version "3.10.12", minimum required is "3.5") 
[1.226s] -- Using PYTHON_EXECUTABLE: /usr/bin/python3
[1.226s] -- Using PYTHON_INCLUDE_DIRS: /usr/include/python3.10
[1.226s] -- Using PYTHON_LIBRARIES: /usr/lib/x86_64-linux-gnu/libpython3.10.so
[1.238s] -- Found PythonExtra: .so  
[1.282s] -- Found ament_lint_auto: 0.12.6 (/opt/ros/humble/share/ament_lint_auto/cmake)
[1.295s] -- Added test 'copyright' to check source files copyright and LICENSE
[1.296s] -- Added test 'lint_cmake' to check CMake code style
[1.297s] -- Added test 'xmllint' to check XML markup files
[1.299s] -- Configuring done (1.3s)
[1.324s] -- Generating done (0.0s)
[1.325s] -- Build files have been written to: /home/kjh/robot_gui_pkg/build/ros2_interfaces
[1.332s] Invoked command in '/home/kjh/robot_gui_pkg/build/ros2_interfaces' returned '0': CMAKE_PREFIX_PATH=${CMAKE_PREFIX_PATH}:/home/kjh/robot_gui_pkg/install/ros2_gui:/opt/ros/humble /home/kjh/.local/bin/cmake /home/kjh/robot_gui_pkg/src/ros2_interfaces -DAMENT_CMAKE_SYMLINK_INSTALL=1 -DCMAKE_INSTALL_PREFIX=/home/kjh/robot_gui_pkg/install/ros2_interfaces
[1.333s] Invoking command in '/home/kjh/robot_gui_pkg/build/ros2_interfaces': CMAKE_PREFIX_PATH=${CMAKE_PREFIX_PATH}:/home/kjh/robot_gui_pkg/install/ros2_gui:/opt/ros/humble /home/kjh/.local/bin/cmake --build /home/kjh/robot_gui_pkg/build/ros2_interfaces -- -j20 -l20
[1.359s] [  1%] [34m[1mGenerating C code for ROS interfaces[0m
[1.361s] [  2%] [34m[1mGenerating C++ code for ROS interfaces[0m
[1.363s] [  2%] Built target ament_cmake_python_symlink_ros2_interfaces
[1.511s] running egg_info
[1.511s] creating ros2_interfaces.egg-info
[1.511s] writing ros2_interfaces.egg-info/PKG-INFO
[1.511s] writing dependency_links to ros2_interfaces.egg-info/dependency_links.txt
[1.511s] writing top-level names to ros2_interfaces.egg-info/top_level.txt
[1.511s] writing manifest file 'ros2_interfaces.egg-info/SOURCES.txt'
[1.512s] reading manifest file 'ros2_interfaces.egg-info/SOURCES.txt'
[1.513s] writing manifest file 'ros2_interfaces.egg-info/SOURCES.txt'
[1.523s] [  2%] Built target ament_cmake_python_build_ros2_interfaces_egg
[1.638s] [  2%] Built target ros2_interfaces__cpp
[1.641s] [  4%] [34m[1mGenerating C++ type support dispatch for ROS interfaces[0m
[1.641s] [  4%] [34m[1mGenerating C++ type support for eProsima Fast-RTPS[0m
[1.641s] [  5%] [34m[1mGenerating C++ introspection for ROS interfaces[0m
[1.652s] [  6%] [32mBuilding C object CMakeFiles/ros2_interfaces__rosidl_generator_c.dir/rosidl_generator_c/ros2_interfaces/msg/detail/bridge_bool_multi_array__functions.c.o[0m
[1.652s] [  8%] [32mBuilding C object CMakeFiles/ros2_interfaces__rosidl_generator_c.dir/rosidl_generator_c/ros2_interfaces/msg/detail/bridge_float32_multi_array__functions.c.o[0m
[1.652s] [  9%] [32mBuilding C object CMakeFiles/ros2_interfaces__rosidl_generator_c.dir/rosidl_generator_c/ros2_interfaces/msg/detail/bridge_joint_state_with_accel__functions.c.o[0m
[1.652s] [ 10%] [32mBuilding C object CMakeFiles/ros2_interfaces__rosidl_generator_c.dir/rosidl_generator_c/ros2_interfaces/msg/detail/bridge_string_multi_array__functions.c.o[0m
[1.652s] [ 11%] [32mBuilding C object CMakeFiles/ros2_interfaces__rosidl_generator_c.dir/rosidl_generator_c/ros2_interfaces/msg/detail/bridge_dt__functions.c.o[0m
[1.653s] [ 12%] [32mBuilding C object CMakeFiles/ros2_interfaces__rosidl_generator_c.dir/rosidl_generator_c/ros2_interfaces/msg/detail/bridge_robot_status__functions.c.o[0m
[1.653s] [ 13%] [32mBuilding C object CMakeFiles/ros2_interfaces__rosidl_generator_c.dir/rosidl_generator_c/ros2_interfaces/msg/detail/bridge_current__functions.c.o[0m
[1.653s] [ 14%] [32mBuilding C object CMakeFiles/ros2_interfaces__rosidl_generator_c.dir/rosidl_generator_c/ros2_interfaces/msg/detail/bridge_error__functions.c.o[0m
[1.687s] [ 16%] [32m[1mLinking C shared library libros2_interfaces__rosidl_generator_c.so[0m
[1.702s] [ 16%] Built target ros2_interfaces__rosidl_generator_c
[1.705s] [ 17%] [34m[1mGenerating C type support for eProsima Fast-RTPS[0m
[1.705s] [ 18%] [34m[1mGenerating C introspection for ROS interfaces[0m
[1.705s] [ 19%] [34m[1mGenerating C type support dispatch for ROS interfaces[0m
[1.850s] [ 20%] [32mBuilding CXX object CMakeFiles/ros2_interfaces__rosidl_typesupport_cpp.dir/rosidl_typesupport_cpp/ros2_interfaces/msg/bridge_bool_multi_array__type_support.cpp.o[0m
[1.850s] [ 21%] [32mBuilding CXX object CMakeFiles/ros2_interfaces__rosidl_typesupport_cpp.dir/rosidl_typesupport_cpp/ros2_interfaces/msg/bridge_float32_multi_array__type_support.cpp.o[0m
[1.850s] [ 22%] [32mBuilding CXX object CMakeFiles/ros2_interfaces__rosidl_typesupport_cpp.dir/rosidl_typesupport_cpp/ros2_interfaces/msg/bridge_current__type_support.cpp.o[0m
[1.850s] [ 24%] [32mBuilding CXX object CMakeFiles/ros2_interfaces__rosidl_typesupport_cpp.dir/rosidl_typesupport_cpp/ros2_interfaces/msg/bridge_joint_state_with_accel__type_support.cpp.o[0m
[1.851s] [ 25%] [32mBuilding CXX object CMakeFiles/ros2_interfaces__rosidl_typesupport_cpp.dir/rosidl_typesupport_cpp/ros2_interfaces/msg/bridge_string_multi_array__type_support.cpp.o[0m
[1.851s] [ 26%] [32mBuilding CXX object CMakeFiles/ros2_interfaces__rosidl_typesupport_cpp.dir/rosidl_typesupport_cpp/ros2_interfaces/msg/bridge_dt__type_support.cpp.o[0m
[1.851s] [ 27%] [32mBuilding CXX object CMakeFiles/ros2_interfaces__rosidl_typesupport_cpp.dir/rosidl_typesupport_cpp/ros2_interfaces/msg/bridge_error__type_support.cpp.o[0m
[1.851s] [ 28%] [32mBuilding CXX object CMakeFiles/ros2_interfaces__rosidl_typesupport_cpp.dir/rosidl_typesupport_cpp/ros2_interfaces/msg/bridge_robot_status__type_support.cpp.o[0m
[1.874s] [ 29%] [32mBuilding CXX object CMakeFiles/ros2_interfaces__rosidl_typesupport_introspection_cpp.dir/rosidl_typesupport_introspection_cpp/ros2_interfaces/msg/detail/bridge_bool_multi_array__type_support.cpp.o[0m
[1.874s] [ 32%] [32mBuilding CXX object CMakeFiles/ros2_interfaces__rosidl_typesupport_introspection_cpp.dir/rosidl_typesupport_introspection_cpp/ros2_interfaces/msg/detail/bridge_string_multi_array__type_support.cpp.o[0m
[1.875s] [ 32%] [32mBuilding CXX object CMakeFiles/ros2_interfaces__rosidl_typesupport_introspection_cpp.dir/rosidl_typesupport_introspection_cpp/ros2_interfaces/msg/detail/bridge_float32_multi_array__type_support.cpp.o[0m
[1.875s] [ 33%] [32mBuilding CXX object CMakeFiles/ros2_interfaces__rosidl_typesupport_introspection_cpp.dir/rosidl_typesupport_introspection_cpp/ros2_interfaces/msg/detail/bridge_joint_state_with_accel__type_support.cpp.o[0m
[1.875s] [ 34%] [32mBuilding CXX object CMakeFiles/ros2_interfaces__rosidl_typesupport_introspection_cpp.dir/rosidl_typesupport_introspection_cpp/ros2_interfaces/msg/detail/bridge_dt__type_support.cpp.o[0m
[1.875s] [ 35%] [32mBuilding CXX object CMakeFiles/ros2_interfaces__rosidl_typesupport_introspection_cpp.dir/rosidl_typesupport_introspection_cpp/ros2_interfaces/msg/detail/bridge_current__type_support.cpp.o[0m
[1.891s] [ 36%] [32mBuilding CXX object CMakeFiles/ros2_interfaces__rosidl_typesupport_introspection_cpp.dir/rosidl_typesupport_introspection_cpp/ros2_interfaces/msg/detail/bridge_error__type_support.cpp.o[0m
[1.892s] [ 37%] [32mBuilding CXX object CMakeFiles/ros2_interfaces__rosidl_typesupport_introspection_cpp.dir/rosidl_typesupport_introspection_cpp/ros2_interfaces/msg/detail/bridge_robot_status__type_support.cpp.o[0m
[1.922s] [ 39%] [32mBuilding CXX object CMakeFiles/ros2_interfaces__rosidl_typesupport_c.dir/rosidl_typesupport_c/ros2_interfaces/msg/bridge_bool_multi_array__type_support.cpp.o[0m
[1.958s] [ 40%] [32mBuilding CXX object CMakeFiles/ros2_interfaces__rosidl_typesupport_c.dir/rosidl_typesupport_c/ros2_interfaces/msg/bridge_float32_multi_array__type_support.cpp.o[0m
[1.973s] [ 41%] [32mBuilding CXX object CMakeFiles/ros2_interfaces__rosidl_typesupport_fastrtps_cpp.dir/rosidl_typesupport_fastrtps_cpp/ros2_interfaces/msg/detail/dds_fastrtps/bridge_bool_multi_array__type_support.cpp.o[0m
[1.983s] [ 42%] [32mBuilding CXX object CMakeFiles/ros2_interfaces__rosidl_typesupport_c.dir/rosidl_typesupport_c/ros2_interfaces/msg/bridge_joint_state_with_accel__type_support.cpp.o[0m
[2.015s] [ 43%] [32mBuilding CXX object CMakeFiles/ros2_interfaces__rosidl_typesupport_c.dir/rosidl_typesupport_c/ros2_interfaces/msg/bridge_string_multi_array__type_support.cpp.o[0m
[2.040s] [ 44%] [32mBuilding CXX object CMakeFiles/ros2_interfaces__rosidl_typesupport_c.dir/rosidl_typesupport_c/ros2_interfaces/msg/bridge_dt__type_support.cpp.o[0m
[2.046s] [ 45%] [32mBuilding CXX object CMakeFiles/ros2_interfaces__rosidl_typesupport_fastrtps_cpp.dir/rosidl_typesupport_fastrtps_cpp/ros2_interfaces/msg/detail/dds_fastrtps/bridge_float32_multi_array__type_support.cpp.o[0m
[2.056s] [ 47%] [32mBuilding C object CMakeFiles/ros2_interfaces__rosidl_typesupport_introspection_c.dir/rosidl_typesupport_introspection_c/ros2_interfaces/msg/detail/bridge_float32_multi_array__type_support.c.o[0m
[2.057s] [ 48%] [32mBuilding CXX object CMakeFiles/ros2_interfaces__rosidl_typesupport_fastrtps_cpp.dir/rosidl_typesupport_fastrtps_cpp/ros2_interfaces/msg/detail/dds_fastrtps/bridge_joint_state_with_accel__type_support.cpp.o[0m
[2.059s] [ 49%] [32mBuilding C object CMakeFiles/ros2_interfaces__rosidl_typesupport_introspection_c.dir/rosidl_typesupport_introspection_c/ros2_interfaces/msg/detail/bridge_joint_state_with_accel__type_support.c.o[0m
[2.061s] [ 50%] [32mBuilding C object CMakeFiles/ros2_interfaces__rosidl_typesupport_introspection_c.dir/rosidl_typesupport_introspection_c/ros2_interfaces/msg/detail/bridge_bool_multi_array__type_support.c.o[0m
[2.083s] [ 51%] [32mBuilding CXX object CMakeFiles/ros2_interfaces__rosidl_typesupport_c.dir/rosidl_typesupport_c/ros2_interfaces/msg/bridge_current__type_support.cpp.o[0m
[2.089s] [ 52%] [32mBuilding CXX object CMakeFiles/ros2_interfaces__rosidl_typesupport_c.dir/rosidl_typesupport_c/ros2_interfaces/msg/bridge_error__type_support.cpp.o[0m
[2.103s] [ 54%] [32mBuilding CXX object CMakeFiles/ros2_interfaces__rosidl_typesupport_fastrtps_c.dir/rosidl_typesupport_fastrtps_c/ros2_interfaces/msg/detail/bridge_bool_multi_array__type_support_c.cpp.o[0m
[2.107s] [ 55%] [32mBuilding CXX object CMakeFiles/ros2_interfaces__rosidl_typesupport_fastrtps_cpp.dir/rosidl_typesupport_fastrtps_cpp/ros2_interfaces/msg/detail/dds_fastrtps/bridge_string_multi_array__type_support.cpp.o[0m
[2.111s] [ 56%] [32mBuilding CXX object CMakeFiles/ros2_interfaces__rosidl_typesupport_c.dir/rosidl_typesupport_c/ros2_interfaces/msg/bridge_robot_status__type_support.cpp.o[0m
[2.111s] [ 57%] [32mBuilding CXX object CMakeFiles/ros2_interfaces__rosidl_typesupport_fastrtps_cpp.dir/rosidl_typesupport_fastrtps_cpp/ros2_interfaces/msg/detail/dds_fastrtps/bridge_dt__type_support.cpp.o[0m
[2.112s] [ 58%] [32mBuilding C object CMakeFiles/ros2_interfaces__rosidl_typesupport_introspection_c.dir/rosidl_typesupport_introspection_c/ros2_interfaces/msg/detail/bridge_string_multi_array__type_support.c.o[0m
[2.115s] [ 59%] [32mBuilding C object CMakeFiles/ros2_interfaces__rosidl_typesupport_introspection_c.dir/rosidl_typesupport_introspection_c/ros2_interfaces/msg/detail/bridge_dt__type_support.c.o[0m
[2.131s] [ 62%] [32mBuilding CXX object CMakeFiles/ros2_interfaces__rosidl_typesupport_fastrtps_cpp.dir/rosidl_typesupport_fastrtps_cpp/ros2_interfaces/msg/detail/dds_fastrtps/bridge_current__type_support.cpp.o[0m
[2.131s] [ 62%] [32mBuilding CXX object CMakeFiles/ros2_interfaces__rosidl_typesupport_fastrtps_c.dir/rosidl_typesupport_fastrtps_c/ros2_interfaces/msg/detail/bridge_float32_multi_array__type_support_c.cpp.o[0m
[2.143s] [ 63%] [32mBuilding CXX object CMakeFiles/ros2_interfaces__rosidl_typesupport_fastrtps_c.dir/rosidl_typesupport_fastrtps_c/ros2_interfaces/msg/detail/bridge_joint_state_with_accel__type_support_c.cpp.o[0m
[2.150s] [ 64%] [32m[1mLinking CXX shared library libros2_interfaces__rosidl_typesupport_cpp.so[0m
[2.154s] [ 65%] [32m[1mLinking CXX shared library libros2_interfaces__rosidl_typesupport_c.so[0m
[2.160s] [ 66%] [32mBuilding C object CMakeFiles/ros2_interfaces__rosidl_typesupport_introspection_c.dir/rosidl_typesupport_introspection_c/ros2_interfaces/msg/detail/bridge_current__type_support.c.o[0m
[2.182s] [ 66%] Built target ros2_interfaces__rosidl_typesupport_c
[2.186s] [ 67%] [32mBuilding CXX object CMakeFiles/ros2_interfaces__rosidl_typesupport_fastrtps_c.dir/rosidl_typesupport_fastrtps_c/ros2_interfaces/msg/detail/bridge_string_multi_array__type_support_c.cpp.o[0m
[2.196s] [ 67%] Built target ros2_interfaces__rosidl_typesupport_cpp
[2.199s] [ 68%] [32mBuilding C object CMakeFiles/ros2_interfaces__rosidl_typesupport_introspection_c.dir/rosidl_typesupport_introspection_c/ros2_interfaces/msg/detail/bridge_error__type_support.c.o[0m
[2.199s] [ 70%] [32mBuilding C object CMakeFiles/ros2_interfaces__rosidl_typesupport_introspection_c.dir/rosidl_typesupport_introspection_c/ros2_interfaces/msg/detail/bridge_robot_status__type_support.c.o[0m
[2.220s] [ 71%] [32mBuilding CXX object CMakeFiles/ros2_interfaces__rosidl_typesupport_fastrtps_c.dir/rosidl_typesupport_fastrtps_c/ros2_interfaces/msg/detail/bridge_dt__type_support_c.cpp.o[0m
[2.223s] [ 72%] [32mBuilding CXX object CMakeFiles/ros2_interfaces__rosidl_typesupport_fastrtps_c.dir/rosidl_typesupport_fastrtps_c/ros2_interfaces/msg/detail/bridge_current__type_support_c.cpp.o[0m
[2.225s] [ 73%] [32mBuilding CXX object CMakeFiles/ros2_interfaces__rosidl_typesupport_fastrtps_c.dir/rosidl_typesupport_fastrtps_c/ros2_interfaces/msg/detail/bridge_error__type_support_c.cpp.o[0m
[2.231s] [ 74%] [32m[1mLinking C shared library libros2_interfaces__rosidl_typesupport_introspection_c.so[0m
[2.238s] [ 75%] [32mBuilding CXX object CMakeFiles/ros2_interfaces__rosidl_typesupport_fastrtps_c.dir/rosidl_typesupport_fastrtps_c/ros2_interfaces/msg/detail/bridge_robot_status__type_support_c.cpp.o[0m
[2.239s] [ 77%] [32mBuilding CXX object CMakeFiles/ros2_interfaces__rosidl_typesupport_fastrtps_cpp.dir/rosidl_typesupport_fastrtps_cpp/ros2_interfaces/msg/detail/dds_fastrtps/bridge_error__type_support.cpp.o[0m
[2.240s] [ 78%] [32mBuilding CXX object CMakeFiles/ros2_interfaces__rosidl_typesupport_fastrtps_cpp.dir/rosidl_typesupport_fastrtps_cpp/ros2_interfaces/msg/detail/dds_fastrtps/bridge_robot_status__type_support.cpp.o[0m
[2.251s] [ 78%] Built target ros2_interfaces__rosidl_typesupport_introspection_c
[2.278s] [ 79%] [32m[1mLinking CXX shared library libros2_interfaces__rosidl_typesupport_introspection_cpp.so[0m
[2.345s] [ 79%] Built target ros2_interfaces__rosidl_typesupport_introspection_cpp
[2.474s] [ 80%] [32m[1mLinking CXX shared library libros2_interfaces__rosidl_typesupport_fastrtps_c.so[0m
[2.509s] [ 80%] Built target ros2_interfaces__rosidl_typesupport_fastrtps_c
[2.535s] [ 81%] [32m[1mLinking CXX shared library libros2_interfaces__rosidl_typesupport_fastrtps_cpp.so[0m
[2.572s] [ 81%] Built target ros2_interfaces__rosidl_typesupport_fastrtps_cpp
[2.578s] [ 81%] Built target ros2_interfaces
[2.583s] [ 82%] [34m[1mGenerating Python code for ROS interfaces[0m
[3.050s] [ 82%] Built target ros2_interfaces__py
[3.055s] [ 83%] [32mBuilding C object CMakeFiles/ros2_interfaces__rosidl_generator_py.dir/rosidl_generator_py/ros2_interfaces/msg/_bridge_bool_multi_array_s.c.o[0m
[3.055s] [ 85%] [32mBuilding C object CMakeFiles/ros2_interfaces__rosidl_generator_py.dir/rosidl_generator_py/ros2_interfaces/msg/_bridge_float32_multi_array_s.c.o[0m
[3.056s] [ 86%] [32mBuilding C object CMakeFiles/ros2_interfaces__rosidl_generator_py.dir/rosidl_generator_py/ros2_interfaces/msg/_bridge_joint_state_with_accel_s.c.o[0m
[3.056s] [ 87%] [32mBuilding C object CMakeFiles/ros2_interfaces__rosidl_generator_py.dir/rosidl_generator_py/ros2_interfaces/msg/_bridge_string_multi_array_s.c.o[0m
[3.056s] [ 89%] [32mBuilding C object CMakeFiles/ros2_interfaces__rosidl_generator_py.dir/rosidl_generator_py/ros2_interfaces/msg/_bridge_dt_s.c.o[0m
[3.056s] [ 89%] [32mBuilding C object CMakeFiles/ros2_interfaces__rosidl_generator_py.dir/rosidl_generator_py/ros2_interfaces/msg/_bridge_current_s.c.o[0m
[3.056s] [ 90%] [32mBuilding C object CMakeFiles/ros2_interfaces__rosidl_generator_py.dir/rosidl_generator_py/ros2_interfaces/msg/_bridge_error_s.c.o[0m
[3.056s] [ 91%] [32mBuilding C object CMakeFiles/ros2_interfaces__rosidl_generator_py.dir/rosidl_generator_py/ros2_interfaces/msg/_bridge_robot_status_s.c.o[0m
[3.121s] [ 93%] [32m[1mLinking C shared library rosidl_generator_py/ros2_interfaces/libros2_interfaces__rosidl_generator_py.so[0m
[3.138s] [ 93%] Built target ros2_interfaces__rosidl_generator_py
[3.143s] [ 94%] [32mBuilding C object CMakeFiles/ros2_interfaces__rosidl_typesupport_fastrtps_c__pyext.dir/rosidl_generator_py/ros2_interfaces/_ros2_interfaces_s.ep.rosidl_typesupport_fastrtps_c.c.o[0m
[3.143s] [ 96%] [32mBuilding C object CMakeFiles/ros2_interfaces__rosidl_typesupport_introspection_c__pyext.dir/rosidl_generator_py/ros2_interfaces/_ros2_interfaces_s.ep.rosidl_typesupport_introspection_c.c.o[0m
[3.143s] [ 96%] [32mBuilding C object CMakeFiles/ros2_interfaces__rosidl_typesupport_c__pyext.dir/rosidl_generator_py/ros2_interfaces/_ros2_interfaces_s.ep.rosidl_typesupport_c.c.o[0m
[3.198s] [ 97%] [32m[1mLinking C shared library rosidl_generator_py/ros2_interfaces/ros2_interfaces_s__rosidl_typesupport_introspection_c.cpython-310-x86_64-linux-gnu.so[0m
[3.198s] [ 98%] [32m[1mLinking C shared library rosidl_generator_py/ros2_interfaces/ros2_interfaces_s__rosidl_typesupport_c.cpython-310-x86_64-linux-gnu.so[0m
[3.198s] [100%] [32m[1mLinking C shared library rosidl_generator_py/ros2_interfaces/ros2_interfaces_s__rosidl_typesupport_fastrtps_c.cpython-310-x86_64-linux-gnu.so[0m
[3.213s] [100%] Built target ros2_interfaces__rosidl_typesupport_introspection_c__pyext
[3.213s] [100%] Built target ros2_interfaces__rosidl_typesupport_c__pyext
[3.213s] [100%] Built target ros2_interfaces__rosidl_typesupport_fastrtps_c__pyext
[3.219s] Invoked command in '/home/kjh/robot_gui_pkg/build/ros2_interfaces' returned '0': CMAKE_PREFIX_PATH=${CMAKE_PREFIX_PATH}:/home/kjh/robot_gui_pkg/install/ros2_gui:/opt/ros/humble /home/kjh/.local/bin/cmake --build /home/kjh/robot_gui_pkg/build/ros2_interfaces -- -j20 -l20
[3.580s] Invoking command in '/home/kjh/robot_gui_pkg/build/ros2_interfaces': CMAKE_PREFIX_PATH=${CMAKE_PREFIX_PATH}:/home/kjh/robot_gui_pkg/install/ros2_gui:/opt/ros/humble /home/kjh/.local/bin/cmake --install /home/kjh/robot_gui_pkg/build/ros2_interfaces
[3.597s] -- Install configuration: ""
[3.597s] -- Execute custom install script
[3.598s] -- Symlinking: /home/kjh/robot_gui_pkg/install/ros2_interfaces/share/ament_index/resource_index/rosidl_interfaces/ros2_interfaces
[3.600s] -- Symlinking: /home/kjh/robot_gui_pkg/install/ros2_interfaces/include/ros2_interfaces/ros2_interfaces/msg/bridge_bool_multi_array.h
[3.603s] -- Symlinking: /home/kjh/robot_gui_pkg/install/ros2_interfaces/include/ros2_interfaces/ros2_interfaces/msg/bridge_current.h
[3.605s] -- Symlinking: /home/kjh/robot_gui_pkg/install/ros2_interfaces/include/ros2_interfaces/ros2_interfaces/msg/bridge_dt.h
[3.608s] -- Symlinking: /home/kjh/robot_gui_pkg/install/ros2_interfaces/include/ros2_interfaces/ros2_interfaces/msg/bridge_error.h
[3.610s] -- Symlinking: /home/kjh/robot_gui_pkg/install/ros2_interfaces/include/ros2_interfaces/ros2_interfaces/msg/bridge_float32_multi_array.h
[3.613s] -- Symlinking: /home/kjh/robot_gui_pkg/install/ros2_interfaces/include/ros2_interfaces/ros2_interfaces/msg/bridge_joint_state_with_accel.h
[3.616s] -- Symlinking: /home/kjh/robot_gui_pkg/install/ros2_interfaces/include/ros2_interfaces/ros2_interfaces/msg/bridge_robot_status.h
[3.619s] -- Symlinking: /home/kjh/robot_gui_pkg/install/ros2_interfaces/include/ros2_interfaces/ros2_interfaces/msg/bridge_string_multi_array.h
[3.621s] -- Symlinking: /home/kjh/robot_gui_pkg/install/ros2_interfaces/include/ros2_interfaces/ros2_interfaces/msg/detail/bridge_bool_multi_array__functions.h
[3.624s] -- Symlinking: /home/kjh/robot_gui_pkg/install/ros2_interfaces/include/ros2_interfaces/ros2_interfaces/msg/detail/bridge_bool_multi_array__struct.h
[3.626s] -- Symlinking: /home/kjh/robot_gui_pkg/install/ros2_interfaces/include/ros2_interfaces/ros2_interfaces/msg/detail/bridge_bool_multi_array__type_support.h
[3.630s] -- Symlinking: /home/kjh/robot_gui_pkg/install/ros2_interfaces/include/ros2_interfaces/ros2_interfaces/msg/detail/bridge_current__functions.h
[3.633s] -- Symlinking: /home/kjh/robot_gui_pkg/install/ros2_interfaces/include/ros2_interfaces/ros2_interfaces/msg/detail/bridge_current__struct.h
[3.635s] -- Symlinking: /home/kjh/robot_gui_pkg/install/ros2_interfaces/include/ros2_interfaces/ros2_interfaces/msg/detail/bridge_current__type_support.h
[3.639s] -- Symlinking: /home/kjh/robot_gui_pkg/install/ros2_interfaces/include/ros2_interfaces/ros2_interfaces/msg/detail/bridge_dt__functions.h
[3.641s] -- Symlinking: /home/kjh/robot_gui_pkg/install/ros2_interfaces/include/ros2_interfaces/ros2_interfaces/msg/detail/bridge_dt__struct.h
[3.644s] -- Symlinking: /home/kjh/robot_gui_pkg/install/ros2_interfaces/include/ros2_interfaces/ros2_interfaces/msg/detail/bridge_dt__type_support.h
[3.647s] -- Symlinking: /home/kjh/robot_gui_pkg/install/ros2_interfaces/include/ros2_interfaces/ros2_interfaces/msg/detail/bridge_error__functions.h
[3.650s] -- Symlinking: /home/kjh/robot_gui_pkg/install/ros2_interfaces/include/ros2_interfaces/ros2_interfaces/msg/detail/bridge_error__struct.h
[3.653s] -- Symlinking: /home/kjh/robot_gui_pkg/install/ros2_interfaces/include/ros2_interfaces/ros2_interfaces/msg/detail/bridge_error__type_support.h
[3.656s] -- Symlinking: /home/kjh/robot_gui_pkg/install/ros2_interfaces/include/ros2_interfaces/ros2_interfaces/msg/detail/bridge_float32_multi_array__functions.h
[3.659s] -- Symlinking: /home/kjh/robot_gui_pkg/install/ros2_interfaces/include/ros2_interfaces/ros2_interfaces/msg/detail/bridge_float32_multi_array__struct.h
[3.661s] -- Symlinking: /home/kjh/robot_gui_pkg/install/ros2_interfaces/include/ros2_interfaces/ros2_interfaces/msg/detail/bridge_float32_multi_array__type_support.h
[3.664s] -- Symlinking: /home/kjh/robot_gui_pkg/install/ros2_interfaces/include/ros2_interfaces/ros2_interfaces/msg/detail/bridge_joint_state_with_accel__functions.h
[3.666s] -- Symlinking: /home/kjh/robot_gui_pkg/install/ros2_interfaces/include/ros2_interfaces/ros2_interfaces/msg/detail/bridge_joint_state_with_accel__struct.h
[3.669s] -- Symlinking: /home/kjh/robot_gui_pkg/install/ros2_interfaces/include/ros2_interfaces/ros2_interfaces/msg/detail/bridge_joint_state_with_accel__type_support.h
[3.671s] -- Symlinking: /home/kjh/robot_gui_pkg/install/ros2_interfaces/include/ros2_interfaces/ros2_interfaces/msg/detail/bridge_robot_status__functions.h
[3.674s] -- Symlinking: /home/kjh/robot_gui_pkg/install/ros2_interfaces/include/ros2_interfaces/ros2_interfaces/msg/detail/bridge_robot_status__struct.h
[3.676s] -- Symlinking: /home/kjh/robot_gui_pkg/install/ros2_interfaces/include/ros2_interfaces/ros2_interfaces/msg/detail/bridge_robot_status__type_support.h
[3.678s] -- Symlinking: /home/kjh/robot_gui_pkg/install/ros2_interfaces/include/ros2_interfaces/ros2_interfaces/msg/detail/bridge_string_multi_array__functions.h
[3.681s] -- Symlinking: /home/kjh/robot_gui_pkg/install/ros2_interfaces/include/ros2_interfaces/ros2_interfaces/msg/detail/bridge_string_multi_array__struct.h
[3.683s] -- Symlinking: /home/kjh/robot_gui_pkg/install/ros2_interfaces/include/ros2_interfaces/ros2_interfaces/msg/detail/bridge_string_multi_array__type_support.h
[3.686s] -- Symlinking: /home/kjh/robot_gui_pkg/install/ros2_interfaces/include/ros2_interfaces/ros2_interfaces/msg/rosidl_generator_c__visibility_control.h
[3.690s] -- Symlinking: /home/kjh/robot_gui_pkg/install/ros2_interfaces/share/ros2_interfaces/environment/library_path.sh
[3.695s] -- Symlinking: /home/kjh/robot_gui_pkg/install/ros2_interfaces/share/ros2_interfaces/environment/library_path.dsv
[3.702s] -- Symlinking: /home/kjh/robot_gui_pkg/install/ros2_interfaces/include/ros2_interfaces/ros2_interfaces/msg/detail/bridge_bool_multi_array__rosidl_typesupport_fastrtps_c.h
[3.710s] -- Symlinking: /home/kjh/robot_gui_pkg/install/ros2_interfaces/include/ros2_interfaces/ros2_interfaces/msg/detail/bridge_current__rosidl_typesupport_fastrtps_c.h
[3.718s] -- Symlinking: /home/kjh/robot_gui_pkg/install/ros2_interfaces/include/ros2_interfaces/ros2_interfaces/msg/detail/bridge_dt__rosidl_typesupport_fastrtps_c.h
[3.726s] -- Symlinking: /home/kjh/robot_gui_pkg/install/ros2_interfaces/include/ros2_interfaces/ros2_interfaces/msg/detail/bridge_error__rosidl_typesupport_fastrtps_c.h
[3.733s] -- Symlinking: /home/kjh/robot_gui_pkg/install/ros2_interfaces/include/ros2_interfaces/ros2_interfaces/msg/detail/bridge_float32_multi_array__rosidl_typesupport_fastrtps_c.h
[3.740s] -- Symlinking: /home/kjh/robot_gui_pkg/install/ros2_interfaces/include/ros2_interfaces/ros2_interfaces/msg/detail/bridge_joint_state_with_accel__rosidl_typesupport_fastrtps_c.h
[3.747s] -- Symlinking: /home/kjh/robot_gui_pkg/install/ros2_interfaces/include/ros2_interfaces/ros2_interfaces/msg/detail/bridge_robot_status__rosidl_typesupport_fastrtps_c.h
[3.754s] -- Symlinking: /home/kjh/robot_gui_pkg/install/ros2_interfaces/include/ros2_interfaces/ros2_interfaces/msg/detail/bridge_string_multi_array__rosidl_typesupport_fastrtps_c.h
[3.762s] -- Symlinking: /home/kjh/robot_gui_pkg/install/ros2_interfaces/include/ros2_interfaces/ros2_interfaces/msg/rosidl_typesupport_fastrtps_c__visibility_control.h
[3.771s] -- Symlinking: /home/kjh/robot_gui_pkg/install/ros2_interfaces/include/ros2_interfaces/ros2_interfaces/msg/bridge_bool_multi_array.hpp
[3.778s] -- Symlinking: /home/kjh/robot_gui_pkg/install/ros2_interfaces/include/ros2_interfaces/ros2_interfaces/msg/bridge_current.hpp
[3.786s] -- Symlinking: /home/kjh/robot_gui_pkg/install/ros2_interfaces/include/ros2_interfaces/ros2_interfaces/msg/bridge_dt.hpp
[3.793s] -- Symlinking: /home/kjh/robot_gui_pkg/install/ros2_interfaces/include/ros2_interfaces/ros2_interfaces/msg/bridge_error.hpp
[3.801s] -- Symlinking: /home/kjh/robot_gui_pkg/install/ros2_interfaces/include/ros2_interfaces/ros2_interfaces/msg/bridge_float32_multi_array.hpp
[3.809s] -- Symlinking: /home/kjh/robot_gui_pkg/install/ros2_interfaces/include/ros2_interfaces/ros2_interfaces/msg/bridge_joint_state_with_accel.hpp
[3.816s] -- Symlinking: /home/kjh/robot_gui_pkg/install/ros2_interfaces/include/ros2_interfaces/ros2_interfaces/msg/bridge_robot_status.hpp
[3.824s] -- Symlinking: /home/kjh/robot_gui_pkg/install/ros2_interfaces/include/ros2_interfaces/ros2_interfaces/msg/bridge_string_multi_array.hpp
[3.831s] -- Symlinking: /home/kjh/robot_gui_pkg/install/ros2_interfaces/include/ros2_interfaces/ros2_interfaces/msg/detail/bridge_bool_multi_array__builder.hpp
[3.839s] -- Symlinking: /home/kjh/robot_gui_pkg/install/ros2_interfaces/include/ros2_interfaces/ros2_interfaces/msg/detail/bridge_bool_multi_array__struct.hpp
[3.845s] -- Symlinking: /home/kjh/robot_gui_pkg/install/ros2_interfaces/include/ros2_interfaces/ros2_interfaces/msg/detail/bridge_bool_multi_array__traits.hpp
[3.852s] -- Symlinking: /home/kjh/robot_gui_pkg/install/ros2_interfaces/include/ros2_interfaces/ros2_interfaces/msg/detail/bridge_current__builder.hpp
[3.859s] -- Symlinking: /home/kjh/robot_gui_pkg/install/ros2_interfaces/include/ros2_interfaces/ros2_interfaces/msg/detail/bridge_current__struct.hpp
[3.866s] -- Symlinking: /home/kjh/robot_gui_pkg/install/ros2_interfaces/include/ros2_interfaces/ros2_interfaces/msg/detail/bridge_current__traits.hpp
[3.872s] -- Symlinking: /home/kjh/robot_gui_pkg/install/ros2_interfaces/include/ros2_interfaces/ros2_interfaces/msg/detail/bridge_dt__builder.hpp
[3.879s] -- Symlinking: /home/kjh/robot_gui_pkg/install/ros2_interfaces/include/ros2_interfaces/ros2_interfaces/msg/detail/bridge_dt__struct.hpp
[3.886s] -- Symlinking: /home/kjh/robot_gui_pkg/install/ros2_interfaces/include/ros2_interfaces/ros2_interfaces/msg/detail/bridge_dt__traits.hpp
[3.893s] -- Symlinking: /home/kjh/robot_gui_pkg/install/ros2_interfaces/include/ros2_interfaces/ros2_interfaces/msg/detail/bridge_error__builder.hpp
[3.901s] -- Symlinking: /home/kjh/robot_gui_pkg/install/ros2_interfaces/include/ros2_interfaces/ros2_interfaces/msg/detail/bridge_error__struct.hpp
[3.908s] -- Symlinking: /home/kjh/robot_gui_pkg/install/ros2_interfaces/include/ros2_interfaces/ros2_interfaces/msg/detail/bridge_error__traits.hpp
[3.914s] -- Symlinking: /home/kjh/robot_gui_pkg/install/ros2_interfaces/include/ros2_interfaces/ros2_interfaces/msg/detail/bridge_float32_multi_array__builder.hpp
[3.921s] -- Symlinking: /home/kjh/robot_gui_pkg/install/ros2_interfaces/include/ros2_interfaces/ros2_interfaces/msg/detail/bridge_float32_multi_array__struct.hpp
[3.928s] -- Symlinking: /home/kjh/robot_gui_pkg/install/ros2_interfaces/include/ros2_interfaces/ros2_interfaces/msg/detail/bridge_float32_multi_array__traits.hpp
[3.934s] -- Symlinking: /home/kjh/robot_gui_pkg/install/ros2_interfaces/include/ros2_interfaces/ros2_interfaces/msg/detail/bridge_joint_state_with_accel__builder.hpp
[3.939s] -- Symlinking: /home/kjh/robot_gui_pkg/install/ros2_interfaces/include/ros2_interfaces/ros2_interfaces/msg/detail/bridge_joint_state_with_accel__struct.hpp
[3.946s] -- Symlinking: /home/kjh/robot_gui_pkg/install/ros2_interfaces/include/ros2_interfaces/ros2_interfaces/msg/detail/bridge_joint_state_with_accel__traits.hpp
[3.954s] -- Symlinking: /home/kjh/robot_gui_pkg/install/ros2_interfaces/include/ros2_interfaces/ros2_interfaces/msg/detail/bridge_robot_status__builder.hpp
[3.961s] -- Symlinking: /home/kjh/robot_gui_pkg/install/ros2_interfaces/include/ros2_interfaces/ros2_interfaces/msg/detail/bridge_robot_status__struct.hpp
[3.969s] -- Symlinking: /home/kjh/robot_gui_pkg/install/ros2_interfaces/include/ros2_interfaces/ros2_interfaces/msg/detail/bridge_robot_status__traits.hpp
[3.977s] -- Symlinking: /home/kjh/robot_gui_pkg/install/ros2_interfaces/include/ros2_interfaces/ros2_interfaces/msg/detail/bridge_string_multi_array__builder.hpp
[3.984s] -- Symlinking: /home/kjh/robot_gui_pkg/install/ros2_interfaces/include/ros2_interfaces/ros2_interfaces/msg/detail/bridge_string_multi_array__struct.hpp
[3.992s] -- Symlinking: /home/kjh/robot_gui_pkg/install/ros2_interfaces/include/ros2_interfaces/ros2_interfaces/msg/detail/bridge_string_multi_array__traits.hpp
[4.001s] -- Symlinking: /home/kjh/robot_gui_pkg/install/ros2_interfaces/include/ros2_interfaces/ros2_interfaces/msg/detail/bridge_bool_multi_array__rosidl_typesupport_fastrtps_cpp.hpp
[4.009s] -- Symlinking: /home/kjh/robot_gui_pkg/install/ros2_interfaces/include/ros2_interfaces/ros2_interfaces/msg/detail/bridge_current__rosidl_typesupport_fastrtps_cpp.hpp
[4.017s] -- Symlinking: /home/kjh/robot_gui_pkg/install/ros2_interfaces/include/ros2_interfaces/ros2_interfaces/msg/detail/bridge_dt__rosidl_typesupport_fastrtps_cpp.hpp
[4.025s] -- Symlinking: /home/kjh/robot_gui_pkg/install/ros2_interfaces/include/ros2_interfaces/ros2_interfaces/msg/detail/bridge_error__rosidl_typesupport_fastrtps_cpp.hpp
[4.032s] -- Symlinking: /home/kjh/robot_gui_pkg/install/ros2_interfaces/include/ros2_interfaces/ros2_interfaces/msg/detail/bridge_float32_multi_array__rosidl_typesupport_fastrtps_cpp.hpp
[4.040s] -- Symlinking: /home/kjh/robot_gui_pkg/install/ros2_interfaces/include/ros2_interfaces/ros2_interfaces/msg/detail/bridge_joint_state_with_accel__rosidl_typesupport_fastrtps_cpp.hpp
[4.047s] -- Symlinking: /home/kjh/robot_gui_pkg/install/ros2_interfaces/include/ros2_interfaces/ros2_interfaces/msg/detail/bridge_robot_status__rosidl_typesupport_fastrtps_cpp.hpp
[4.051s] -- Symlinking: /home/kjh/robot_gui_pkg/install/ros2_interfaces/include/ros2_interfaces/ros2_interfaces/msg/detail/bridge_string_multi_array__rosidl_typesupport_fastrtps_cpp.hpp
[4.056s] -- Symlinking: /home/kjh/robot_gui_pkg/install/ros2_interfaces/include/ros2_interfaces/ros2_interfaces/msg/rosidl_typesupport_fastrtps_cpp__visibility_control.h
[4.064s] -- Symlinking: /home/kjh/robot_gui_pkg/install/ros2_interfaces/include/ros2_interfaces/ros2_interfaces/msg/detail/bridge_bool_multi_array__rosidl_typesupport_introspection_c.h
[4.070s] -- Symlinking: /home/kjh/robot_gui_pkg/install/ros2_interfaces/include/ros2_interfaces/ros2_interfaces/msg/detail/bridge_current__rosidl_typesupport_introspection_c.h
[4.074s] -- Symlinking: /home/kjh/robot_gui_pkg/install/ros2_interfaces/include/ros2_interfaces/ros2_interfaces/msg/detail/bridge_dt__rosidl_typesupport_introspection_c.h
[4.079s] -- Symlinking: /home/kjh/robot_gui_pkg/install/ros2_interfaces/include/ros2_interfaces/ros2_interfaces/msg/detail/bridge_error__rosidl_typesupport_introspection_c.h
[4.083s] -- Symlinking: /home/kjh/robot_gui_pkg/install/ros2_interfaces/include/ros2_interfaces/ros2_interfaces/msg/detail/bridge_float32_multi_array__rosidl_typesupport_introspection_c.h
[4.087s] -- Symlinking: /home/kjh/robot_gui_pkg/install/ros2_interfaces/include/ros2_interfaces/ros2_interfaces/msg/detail/bridge_joint_state_with_accel__rosidl_typesupport_introspection_c.h
[4.092s] -- Symlinking: /home/kjh/robot_gui_pkg/install/ros2_interfaces/include/ros2_interfaces/ros2_interfaces/msg/detail/bridge_robot_status__rosidl_typesupport_introspection_c.h
[4.098s] -- Symlinking: /home/kjh/robot_gui_pkg/install/ros2_interfaces/include/ros2_interfaces/ros2_interfaces/msg/detail/bridge_string_multi_array__rosidl_typesupport_introspection_c.h
[4.105s] -- Symlinking: /home/kjh/robot_gui_pkg/install/ros2_interfaces/include/ros2_interfaces/ros2_interfaces/msg/rosidl_typesupport_introspection_c__visibility_control.h
[4.113s] -- Symlinking: /home/kjh/robot_gui_pkg/install/ros2_interfaces/include/ros2_interfaces/ros2_interfaces/msg/detail/bridge_bool_multi_array__rosidl_typesupport_introspection_cpp.hpp
[4.118s] -- Symlinking: /home/kjh/robot_gui_pkg/install/ros2_interfaces/include/ros2_interfaces/ros2_interfaces/msg/detail/bridge_current__rosidl_typesupport_introspection_cpp.hpp
[4.123s] -- Symlinking: /home/kjh/robot_gui_pkg/install/ros2_interfaces/include/ros2_interfaces/ros2_interfaces/msg/detail/bridge_dt__rosidl_typesupport_introspection_cpp.hpp
[4.128s] -- Symlinking: /home/kjh/robot_gui_pkg/install/ros2_interfaces/include/ros2_interfaces/ros2_interfaces/msg/detail/bridge_error__rosidl_typesupport_introspection_cpp.hpp
[4.134s] -- Symlinking: /home/kjh/robot_gui_pkg/install/ros2_interfaces/include/ros2_interfaces/ros2_interfaces/msg/detail/bridge_float32_multi_array__rosidl_typesupport_introspection_cpp.hpp
[4.141s] -- Symlinking: /home/kjh/robot_gui_pkg/install/ros2_interfaces/include/ros2_interfaces/ros2_interfaces/msg/detail/bridge_joint_state_with_accel__rosidl_typesupport_introspection_cpp.hpp
[4.147s] -- Symlinking: /home/kjh/robot_gui_pkg/install/ros2_interfaces/include/ros2_interfaces/ros2_interfaces/msg/detail/bridge_robot_status__rosidl_typesupport_introspection_cpp.hpp
[4.150s] -- Symlinking: /home/kjh/robot_gui_pkg/install/ros2_interfaces/include/ros2_interfaces/ros2_interfaces/msg/detail/bridge_string_multi_array__rosidl_typesupport_introspection_cpp.hpp
[4.157s] -- Symlinking: /home/kjh/robot_gui_pkg/install/ros2_interfaces/share/ros2_interfaces/environment/pythonpath.sh
[4.165s] -- Symlinking: /home/kjh/robot_gui_pkg/install/ros2_interfaces/share/ros2_interfaces/environment/pythonpath.dsv
[4.174s] -- Symlinking: /home/kjh/robot_gui_pkg/install/ros2_interfaces/local/lib/python3.10/dist-packages/ros2_interfaces-0.0.0-py3.10.egg-info/PKG-INFO
[4.181s] -- Symlinking: /home/kjh/robot_gui_pkg/install/ros2_interfaces/local/lib/python3.10/dist-packages/ros2_interfaces-0.0.0-py3.10.egg-info/SOURCES.txt
[4.188s] -- Symlinking: /home/kjh/robot_gui_pkg/install/ros2_interfaces/local/lib/python3.10/dist-packages/ros2_interfaces-0.0.0-py3.10.egg-info/dependency_links.txt
[4.196s] -- Symlinking: /home/kjh/robot_gui_pkg/install/ros2_interfaces/local/lib/python3.10/dist-packages/ros2_interfaces-0.0.0-py3.10.egg-info/top_level.txt
[4.205s] -- Symlinking: /home/kjh/robot_gui_pkg/install/ros2_interfaces/local/lib/python3.10/dist-packages/ros2_interfaces/__init__.py
[4.211s] -- Symlinking: /home/kjh/robot_gui_pkg/install/ros2_interfaces/local/lib/python3.10/dist-packages/ros2_interfaces/_ros2_interfaces_s.ep.rosidl_typesupport_c.c
[4.215s] -- Symlinking: /home/kjh/robot_gui_pkg/install/ros2_interfaces/local/lib/python3.10/dist-packages/ros2_interfaces/_ros2_interfaces_s.ep.rosidl_typesupport_fastrtps_c.c
[4.223s] -- Symlinking: /home/kjh/robot_gui_pkg/install/ros2_interfaces/local/lib/python3.10/dist-packages/ros2_interfaces/_ros2_interfaces_s.ep.rosidl_typesupport_introspection_c.c
[4.230s] -- Symlinking: /home/kjh/robot_gui_pkg/install/ros2_interfaces/local/lib/python3.10/dist-packages/ros2_interfaces/libros2_interfaces__rosidl_generator_py.so
[4.238s] -- Symlinking: /home/kjh/robot_gui_pkg/install/ros2_interfaces/local/lib/python3.10/dist-packages/ros2_interfaces/msg/__init__.py
[4.246s] -- Symlinking: /home/kjh/robot_gui_pkg/install/ros2_interfaces/local/lib/python3.10/dist-packages/ros2_interfaces/msg/_bridge_bool_multi_array.py
[4.253s] -- Symlinking: /home/kjh/robot_gui_pkg/install/ros2_interfaces/local/lib/python3.10/dist-packages/ros2_interfaces/msg/_bridge_bool_multi_array_s.c
[4.258s] -- Symlinking: /home/kjh/robot_gui_pkg/install/ros2_interfaces/local/lib/python3.10/dist-packages/ros2_interfaces/msg/_bridge_current.py
[4.262s] -- Symlinking: /home/kjh/robot_gui_pkg/install/ros2_interfaces/local/lib/python3.10/dist-packages/ros2_interfaces/msg/_bridge_current_s.c
[4.266s] -- Symlinking: /home/kjh/robot_gui_pkg/install/ros2_interfaces/local/lib/python3.10/dist-packages/ros2_interfaces/msg/_bridge_dt.py
[4.273s] -- Symlinking: /home/kjh/robot_gui_pkg/install/ros2_interfaces/local/lib/python3.10/dist-packages/ros2_interfaces/msg/_bridge_dt_s.c
[4.279s] -- Symlinking: /home/kjh/robot_gui_pkg/install/ros2_interfaces/local/lib/python3.10/dist-packages/ros2_interfaces/msg/_bridge_error.py
[4.284s] -- Symlinking: /home/kjh/robot_gui_pkg/install/ros2_interfaces/local/lib/python3.10/dist-packages/ros2_interfaces/msg/_bridge_error_s.c
[4.290s] -- Symlinking: /home/kjh/robot_gui_pkg/install/ros2_interfaces/local/lib/python3.10/dist-packages/ros2_interfaces/msg/_bridge_float32_multi_array.py
[4.296s] -- Symlinking: /home/kjh/robot_gui_pkg/install/ros2_interfaces/local/lib/python3.10/dist-packages/ros2_interfaces/msg/_bridge_float32_multi_array_s.c
[4.301s] -- Symlinking: /home/kjh/robot_gui_pkg/install/ros2_interfaces/local/lib/python3.10/dist-packages/ros2_interfaces/msg/_bridge_joint_state_with_accel.py
[4.306s] -- Symlinking: /home/kjh/robot_gui_pkg/install/ros2_interfaces/local/lib/python3.10/dist-packages/ros2_interfaces/msg/_bridge_joint_state_with_accel_s.c
[4.313s] -- Symlinking: /home/kjh/robot_gui_pkg/install/ros2_interfaces/local/lib/python3.10/dist-packages/ros2_interfaces/msg/_bridge_robot_status.py
[4.321s] -- Symlinking: /home/kjh/robot_gui_pkg/install/ros2_interfaces/local/lib/python3.10/dist-packages/ros2_interfaces/msg/_bridge_robot_status_s.c
[4.328s] -- Symlinking: /home/kjh/robot_gui_pkg/install/ros2_interfaces/local/lib/python3.10/dist-packages/ros2_interfaces/msg/_bridge_string_multi_array.py
[4.336s] -- Symlinking: /home/kjh/robot_gui_pkg/install/ros2_interfaces/local/lib/python3.10/dist-packages/ros2_interfaces/msg/_bridge_string_multi_array_s.c
[4.344s] -- Symlinking: /home/kjh/robot_gui_pkg/install/ros2_interfaces/local/lib/python3.10/dist-packages/ros2_interfaces/ros2_interfaces_s__rosidl_typesupport_c.cpython-310-x86_64-linux-gnu.so
[4.351s] -- Symlinking: /home/kjh/robot_gui_pkg/install/ros2_interfaces/local/lib/python3.10/dist-packages/ros2_interfaces/ros2_interfaces_s__rosidl_typesupport_fastrtps_c.cpython-310-x86_64-linux-gnu.so
[4.359s] -- Symlinking: /home/kjh/robot_gui_pkg/install/ros2_interfaces/local/lib/python3.10/dist-packages/ros2_interfaces/ros2_interfaces_s__rosidl_typesupport_introspection_c.cpython-310-x86_64-linux-gnu.so
[4.367s] -- Up-to-date symlink: /home/kjh/robot_gui_pkg/install/ros2_interfaces/local/lib/python3.10/dist-packages/ros2_interfaces/ros2_interfaces_s__rosidl_typesupport_fastrtps_c.cpython-310-x86_64-linux-gnu.so
[4.368s] -- Up-to-date symlink: /home/kjh/robot_gui_pkg/install/ros2_interfaces/local/lib/python3.10/dist-packages/ros2_interfaces/ros2_interfaces_s__rosidl_typesupport_introspection_c.cpython-310-x86_64-linux-gnu.so
[4.368s] -- Up-to-date symlink: /home/kjh/robot_gui_pkg/install/ros2_interfaces/local/lib/python3.10/dist-packages/ros2_interfaces/ros2_interfaces_s__rosidl_typesupport_c.cpython-310-x86_64-linux-gnu.so
[4.369s] -- Symlinking: /home/kjh/robot_gui_pkg/install/ros2_interfaces/share/ros2_interfaces/msg/BridgeBoolMultiArray.idl
[4.377s] -- Symlinking: /home/kjh/robot_gui_pkg/install/ros2_interfaces/share/ros2_interfaces/msg/BridgeFloat32MultiArray.idl
[4.383s] -- Symlinking: /home/kjh/robot_gui_pkg/install/ros2_interfaces/share/ros2_interfaces/msg/BridgeJointStateWithAccel.idl
[4.388s] -- Symlinking: /home/kjh/robot_gui_pkg/install/ros2_interfaces/share/ros2_interfaces/msg/BridgeStringMultiArray.idl
[4.396s] -- Symlinking: /home/kjh/robot_gui_pkg/install/ros2_interfaces/share/ros2_interfaces/msg/BridgeDt.idl
[4.404s] -- Symlinking: /home/kjh/robot_gui_pkg/install/ros2_interfaces/share/ros2_interfaces/msg/BridgeCurrent.idl
[4.411s] -- Symlinking: /home/kjh/robot_gui_pkg/install/ros2_interfaces/share/ros2_interfaces/msg/BridgeError.idl
[4.419s] -- Symlinking: /home/kjh/robot_gui_pkg/install/ros2_interfaces/share/ros2_interfaces/msg/BridgeRobotStatus.idl
[4.427s] -- Symlinking: /home/kjh/robot_gui_pkg/install/ros2_interfaces/share/ros2_interfaces/msg/BridgeBoolMultiArray.msg
[4.435s] -- Symlinking: /home/kjh/robot_gui_pkg/install/ros2_interfaces/share/ros2_interfaces/msg/BridgeFloat32MultiArray.msg
[4.442s] -- Symlinking: /home/kjh/robot_gui_pkg/install/ros2_interfaces/share/ros2_interfaces/msg/BridgeJointStateWithAccel.msg
[4.450s] -- Symlinking: /home/kjh/robot_gui_pkg/install/ros2_interfaces/share/ros2_interfaces/msg/BridgeStringMultiArray.msg
[4.459s] -- Symlinking: /home/kjh/robot_gui_pkg/install/ros2_interfaces/share/ros2_interfaces/msg/BridgeDt.msg
[4.467s] -- Symlinking: /home/kjh/robot_gui_pkg/install/ros2_interfaces/share/ros2_interfaces/msg/BridgeCurrent.msg
[4.475s] -- Symlinking: /home/kjh/robot_gui_pkg/install/ros2_interfaces/share/ros2_interfaces/msg/BridgeError.msg
[4.483s] -- Symlinking: /home/kjh/robot_gui_pkg/install/ros2_interfaces/share/ros2_interfaces/msg/BridgeRobotStatus.msg
[4.490s] -- Symlinking: /home/kjh/robot_gui_pkg/install/ros2_interfaces/share/ament_index/resource_index/package_run_dependencies/ros2_interfaces
[4.497s] -- Symlinking: /home/kjh/robot_gui_pkg/install/ros2_interfaces/share/ament_index/resource_index/parent_prefix_path/ros2_interfaces
[4.504s] -- Symlinking: /home/kjh/robot_gui_pkg/install/ros2_interfaces/share/ros2_interfaces/environment/ament_prefix_path.sh
[4.512s] -- Symlinking: /home/kjh/robot_gui_pkg/install/ros2_interfaces/share/ros2_interfaces/environment/ament_prefix_path.dsv
[4.519s] -- Symlinking: /home/kjh/robot_gui_pkg/install/ros2_interfaces/share/ros2_interfaces/environment/path.sh
[4.526s] -- Symlinking: /home/kjh/robot_gui_pkg/install/ros2_interfaces/share/ros2_interfaces/environment/path.dsv
[4.534s] -- Symlinking: /home/kjh/robot_gui_pkg/install/ros2_interfaces/share/ros2_interfaces/local_setup.bash
[4.542s] -- Symlinking: /home/kjh/robot_gui_pkg/install/ros2_interfaces/share/ros2_interfaces/local_setup.sh
[4.548s] -- Symlinking: /home/kjh/robot_gui_pkg/install/ros2_interfaces/share/ros2_interfaces/local_setup.zsh
[4.555s] -- Symlinking: /home/kjh/robot_gui_pkg/install/ros2_interfaces/share/ros2_interfaces/local_setup.dsv
[4.563s] -- Symlinking: /home/kjh/robot_gui_pkg/install/ros2_interfaces/share/ros2_interfaces/package.dsv
[4.570s] -- Symlinking: /home/kjh/robot_gui_pkg/install/ros2_interfaces/share/ament_index/resource_index/packages/ros2_interfaces
[4.578s] -- Symlinking: /home/kjh/robot_gui_pkg/install/ros2_interfaces/share/ros2_interfaces/cmake/rosidl_cmake-extras.cmake
[4.586s] -- Symlinking: /home/kjh/robot_gui_pkg/install/ros2_interfaces/share/ros2_interfaces/cmake/ament_cmake_export_dependencies-extras.cmake
[4.594s] -- Symlinking: /home/kjh/robot_gui_pkg/install/ros2_interfaces/share/ros2_interfaces/cmake/ament_cmake_export_include_directories-extras.cmake
[4.602s] -- Symlinking: /home/kjh/robot_gui_pkg/install/ros2_interfaces/share/ros2_interfaces/cmake/ament_cmake_export_libraries-extras.cmake
[4.610s] -- Symlinking: /home/kjh/robot_gui_pkg/install/ros2_interfaces/share/ros2_interfaces/cmake/ament_cmake_export_targets-extras.cmake
[4.616s] -- Symlinking: /home/kjh/robot_gui_pkg/install/ros2_interfaces/share/ros2_interfaces/cmake/rosidl_cmake_export_typesupport_targets-extras.cmake
[4.621s] -- Symlinking: /home/kjh/robot_gui_pkg/install/ros2_interfaces/share/ros2_interfaces/cmake/rosidl_cmake_export_typesupport_libraries-extras.cmake
[4.628s] -- Symlinking: /home/kjh/robot_gui_pkg/install/ros2_interfaces/share/ros2_interfaces/cmake/ros2_interfacesConfig.cmake
[4.636s] -- Symlinking: /home/kjh/robot_gui_pkg/install/ros2_interfaces/share/ros2_interfaces/cmake/ros2_interfacesConfig-version.cmake
[4.644s] -- Symlinking: /home/kjh/robot_gui_pkg/install/ros2_interfaces/share/ros2_interfaces/package.xml
[4.652s] -- Installing: /home/kjh/robot_gui_pkg/install/ros2_interfaces/lib/libros2_interfaces__rosidl_generator_c.so
[4.653s] -- Set runtime path of "/home/kjh/robot_gui_pkg/install/ros2_interfaces/lib/libros2_interfaces__rosidl_generator_c.so" to ""
[4.653s] -- Installing: /home/kjh/robot_gui_pkg/install/ros2_interfaces/lib/libros2_interfaces__rosidl_typesupport_fastrtps_c.so
[4.654s] -- Set runtime path of "/home/kjh/robot_gui_pkg/install/ros2_interfaces/lib/libros2_interfaces__rosidl_typesupport_fastrtps_c.so" to ""
[4.654s] -- Installing: /home/kjh/robot_gui_pkg/install/ros2_interfaces/lib/libros2_interfaces__rosidl_typesupport_fastrtps_cpp.so
[4.655s] -- Set runtime path of "/home/kjh/robot_gui_pkg/install/ros2_interfaces/lib/libros2_interfaces__rosidl_typesupport_fastrtps_cpp.so" to ""
[4.655s] -- Installing: /home/kjh/robot_gui_pkg/install/ros2_interfaces/lib/libros2_interfaces__rosidl_typesupport_introspection_c.so
[4.656s] -- Set runtime path of "/home/kjh/robot_gui_pkg/install/ros2_interfaces/lib/libros2_interfaces__rosidl_typesupport_introspection_c.so" to ""
[4.656s] -- Installing: /home/kjh/robot_gui_pkg/install/ros2_interfaces/lib/libros2_interfaces__rosidl_typesupport_c.so
[4.656s] -- Set runtime path of "/home/kjh/robot_gui_pkg/install/ros2_interfaces/lib/libros2_interfaces__rosidl_typesupport_c.so" to ""
[4.657s] -- Installing: /home/kjh/robot_gui_pkg/install/ros2_interfaces/lib/libros2_interfaces__rosidl_typesupport_introspection_cpp.so
[4.657s] -- Set runtime path of "/home/kjh/robot_gui_pkg/install/ros2_interfaces/lib/libros2_interfaces__rosidl_typesupport_introspection_cpp.so" to ""
[4.657s] -- Installing: /home/kjh/robot_gui_pkg/install/ros2_interfaces/lib/libros2_interfaces__rosidl_typesupport_cpp.so
[4.658s] -- Set runtime path of "/home/kjh/robot_gui_pkg/install/ros2_interfaces/lib/libros2_interfaces__rosidl_typesupport_cpp.so" to ""
[4.701s] Listing '/home/kjh/robot_gui_pkg/install/ros2_interfaces/local/lib/python3.10/dist-packages/ros2_interfaces'...
[4.701s] Compiling '/home/kjh/robot_gui_pkg/install/ros2_interfaces/local/lib/python3.10/dist-packages/ros2_interfaces/__init__.py'...
[4.701s] Listing '/home/kjh/robot_gui_pkg/install/ros2_interfaces/local/lib/python3.10/dist-packages/ros2_interfaces/msg'...
[4.701s] Compiling '/home/kjh/robot_gui_pkg/install/ros2_interfaces/local/lib/python3.10/dist-packages/ros2_interfaces/msg/__init__.py'...
[4.701s] Compiling '/home/kjh/robot_gui_pkg/install/ros2_interfaces/local/lib/python3.10/dist-packages/ros2_interfaces/msg/_bridge_bool_multi_array.py'...
[4.701s] Compiling '/home/kjh/robot_gui_pkg/install/ros2_interfaces/local/lib/python3.10/dist-packages/ros2_interfaces/msg/_bridge_current.py'...
[4.701s] Compiling '/home/kjh/robot_gui_pkg/install/ros2_interfaces/local/lib/python3.10/dist-packages/ros2_interfaces/msg/_bridge_dt.py'...
[4.701s] Compiling '/home/kjh/robot_gui_pkg/install/ros2_interfaces/local/lib/python3.10/dist-packages/ros2_interfaces/msg/_bridge_error.py'...
[4.701s] Compiling '/home/kjh/robot_gui_pkg/install/ros2_interfaces/local/lib/python3.10/dist-packages/ros2_interfaces/msg/_bridge_float32_multi_array.py'...
[4.701s] Compiling '/home/kjh/robot_gui_pkg/install/ros2_interfaces/local/lib/python3.10/dist-packages/ros2_interfaces/msg/_bridge_joint_state_with_accel.py'...
[4.702s] Compiling '/home/kjh/robot_gui_pkg/install/ros2_interfaces/local/lib/python3.10/dist-packages/ros2_interfaces/msg/_bridge_robot_status.py'...
[4.702s] Compiling '/home/kjh/robot_gui_pkg/install/ros2_interfaces/local/lib/python3.10/dist-packages/ros2_interfaces/msg/_bridge_string_multi_array.py'...
[4.703s] -- Installing: /home/kjh/robot_gui_pkg/install/ros2_interfaces/lib/libros2_interfaces__rosidl_generator_py.so
[4.704s] -- Set runtime path of "/home/kjh/robot_gui_pkg/install/ros2_interfaces/lib/libros2_interfaces__rosidl_generator_py.so" to ""
[4.704s] -- Installing: /home/kjh/robot_gui_pkg/install/ros2_interfaces/share/ros2_interfaces/cmake/export_ros2_interfaces__rosidl_generator_cExport.cmake
[4.704s] -- Installing: /home/kjh/robot_gui_pkg/install/ros2_interfaces/share/ros2_interfaces/cmake/export_ros2_interfaces__rosidl_generator_cExport-noconfig.cmake
[4.704s] -- Installing: /home/kjh/robot_gui_pkg/install/ros2_interfaces/share/ros2_interfaces/cmake/export_ros2_interfaces__rosidl_typesupport_fastrtps_cExport.cmake
[4.704s] -- Installing: /home/kjh/robot_gui_pkg/install/ros2_interfaces/share/ros2_interfaces/cmake/export_ros2_interfaces__rosidl_typesupport_fastrtps_cExport-noconfig.cmake
[4.704s] -- Installing: /home/kjh/robot_gui_pkg/install/ros2_interfaces/share/ros2_interfaces/cmake/export_ros2_interfaces__rosidl_generator_cppExport.cmake
[4.704s] -- Installing: /home/kjh/robot_gui_pkg/install/ros2_interfaces/share/ros2_interfaces/cmake/export_ros2_interfaces__rosidl_typesupport_fastrtps_cppExport.cmake
[4.704s] -- Installing: /home/kjh/robot_gui_pkg/install/ros2_interfaces/share/ros2_interfaces/cmake/export_ros2_interfaces__rosidl_typesupport_fastrtps_cppExport-noconfig.cmake
[4.704s] -- Installing: /home/kjh/robot_gui_pkg/install/ros2_interfaces/share/ros2_interfaces/cmake/ros2_interfaces__rosidl_typesupport_introspection_cExport.cmake
[4.704s] -- Installing: /home/kjh/robot_gui_pkg/install/ros2_interfaces/share/ros2_interfaces/cmake/ros2_interfaces__rosidl_typesupport_introspection_cExport-noconfig.cmake
[4.704s] -- Installing: /home/kjh/robot_gui_pkg/install/ros2_interfaces/share/ros2_interfaces/cmake/ros2_interfaces__rosidl_typesupport_cExport.cmake
[4.704s] -- Installing: /home/kjh/robot_gui_pkg/install/ros2_interfaces/share/ros2_interfaces/cmake/ros2_interfaces__rosidl_typesupport_cExport-noconfig.cmake
[4.704s] -- Installing: /home/kjh/robot_gui_pkg/install/ros2_interfaces/share/ros2_interfaces/cmake/ros2_interfaces__rosidl_typesupport_introspection_cppExport.cmake
[4.704s] -- Installing: /home/kjh/robot_gui_pkg/install/ros2_interfaces/share/ros2_interfaces/cmake/ros2_interfaces__rosidl_typesupport_introspection_cppExport-noconfig.cmake
[4.705s] -- Installing: /home/kjh/robot_gui_pkg/install/ros2_interfaces/share/ros2_interfaces/cmake/ros2_interfaces__rosidl_typesupport_cppExport.cmake
[4.705s] -- Installing: /home/kjh/robot_gui_pkg/install/ros2_interfaces/share/ros2_interfaces/cmake/ros2_interfaces__rosidl_typesupport_cppExport-noconfig.cmake
[4.705s] -- Installing: /home/kjh/robot_gui_pkg/install/ros2_interfaces/share/ros2_interfaces/cmake/export_ros2_interfaces__rosidl_generator_pyExport.cmake
[4.705s] -- Installing: /home/kjh/robot_gui_pkg/install/ros2_interfaces/share/ros2_interfaces/cmake/export_ros2_interfaces__rosidl_generator_pyExport-noconfig.cmake
[4.708s] Invoked command in '/home/kjh/robot_gui_pkg/build/ros2_interfaces' returned '0': CMAKE_PREFIX_PATH=${CMAKE_PREFIX_PATH}:/home/kjh/robot_gui_pkg/install/ros2_gui:/opt/ros/humble /home/kjh/.local/bin/cmake --install /home/kjh/robot_gui_pkg/build/ros2_interfaces
