[  1%] Built target robot_interfaces__cpp
[ 12%] Built target robot_interfaces__rosidl_generator_c
[ 12%] Built target ament_cmake_python_copy_robot_interfaces
[ 24%] Built target robot_interfaces__rosidl_typesupport_cpp
[ 35%] Built target robot_interfaces__rosidl_typesupport_c
[ 47%] Built target robot_interfaces__rosidl_typesupport_introspection_c
[ 63%] Built target robot_interfaces__rosidl_typesupport_fastrtps_cpp
[ 70%] Built target robot_interfaces__rosidl_typesupport_introspection_cpp
[ 81%] Built target robot_interfaces__rosidl_typesupport_fastrtps_c
[ 81%] Built target robot_interfaces
[ 82%] Built target robot_interfaces__py
[ 93%] Built target robot_interfaces__rosidl_generator_py
[ 96%] Built target robot_interfaces__rosidl_typesupport_fastrtps_c__pyext
[ 97%] Built target robot_interfaces__rosidl_typesupport_introspection_c__pyext
[100%] Built target robot_interfaces__rosidl_typesupport_c__pyext
running egg_info
writing robot_interfaces.egg-info/PKG-INFO
writing dependency_links to robot_interfaces.egg-info/dependency_links.txt
writing top-level names to robot_interfaces.egg-info/top_level.txt
reading manifest file 'robot_interfaces.egg-info/SOURCES.txt'
writing manifest file 'robot_interfaces.egg-info/SOURCES.txt'
[100%] Built target ament_cmake_python_build_robot_interfaces_egg
-- Install configuration: ""
-- Up-to-date: /home/kjh/robot_gui_pkg/install/robot_interfaces/share/ament_index/resource_index/rosidl_interfaces/robot_interfaces
-- Up-to-date: /home/kjh/robot_gui_pkg/install/robot_interfaces/include/robot_interfaces/robot_interfaces
-- Up-to-date: /home/kjh/robot_gui_pkg/install/robot_interfaces/include/robot_interfaces/robot_interfaces/msg
-- Up-to-date: /home/kjh/robot_gui_pkg/install/robot_interfaces/include/robot_interfaces/robot_interfaces/msg/bridge_dt.h
-- Up-to-date: /home/kjh/robot_gui_pkg/install/robot_interfaces/include/robot_interfaces/robot_interfaces/msg/bridge_robot_status.h
-- Up-to-date: /home/kjh/robot_gui_pkg/install/robot_interfaces/include/robot_interfaces/robot_interfaces/msg/bridge_bool_multi_array.h
-- Up-to-date: /home/kjh/robot_gui_pkg/install/robot_interfaces/include/robot_interfaces/robot_interfaces/msg/bridge_float32_multi_array.h
-- Up-to-date: /home/kjh/robot_gui_pkg/install/robot_interfaces/include/robot_interfaces/robot_interfaces/msg/bridge_error.h
-- Up-to-date: /home/kjh/robot_gui_pkg/install/robot_interfaces/include/robot_interfaces/robot_interfaces/msg/bridge_string_multi_array.h
-- Up-to-date: /home/kjh/robot_gui_pkg/install/robot_interfaces/include/robot_interfaces/robot_interfaces/msg/rosidl_generator_c__visibility_control.h
-- Up-to-date: /home/kjh/robot_gui_pkg/install/robot_interfaces/include/robot_interfaces/robot_interfaces/msg/detail
-- Up-to-date: /home/kjh/robot_gui_pkg/install/robot_interfaces/include/robot_interfaces/robot_interfaces/msg/detail/bridge_current__struct.h
-- Up-to-date: /home/kjh/robot_gui_pkg/install/robot_interfaces/include/robot_interfaces/robot_interfaces/msg/detail/bridge_dt__functions.h
-- Up-to-date: /home/kjh/robot_gui_pkg/install/robot_interfaces/include/robot_interfaces/robot_interfaces/msg/detail/bridge_bool_multi_array__functions.h
-- Up-to-date: /home/kjh/robot_gui_pkg/install/robot_interfaces/include/robot_interfaces/robot_interfaces/msg/detail/bridge_dt__functions.c
-- Up-to-date: /home/kjh/robot_gui_pkg/install/robot_interfaces/include/robot_interfaces/robot_interfaces/msg/detail/bridge_error__functions.h
-- Up-to-date: /home/kjh/robot_gui_pkg/install/robot_interfaces/include/robot_interfaces/robot_interfaces/msg/detail/bridge_dt__struct.h
-- Up-to-date: /home/kjh/robot_gui_pkg/install/robot_interfaces/include/robot_interfaces/robot_interfaces/msg/detail/bridge_bool_multi_array__functions.c
-- Up-to-date: /home/kjh/robot_gui_pkg/install/robot_interfaces/include/robot_interfaces/robot_interfaces/msg/detail/bridge_error__struct.h
-- Up-to-date: /home/kjh/robot_gui_pkg/install/robot_interfaces/include/robot_interfaces/robot_interfaces/msg/detail/bridge_float32_multi_array__functions.c
-- Up-to-date: /home/kjh/robot_gui_pkg/install/robot_interfaces/include/robot_interfaces/robot_interfaces/msg/detail/bridge_robot_status__struct.h
-- Up-to-date: /home/kjh/robot_gui_pkg/install/robot_interfaces/include/robot_interfaces/robot_interfaces/msg/detail/bridge_string_multi_array__functions.c
-- Up-to-date: /home/kjh/robot_gui_pkg/install/robot_interfaces/include/robot_interfaces/robot_interfaces/msg/detail/bridge_error__type_support.h
-- Up-to-date: /home/kjh/robot_gui_pkg/install/robot_interfaces/include/robot_interfaces/robot_interfaces/msg/detail/bridge_float32_multi_array__functions.h
-- Up-to-date: /home/kjh/robot_gui_pkg/install/robot_interfaces/include/robot_interfaces/robot_interfaces/msg/detail/bridge_robot_status__functions.c
-- Up-to-date: /home/kjh/robot_gui_pkg/install/robot_interfaces/include/robot_interfaces/robot_interfaces/msg/detail/bridge_string_multi_array__functions.h
-- Up-to-date: /home/kjh/robot_gui_pkg/install/robot_interfaces/include/robot_interfaces/robot_interfaces/msg/detail/bridge_error__functions.c
-- Up-to-date: /home/kjh/robot_gui_pkg/install/robot_interfaces/include/robot_interfaces/robot_interfaces/msg/detail/bridge_current__functions.c
-- Up-to-date: /home/kjh/robot_gui_pkg/install/robot_interfaces/include/robot_interfaces/robot_interfaces/msg/detail/bridge_bool_multi_array__struct.h
-- Up-to-date: /home/kjh/robot_gui_pkg/install/robot_interfaces/include/robot_interfaces/robot_interfaces/msg/detail/bridge_joint_state_with_accel__functions.c
-- Up-to-date: /home/kjh/robot_gui_pkg/install/robot_interfaces/include/robot_interfaces/robot_interfaces/msg/detail/bridge_float32_multi_array__type_support.h
-- Up-to-date: /home/kjh/robot_gui_pkg/install/robot_interfaces/include/robot_interfaces/robot_interfaces/msg/detail/bridge_string_multi_array__struct.h
-- Up-to-date: /home/kjh/robot_gui_pkg/install/robot_interfaces/include/robot_interfaces/robot_interfaces/msg/detail/bridge_current__type_support.h
-- Up-to-date: /home/kjh/robot_gui_pkg/install/robot_interfaces/include/robot_interfaces/robot_interfaces/msg/detail/bridge_string_multi_array__type_support.h
-- Up-to-date: /home/kjh/robot_gui_pkg/install/robot_interfaces/include/robot_interfaces/robot_interfaces/msg/detail/bridge_robot_status__type_support.h
-- Up-to-date: /home/kjh/robot_gui_pkg/install/robot_interfaces/include/robot_interfaces/robot_interfaces/msg/detail/bridge_joint_state_with_accel__type_support.h
-- Up-to-date: /home/kjh/robot_gui_pkg/install/robot_interfaces/include/robot_interfaces/robot_interfaces/msg/detail/bridge_float32_multi_array__struct.h
-- Up-to-date: /home/kjh/robot_gui_pkg/install/robot_interfaces/include/robot_interfaces/robot_interfaces/msg/detail/bridge_dt__type_support.h
-- Up-to-date: /home/kjh/robot_gui_pkg/install/robot_interfaces/include/robot_interfaces/robot_interfaces/msg/detail/bridge_joint_state_with_accel__functions.h
-- Up-to-date: /home/kjh/robot_gui_pkg/install/robot_interfaces/include/robot_interfaces/robot_interfaces/msg/detail/bridge_bool_multi_array__type_support.h
-- Up-to-date: /home/kjh/robot_gui_pkg/install/robot_interfaces/include/robot_interfaces/robot_interfaces/msg/detail/bridge_robot_status__functions.h
-- Up-to-date: /home/kjh/robot_gui_pkg/install/robot_interfaces/include/robot_interfaces/robot_interfaces/msg/detail/bridge_joint_state_with_accel__struct.h
-- Up-to-date: /home/kjh/robot_gui_pkg/install/robot_interfaces/include/robot_interfaces/robot_interfaces/msg/detail/bridge_current__functions.h
-- Up-to-date: /home/kjh/robot_gui_pkg/install/robot_interfaces/include/robot_interfaces/robot_interfaces/msg/bridge_joint_state_with_accel.h
-- Up-to-date: /home/kjh/robot_gui_pkg/install/robot_interfaces/include/robot_interfaces/robot_interfaces/msg/bridge_current.h
-- Up-to-date: /home/kjh/robot_gui_pkg/install/robot_interfaces/share/robot_interfaces/environment/library_path.sh
-- Up-to-date: /home/kjh/robot_gui_pkg/install/robot_interfaces/share/robot_interfaces/environment/library_path.dsv
-- Up-to-date: /home/kjh/robot_gui_pkg/install/robot_interfaces/lib/librobot_interfaces__rosidl_generator_c.so
-- Up-to-date: /home/kjh/robot_gui_pkg/install/robot_interfaces/include/robot_interfaces/robot_interfaces
-- Up-to-date: /home/kjh/robot_gui_pkg/install/robot_interfaces/include/robot_interfaces/robot_interfaces/msg
-- Up-to-date: /home/kjh/robot_gui_pkg/install/robot_interfaces/include/robot_interfaces/robot_interfaces/msg/detail
-- Up-to-date: /home/kjh/robot_gui_pkg/install/robot_interfaces/include/robot_interfaces/robot_interfaces/msg/detail/bridge_float32_multi_array__rosidl_typesupport_fastrtps_c.h
-- Up-to-date: /home/kjh/robot_gui_pkg/install/robot_interfaces/include/robot_interfaces/robot_interfaces/msg/detail/bridge_current__rosidl_typesupport_fastrtps_c.h
-- Up-to-date: /home/kjh/robot_gui_pkg/install/robot_interfaces/include/robot_interfaces/robot_interfaces/msg/detail/bridge_joint_state_with_accel__rosidl_typesupport_fastrtps_c.h
-- Up-to-date: /home/kjh/robot_gui_pkg/install/robot_interfaces/include/robot_interfaces/robot_interfaces/msg/detail/bridge_robot_status__rosidl_typesupport_fastrtps_c.h
-- Up-to-date: /home/kjh/robot_gui_pkg/install/robot_interfaces/include/robot_interfaces/robot_interfaces/msg/detail/bridge_error__rosidl_typesupport_fastrtps_c.h
-- Up-to-date: /home/kjh/robot_gui_pkg/install/robot_interfaces/include/robot_interfaces/robot_interfaces/msg/detail/bridge_dt__rosidl_typesupport_fastrtps_c.h
-- Up-to-date: /home/kjh/robot_gui_pkg/install/robot_interfaces/include/robot_interfaces/robot_interfaces/msg/detail/bridge_string_multi_array__rosidl_typesupport_fastrtps_c.h
-- Up-to-date: /home/kjh/robot_gui_pkg/install/robot_interfaces/include/robot_interfaces/robot_interfaces/msg/detail/bridge_bool_multi_array__rosidl_typesupport_fastrtps_c.h
-- Up-to-date: /home/kjh/robot_gui_pkg/install/robot_interfaces/include/robot_interfaces/robot_interfaces/msg/rosidl_typesupport_fastrtps_c__visibility_control.h
-- Up-to-date: /home/kjh/robot_gui_pkg/install/robot_interfaces/lib/librobot_interfaces__rosidl_typesupport_fastrtps_c.so
-- Up-to-date: /home/kjh/robot_gui_pkg/install/robot_interfaces/include/robot_interfaces/robot_interfaces
-- Up-to-date: /home/kjh/robot_gui_pkg/install/robot_interfaces/include/robot_interfaces/robot_interfaces/msg
-- Up-to-date: /home/kjh/robot_gui_pkg/install/robot_interfaces/include/robot_interfaces/robot_interfaces/msg/bridge_error.hpp
-- Up-to-date: /home/kjh/robot_gui_pkg/install/robot_interfaces/include/robot_interfaces/robot_interfaces/msg/bridge_robot_status.hpp
-- Up-to-date: /home/kjh/robot_gui_pkg/install/robot_interfaces/include/robot_interfaces/robot_interfaces/msg/bridge_dt.hpp
-- Up-to-date: /home/kjh/robot_gui_pkg/install/robot_interfaces/include/robot_interfaces/robot_interfaces/msg/bridge_joint_state_with_accel.hpp
-- Up-to-date: /home/kjh/robot_gui_pkg/install/robot_interfaces/include/robot_interfaces/robot_interfaces/msg/detail
-- Up-to-date: /home/kjh/robot_gui_pkg/install/robot_interfaces/include/robot_interfaces/robot_interfaces/msg/detail/bridge_float32_multi_array__traits.hpp
-- Up-to-date: /home/kjh/robot_gui_pkg/install/robot_interfaces/include/robot_interfaces/robot_interfaces/msg/detail/bridge_robot_status__struct.hpp
-- Up-to-date: /home/kjh/robot_gui_pkg/install/robot_interfaces/include/robot_interfaces/robot_interfaces/msg/detail/bridge_robot_status__builder.hpp
-- Up-to-date: /home/kjh/robot_gui_pkg/install/robot_interfaces/include/robot_interfaces/robot_interfaces/msg/detail/bridge_string_multi_array__struct.hpp
-- Up-to-date: /home/kjh/robot_gui_pkg/install/robot_interfaces/include/robot_interfaces/robot_interfaces/msg/detail/bridge_string_multi_array__traits.hpp
-- Up-to-date: /home/kjh/robot_gui_pkg/install/robot_interfaces/include/robot_interfaces/robot_interfaces/msg/detail/bridge_joint_state_with_accel__builder.hpp
-- Up-to-date: /home/kjh/robot_gui_pkg/install/robot_interfaces/include/robot_interfaces/robot_interfaces/msg/detail/bridge_error__struct.hpp
-- Up-to-date: /home/kjh/robot_gui_pkg/install/robot_interfaces/include/robot_interfaces/robot_interfaces/msg/detail/bridge_float32_multi_array__builder.hpp
-- Up-to-date: /home/kjh/robot_gui_pkg/install/robot_interfaces/include/robot_interfaces/robot_interfaces/msg/detail/bridge_current__struct.hpp
-- Up-to-date: /home/kjh/robot_gui_pkg/install/robot_interfaces/include/robot_interfaces/robot_interfaces/msg/detail/bridge_dt__builder.hpp
-- Up-to-date: /home/kjh/robot_gui_pkg/install/robot_interfaces/include/robot_interfaces/robot_interfaces/msg/detail/bridge_robot_status__traits.hpp
-- Up-to-date: /home/kjh/robot_gui_pkg/install/robot_interfaces/include/robot_interfaces/robot_interfaces/msg/detail/bridge_dt__struct.hpp
-- Up-to-date: /home/kjh/robot_gui_pkg/install/robot_interfaces/include/robot_interfaces/robot_interfaces/msg/detail/bridge_current__traits.hpp
-- Up-to-date: /home/kjh/robot_gui_pkg/install/robot_interfaces/include/robot_interfaces/robot_interfaces/msg/detail/bridge_bool_multi_array__builder.hpp
-- Up-to-date: /home/kjh/robot_gui_pkg/install/robot_interfaces/include/robot_interfaces/robot_interfaces/msg/detail/bridge_joint_state_with_accel__traits.hpp
-- Up-to-date: /home/kjh/robot_gui_pkg/install/robot_interfaces/include/robot_interfaces/robot_interfaces/msg/detail/bridge_joint_state_with_accel__struct.hpp
-- Up-to-date: /home/kjh/robot_gui_pkg/install/robot_interfaces/include/robot_interfaces/robot_interfaces/msg/detail/bridge_error__builder.hpp
-- Up-to-date: /home/kjh/robot_gui_pkg/install/robot_interfaces/include/robot_interfaces/robot_interfaces/msg/detail/bridge_error__traits.hpp
-- Up-to-date: /home/kjh/robot_gui_pkg/install/robot_interfaces/include/robot_interfaces/robot_interfaces/msg/detail/bridge_string_multi_array__builder.hpp
-- Up-to-date: /home/kjh/robot_gui_pkg/install/robot_interfaces/include/robot_interfaces/robot_interfaces/msg/detail/bridge_bool_multi_array__traits.hpp
-- Up-to-date: /home/kjh/robot_gui_pkg/install/robot_interfaces/include/robot_interfaces/robot_interfaces/msg/detail/bridge_dt__traits.hpp
-- Up-to-date: /home/kjh/robot_gui_pkg/install/robot_interfaces/include/robot_interfaces/robot_interfaces/msg/detail/bridge_float32_multi_array__struct.hpp
-- Up-to-date: /home/kjh/robot_gui_pkg/install/robot_interfaces/include/robot_interfaces/robot_interfaces/msg/detail/bridge_bool_multi_array__struct.hpp
-- Up-to-date: /home/kjh/robot_gui_pkg/install/robot_interfaces/include/robot_interfaces/robot_interfaces/msg/detail/bridge_current__builder.hpp
-- Up-to-date: /home/kjh/robot_gui_pkg/install/robot_interfaces/include/robot_interfaces/robot_interfaces/msg/bridge_float32_multi_array.hpp
-- Up-to-date: /home/kjh/robot_gui_pkg/install/robot_interfaces/include/robot_interfaces/robot_interfaces/msg/bridge_bool_multi_array.hpp
-- Up-to-date: /home/kjh/robot_gui_pkg/install/robot_interfaces/include/robot_interfaces/robot_interfaces/msg/bridge_string_multi_array.hpp
-- Up-to-date: /home/kjh/robot_gui_pkg/install/robot_interfaces/include/robot_interfaces/robot_interfaces/msg/bridge_current.hpp
-- Up-to-date: /home/kjh/robot_gui_pkg/install/robot_interfaces/include/robot_interfaces/robot_interfaces
-- Up-to-date: /home/kjh/robot_gui_pkg/install/robot_interfaces/include/robot_interfaces/robot_interfaces/msg
-- Up-to-date: /home/kjh/robot_gui_pkg/install/robot_interfaces/include/robot_interfaces/robot_interfaces/msg/rosidl_typesupport_fastrtps_cpp__visibility_control.h
-- Up-to-date: /home/kjh/robot_gui_pkg/install/robot_interfaces/include/robot_interfaces/robot_interfaces/msg/detail
-- Up-to-date: /home/kjh/robot_gui_pkg/install/robot_interfaces/include/robot_interfaces/robot_interfaces/msg/detail/dds_fastrtps
-- Up-to-date: /home/kjh/robot_gui_pkg/install/robot_interfaces/include/robot_interfaces/robot_interfaces/msg/detail/bridge_error__rosidl_typesupport_fastrtps_cpp.hpp
-- Up-to-date: /home/kjh/robot_gui_pkg/install/robot_interfaces/include/robot_interfaces/robot_interfaces/msg/detail/bridge_joint_state_with_accel__rosidl_typesupport_fastrtps_cpp.hpp
-- Up-to-date: /home/kjh/robot_gui_pkg/install/robot_interfaces/include/robot_interfaces/robot_interfaces/msg/detail/bridge_float32_multi_array__rosidl_typesupport_fastrtps_cpp.hpp
-- Up-to-date: /home/kjh/robot_gui_pkg/install/robot_interfaces/include/robot_interfaces/robot_interfaces/msg/detail/bridge_dt__rosidl_typesupport_fastrtps_cpp.hpp
-- Up-to-date: /home/kjh/robot_gui_pkg/install/robot_interfaces/include/robot_interfaces/robot_interfaces/msg/detail/bridge_string_multi_array__rosidl_typesupport_fastrtps_cpp.hpp
-- Up-to-date: /home/kjh/robot_gui_pkg/install/robot_interfaces/include/robot_interfaces/robot_interfaces/msg/detail/bridge_robot_status__rosidl_typesupport_fastrtps_cpp.hpp
-- Up-to-date: /home/kjh/robot_gui_pkg/install/robot_interfaces/include/robot_interfaces/robot_interfaces/msg/detail/bridge_bool_multi_array__rosidl_typesupport_fastrtps_cpp.hpp
-- Up-to-date: /home/kjh/robot_gui_pkg/install/robot_interfaces/include/robot_interfaces/robot_interfaces/msg/detail/bridge_current__rosidl_typesupport_fastrtps_cpp.hpp
-- Up-to-date: /home/kjh/robot_gui_pkg/install/robot_interfaces/lib/librobot_interfaces__rosidl_typesupport_fastrtps_cpp.so
-- Up-to-date: /home/kjh/robot_gui_pkg/install/robot_interfaces/include/robot_interfaces/robot_interfaces
-- Up-to-date: /home/kjh/robot_gui_pkg/install/robot_interfaces/include/robot_interfaces/robot_interfaces/msg
-- Up-to-date: /home/kjh/robot_gui_pkg/install/robot_interfaces/include/robot_interfaces/robot_interfaces/msg/detail
-- Up-to-date: /home/kjh/robot_gui_pkg/install/robot_interfaces/include/robot_interfaces/robot_interfaces/msg/detail/bridge_joint_state_with_accel__type_support.c
-- Up-to-date: /home/kjh/robot_gui_pkg/install/robot_interfaces/include/robot_interfaces/robot_interfaces/msg/detail/bridge_dt__rosidl_typesupport_introspection_c.h
-- Up-to-date: /home/kjh/robot_gui_pkg/install/robot_interfaces/include/robot_interfaces/robot_interfaces/msg/detail/bridge_bool_multi_array__type_support.c
-- Up-to-date: /home/kjh/robot_gui_pkg/install/robot_interfaces/include/robot_interfaces/robot_interfaces/msg/detail/bridge_dt__type_support.c
-- Up-to-date: /home/kjh/robot_gui_pkg/install/robot_interfaces/include/robot_interfaces/robot_interfaces/msg/detail/bridge_error__rosidl_typesupport_introspection_c.h
-- Up-to-date: /home/kjh/robot_gui_pkg/install/robot_interfaces/include/robot_interfaces/robot_interfaces/msg/detail/bridge_bool_multi_array__rosidl_typesupport_introspection_c.h
-- Up-to-date: /home/kjh/robot_gui_pkg/install/robot_interfaces/include/robot_interfaces/robot_interfaces/msg/detail/bridge_joint_state_with_accel__rosidl_typesupport_introspection_c.h
-- Up-to-date: /home/kjh/robot_gui_pkg/install/robot_interfaces/include/robot_interfaces/robot_interfaces/msg/detail/bridge_string_multi_array__rosidl_typesupport_introspection_c.h
-- Up-to-date: /home/kjh/robot_gui_pkg/install/robot_interfaces/include/robot_interfaces/robot_interfaces/msg/detail/bridge_current__rosidl_typesupport_introspection_c.h
-- Up-to-date: /home/kjh/robot_gui_pkg/install/robot_interfaces/include/robot_interfaces/robot_interfaces/msg/detail/bridge_string_multi_array__type_support.c
-- Up-to-date: /home/kjh/robot_gui_pkg/install/robot_interfaces/include/robot_interfaces/robot_interfaces/msg/detail/bridge_error__type_support.c
-- Up-to-date: /home/kjh/robot_gui_pkg/install/robot_interfaces/include/robot_interfaces/robot_interfaces/msg/detail/bridge_robot_status__type_support.c
-- Up-to-date: /home/kjh/robot_gui_pkg/install/robot_interfaces/include/robot_interfaces/robot_interfaces/msg/detail/bridge_current__type_support.c
-- Up-to-date: /home/kjh/robot_gui_pkg/install/robot_interfaces/include/robot_interfaces/robot_interfaces/msg/detail/bridge_float32_multi_array__type_support.c
-- Up-to-date: /home/kjh/robot_gui_pkg/install/robot_interfaces/include/robot_interfaces/robot_interfaces/msg/detail/bridge_robot_status__rosidl_typesupport_introspection_c.h
-- Up-to-date: /home/kjh/robot_gui_pkg/install/robot_interfaces/include/robot_interfaces/robot_interfaces/msg/detail/bridge_float32_multi_array__rosidl_typesupport_introspection_c.h
-- Up-to-date: /home/kjh/robot_gui_pkg/install/robot_interfaces/include/robot_interfaces/robot_interfaces/msg/rosidl_typesupport_introspection_c__visibility_control.h
-- Up-to-date: /home/kjh/robot_gui_pkg/install/robot_interfaces/lib/librobot_interfaces__rosidl_typesupport_introspection_c.so
-- Up-to-date: /home/kjh/robot_gui_pkg/install/robot_interfaces/lib/librobot_interfaces__rosidl_typesupport_c.so
-- Up-to-date: /home/kjh/robot_gui_pkg/install/robot_interfaces/include/robot_interfaces/robot_interfaces
-- Up-to-date: /home/kjh/robot_gui_pkg/install/robot_interfaces/include/robot_interfaces/robot_interfaces/msg
-- Up-to-date: /home/kjh/robot_gui_pkg/install/robot_interfaces/include/robot_interfaces/robot_interfaces/msg/detail
-- Up-to-date: /home/kjh/robot_gui_pkg/install/robot_interfaces/include/robot_interfaces/robot_interfaces/msg/detail/bridge_joint_state_with_accel__type_support.cpp
-- Up-to-date: /home/kjh/robot_gui_pkg/install/robot_interfaces/include/robot_interfaces/robot_interfaces/msg/detail/bridge_dt__type_support.cpp
-- Up-to-date: /home/kjh/robot_gui_pkg/install/robot_interfaces/include/robot_interfaces/robot_interfaces/msg/detail/bridge_string_multi_array__rosidl_typesupport_introspection_cpp.hpp
-- Up-to-date: /home/kjh/robot_gui_pkg/install/robot_interfaces/include/robot_interfaces/robot_interfaces/msg/detail/bridge_robot_status__type_support.cpp
-- Up-to-date: /home/kjh/robot_gui_pkg/install/robot_interfaces/include/robot_interfaces/robot_interfaces/msg/detail/bridge_dt__rosidl_typesupport_introspection_cpp.hpp
-- Up-to-date: /home/kjh/robot_gui_pkg/install/robot_interfaces/include/robot_interfaces/robot_interfaces/msg/detail/bridge_bool_multi_array__type_support.cpp
-- Up-to-date: /home/kjh/robot_gui_pkg/install/robot_interfaces/include/robot_interfaces/robot_interfaces/msg/detail/bridge_string_multi_array__type_support.cpp
-- Up-to-date: /home/kjh/robot_gui_pkg/install/robot_interfaces/include/robot_interfaces/robot_interfaces/msg/detail/bridge_joint_state_with_accel__rosidl_typesupport_introspection_cpp.hpp
-- Up-to-date: /home/kjh/robot_gui_pkg/install/robot_interfaces/include/robot_interfaces/robot_interfaces/msg/detail/bridge_error__type_support.cpp
-- Up-to-date: /home/kjh/robot_gui_pkg/install/robot_interfaces/include/robot_interfaces/robot_interfaces/msg/detail/bridge_error__rosidl_typesupport_introspection_cpp.hpp
-- Up-to-date: /home/kjh/robot_gui_pkg/install/robot_interfaces/include/robot_interfaces/robot_interfaces/msg/detail/bridge_current__type_support.cpp
-- Up-to-date: /home/kjh/robot_gui_pkg/install/robot_interfaces/include/robot_interfaces/robot_interfaces/msg/detail/bridge_robot_status__rosidl_typesupport_introspection_cpp.hpp
-- Up-to-date: /home/kjh/robot_gui_pkg/install/robot_interfaces/include/robot_interfaces/robot_interfaces/msg/detail/bridge_float32_multi_array__type_support.cpp
-- Up-to-date: /home/kjh/robot_gui_pkg/install/robot_interfaces/include/robot_interfaces/robot_interfaces/msg/detail/bridge_float32_multi_array__rosidl_typesupport_introspection_cpp.hpp
-- Up-to-date: /home/kjh/robot_gui_pkg/install/robot_interfaces/include/robot_interfaces/robot_interfaces/msg/detail/bridge_current__rosidl_typesupport_introspection_cpp.hpp
-- Up-to-date: /home/kjh/robot_gui_pkg/install/robot_interfaces/include/robot_interfaces/robot_interfaces/msg/detail/bridge_bool_multi_array__rosidl_typesupport_introspection_cpp.hpp
-- Up-to-date: /home/kjh/robot_gui_pkg/install/robot_interfaces/lib/librobot_interfaces__rosidl_typesupport_introspection_cpp.so
-- Up-to-date: /home/kjh/robot_gui_pkg/install/robot_interfaces/lib/librobot_interfaces__rosidl_typesupport_cpp.so
-- Up-to-date: /home/kjh/robot_gui_pkg/install/robot_interfaces/share/robot_interfaces/environment/pythonpath.sh
-- Up-to-date: /home/kjh/robot_gui_pkg/install/robot_interfaces/share/robot_interfaces/environment/pythonpath.dsv
-- Up-to-date: /home/kjh/robot_gui_pkg/install/robot_interfaces/local/lib/python3.10/dist-packages/robot_interfaces-0.0.0-py3.10.egg-info
-- Installing: /home/kjh/robot_gui_pkg/install/robot_interfaces/local/lib/python3.10/dist-packages/robot_interfaces-0.0.0-py3.10.egg-info/top_level.txt
-- Installing: /home/kjh/robot_gui_pkg/install/robot_interfaces/local/lib/python3.10/dist-packages/robot_interfaces-0.0.0-py3.10.egg-info/PKG-INFO
-- Installing: /home/kjh/robot_gui_pkg/install/robot_interfaces/local/lib/python3.10/dist-packages/robot_interfaces-0.0.0-py3.10.egg-info/SOURCES.txt
-- Installing: /home/kjh/robot_gui_pkg/install/robot_interfaces/local/lib/python3.10/dist-packages/robot_interfaces-0.0.0-py3.10.egg-info/dependency_links.txt
-- Up-to-date: /home/kjh/robot_gui_pkg/install/robot_interfaces/local/lib/python3.10/dist-packages/robot_interfaces
-- Up-to-date: /home/kjh/robot_gui_pkg/install/robot_interfaces/local/lib/python3.10/dist-packages/robot_interfaces/_robot_interfaces_s.ep.rosidl_typesupport_c.c
-- Up-to-date: /home/kjh/robot_gui_pkg/install/robot_interfaces/local/lib/python3.10/dist-packages/robot_interfaces/_robot_interfaces_s.ep.rosidl_typesupport_introspection_c.c
-- Up-to-date: /home/kjh/robot_gui_pkg/install/robot_interfaces/local/lib/python3.10/dist-packages/robot_interfaces/robot_interfaces_s__rosidl_typesupport_c.cpython-310-x86_64-linux-gnu.so
-- Up-to-date: /home/kjh/robot_gui_pkg/install/robot_interfaces/local/lib/python3.10/dist-packages/robot_interfaces/__init__.py
-- Up-to-date: /home/kjh/robot_gui_pkg/install/robot_interfaces/local/lib/python3.10/dist-packages/robot_interfaces/_robot_interfaces_s.ep.rosidl_typesupport_fastrtps_c.c
-- Up-to-date: /home/kjh/robot_gui_pkg/install/robot_interfaces/local/lib/python3.10/dist-packages/robot_interfaces/librobot_interfaces__rosidl_generator_py.so
-- Up-to-date: /home/kjh/robot_gui_pkg/install/robot_interfaces/local/lib/python3.10/dist-packages/robot_interfaces/robot_interfaces_s__rosidl_typesupport_fastrtps_c.cpython-310-x86_64-linux-gnu.so
-- Up-to-date: /home/kjh/robot_gui_pkg/install/robot_interfaces/local/lib/python3.10/dist-packages/robot_interfaces/robot_interfaces_s__rosidl_typesupport_introspection_c.cpython-310-x86_64-linux-gnu.so
-- Up-to-date: /home/kjh/robot_gui_pkg/install/robot_interfaces/local/lib/python3.10/dist-packages/robot_interfaces/msg
-- Up-to-date: /home/kjh/robot_gui_pkg/install/robot_interfaces/local/lib/python3.10/dist-packages/robot_interfaces/msg/_bridge_joint_state_with_accel_s.c
-- Up-to-date: /home/kjh/robot_gui_pkg/install/robot_interfaces/local/lib/python3.10/dist-packages/robot_interfaces/msg/_bridge_current_s.c
-- Up-to-date: /home/kjh/robot_gui_pkg/install/robot_interfaces/local/lib/python3.10/dist-packages/robot_interfaces/msg/__init__.py
-- Up-to-date: /home/kjh/robot_gui_pkg/install/robot_interfaces/local/lib/python3.10/dist-packages/robot_interfaces/msg/_bridge_float32_multi_array_s.c
-- Up-to-date: /home/kjh/robot_gui_pkg/install/robot_interfaces/local/lib/python3.10/dist-packages/robot_interfaces/msg/_bridge_bool_multi_array_s.c
-- Up-to-date: /home/kjh/robot_gui_pkg/install/robot_interfaces/local/lib/python3.10/dist-packages/robot_interfaces/msg/_bridge_dt.py
-- Up-to-date: /home/kjh/robot_gui_pkg/install/robot_interfaces/local/lib/python3.10/dist-packages/robot_interfaces/msg/_bridge_joint_state_with_accel.py
-- Up-to-date: /home/kjh/robot_gui_pkg/install/robot_interfaces/local/lib/python3.10/dist-packages/robot_interfaces/msg/_bridge_robot_status.py
-- Up-to-date: /home/kjh/robot_gui_pkg/install/robot_interfaces/local/lib/python3.10/dist-packages/robot_interfaces/msg/_bridge_error.py
-- Up-to-date: /home/kjh/robot_gui_pkg/install/robot_interfaces/local/lib/python3.10/dist-packages/robot_interfaces/msg/_bridge_current.py
-- Up-to-date: /home/kjh/robot_gui_pkg/install/robot_interfaces/local/lib/python3.10/dist-packages/robot_interfaces/msg/_bridge_robot_status_s.c
-- Up-to-date: /home/kjh/robot_gui_pkg/install/robot_interfaces/local/lib/python3.10/dist-packages/robot_interfaces/msg/_bridge_string_multi_array.py
-- Up-to-date: /home/kjh/robot_gui_pkg/install/robot_interfaces/local/lib/python3.10/dist-packages/robot_interfaces/msg/_bridge_string_multi_array_s.c
-- Up-to-date: /home/kjh/robot_gui_pkg/install/robot_interfaces/local/lib/python3.10/dist-packages/robot_interfaces/msg/_bridge_bool_multi_array.py
-- Up-to-date: /home/kjh/robot_gui_pkg/install/robot_interfaces/local/lib/python3.10/dist-packages/robot_interfaces/msg/_bridge_float32_multi_array.py
-- Up-to-date: /home/kjh/robot_gui_pkg/install/robot_interfaces/local/lib/python3.10/dist-packages/robot_interfaces/msg/_bridge_error_s.c
-- Up-to-date: /home/kjh/robot_gui_pkg/install/robot_interfaces/local/lib/python3.10/dist-packages/robot_interfaces/msg/_bridge_dt_s.c
Listing '/home/kjh/robot_gui_pkg/install/robot_interfaces/local/lib/python3.10/dist-packages/robot_interfaces'...
Listing '/home/kjh/robot_gui_pkg/install/robot_interfaces/local/lib/python3.10/dist-packages/robot_interfaces/msg'...
-- Up-to-date: /home/kjh/robot_gui_pkg/install/robot_interfaces/local/lib/python3.10/dist-packages/robot_interfaces/robot_interfaces_s__rosidl_typesupport_fastrtps_c.cpython-310-x86_64-linux-gnu.so
-- Up-to-date: /home/kjh/robot_gui_pkg/install/robot_interfaces/local/lib/python3.10/dist-packages/robot_interfaces/robot_interfaces_s__rosidl_typesupport_introspection_c.cpython-310-x86_64-linux-gnu.so
-- Up-to-date: /home/kjh/robot_gui_pkg/install/robot_interfaces/local/lib/python3.10/dist-packages/robot_interfaces/robot_interfaces_s__rosidl_typesupport_c.cpython-310-x86_64-linux-gnu.so
-- Up-to-date: /home/kjh/robot_gui_pkg/install/robot_interfaces/lib/librobot_interfaces__rosidl_generator_py.so
-- Up-to-date: /home/kjh/robot_gui_pkg/install/robot_interfaces/share/robot_interfaces/msg/BridgeBoolMultiArray.idl
-- Up-to-date: /home/kjh/robot_gui_pkg/install/robot_interfaces/share/robot_interfaces/msg/BridgeFloat32MultiArray.idl
-- Up-to-date: /home/kjh/robot_gui_pkg/install/robot_interfaces/share/robot_interfaces/msg/BridgeJointStateWithAccel.idl
-- Up-to-date: /home/kjh/robot_gui_pkg/install/robot_interfaces/share/robot_interfaces/msg/BridgeStringMultiArray.idl
-- Up-to-date: /home/kjh/robot_gui_pkg/install/robot_interfaces/share/robot_interfaces/msg/BridgeDt.idl
-- Up-to-date: /home/kjh/robot_gui_pkg/install/robot_interfaces/share/robot_interfaces/msg/BridgeCurrent.idl
-- Up-to-date: /home/kjh/robot_gui_pkg/install/robot_interfaces/share/robot_interfaces/msg/BridgeError.idl
-- Up-to-date: /home/kjh/robot_gui_pkg/install/robot_interfaces/share/robot_interfaces/msg/BridgeRobotStatus.idl
-- Up-to-date: /home/kjh/robot_gui_pkg/install/robot_interfaces/share/robot_interfaces/msg/BridgeBoolMultiArray.msg
-- Up-to-date: /home/kjh/robot_gui_pkg/install/robot_interfaces/share/robot_interfaces/msg/BridgeFloat32MultiArray.msg
-- Up-to-date: /home/kjh/robot_gui_pkg/install/robot_interfaces/share/robot_interfaces/msg/BridgeJointStateWithAccel.msg
-- Up-to-date: /home/kjh/robot_gui_pkg/install/robot_interfaces/share/robot_interfaces/msg/BridgeStringMultiArray.msg
-- Up-to-date: /home/kjh/robot_gui_pkg/install/robot_interfaces/share/robot_interfaces/msg/BridgeDt.msg
-- Up-to-date: /home/kjh/robot_gui_pkg/install/robot_interfaces/share/robot_interfaces/msg/BridgeCurrent.msg
-- Up-to-date: /home/kjh/robot_gui_pkg/install/robot_interfaces/share/robot_interfaces/msg/BridgeError.msg
-- Up-to-date: /home/kjh/robot_gui_pkg/install/robot_interfaces/share/robot_interfaces/msg/BridgeRobotStatus.msg
-- Up-to-date: /home/kjh/robot_gui_pkg/install/robot_interfaces/share/ament_index/resource_index/package_run_dependencies/robot_interfaces
-- Up-to-date: /home/kjh/robot_gui_pkg/install/robot_interfaces/share/ament_index/resource_index/parent_prefix_path/robot_interfaces
-- Up-to-date: /home/kjh/robot_gui_pkg/install/robot_interfaces/share/robot_interfaces/environment/ament_prefix_path.sh
-- Up-to-date: /home/kjh/robot_gui_pkg/install/robot_interfaces/share/robot_interfaces/environment/ament_prefix_path.dsv
-- Up-to-date: /home/kjh/robot_gui_pkg/install/robot_interfaces/share/robot_interfaces/environment/path.sh
-- Up-to-date: /home/kjh/robot_gui_pkg/install/robot_interfaces/share/robot_interfaces/environment/path.dsv
-- Up-to-date: /home/kjh/robot_gui_pkg/install/robot_interfaces/share/robot_interfaces/local_setup.bash
-- Up-to-date: /home/kjh/robot_gui_pkg/install/robot_interfaces/share/robot_interfaces/local_setup.sh
-- Up-to-date: /home/kjh/robot_gui_pkg/install/robot_interfaces/share/robot_interfaces/local_setup.zsh
-- Up-to-date: /home/kjh/robot_gui_pkg/install/robot_interfaces/share/robot_interfaces/local_setup.dsv
-- Installing: /home/kjh/robot_gui_pkg/install/robot_interfaces/share/robot_interfaces/package.dsv
-- Up-to-date: /home/kjh/robot_gui_pkg/install/robot_interfaces/share/ament_index/resource_index/packages/robot_interfaces
-- Up-to-date: /home/kjh/robot_gui_pkg/install/robot_interfaces/share/robot_interfaces/cmake/export_robot_interfaces__rosidl_generator_cExport.cmake
-- Up-to-date: /home/kjh/robot_gui_pkg/install/robot_interfaces/share/robot_interfaces/cmake/export_robot_interfaces__rosidl_generator_cExport-noconfig.cmake
-- Up-to-date: /home/kjh/robot_gui_pkg/install/robot_interfaces/share/robot_interfaces/cmake/export_robot_interfaces__rosidl_typesupport_fastrtps_cExport.cmake
-- Up-to-date: /home/kjh/robot_gui_pkg/install/robot_interfaces/share/robot_interfaces/cmake/export_robot_interfaces__rosidl_typesupport_fastrtps_cExport-noconfig.cmake
-- Up-to-date: /home/kjh/robot_gui_pkg/install/robot_interfaces/share/robot_interfaces/cmake/export_robot_interfaces__rosidl_generator_cppExport.cmake
-- Up-to-date: /home/kjh/robot_gui_pkg/install/robot_interfaces/share/robot_interfaces/cmake/export_robot_interfaces__rosidl_typesupport_fastrtps_cppExport.cmake
-- Up-to-date: /home/kjh/robot_gui_pkg/install/robot_interfaces/share/robot_interfaces/cmake/export_robot_interfaces__rosidl_typesupport_fastrtps_cppExport-noconfig.cmake
-- Up-to-date: /home/kjh/robot_gui_pkg/install/robot_interfaces/share/robot_interfaces/cmake/robot_interfaces__rosidl_typesupport_introspection_cExport.cmake
-- Up-to-date: /home/kjh/robot_gui_pkg/install/robot_interfaces/share/robot_interfaces/cmake/robot_interfaces__rosidl_typesupport_introspection_cExport-noconfig.cmake
-- Up-to-date: /home/kjh/robot_gui_pkg/install/robot_interfaces/share/robot_interfaces/cmake/robot_interfaces__rosidl_typesupport_cExport.cmake
-- Up-to-date: /home/kjh/robot_gui_pkg/install/robot_interfaces/share/robot_interfaces/cmake/robot_interfaces__rosidl_typesupport_cExport-noconfig.cmake
-- Up-to-date: /home/kjh/robot_gui_pkg/install/robot_interfaces/share/robot_interfaces/cmake/robot_interfaces__rosidl_typesupport_introspection_cppExport.cmake
-- Up-to-date: /home/kjh/robot_gui_pkg/install/robot_interfaces/share/robot_interfaces/cmake/robot_interfaces__rosidl_typesupport_introspection_cppExport-noconfig.cmake
-- Up-to-date: /home/kjh/robot_gui_pkg/install/robot_interfaces/share/robot_interfaces/cmake/robot_interfaces__rosidl_typesupport_cppExport.cmake
-- Up-to-date: /home/kjh/robot_gui_pkg/install/robot_interfaces/share/robot_interfaces/cmake/robot_interfaces__rosidl_typesupport_cppExport-noconfig.cmake
-- Up-to-date: /home/kjh/robot_gui_pkg/install/robot_interfaces/share/robot_interfaces/cmake/export_robot_interfaces__rosidl_generator_pyExport.cmake
-- Up-to-date: /home/kjh/robot_gui_pkg/install/robot_interfaces/share/robot_interfaces/cmake/export_robot_interfaces__rosidl_generator_pyExport-noconfig.cmake
-- Up-to-date: /home/kjh/robot_gui_pkg/install/robot_interfaces/share/robot_interfaces/cmake/rosidl_cmake-extras.cmake
-- Up-to-date: /home/kjh/robot_gui_pkg/install/robot_interfaces/share/robot_interfaces/cmake/ament_cmake_export_dependencies-extras.cmake
-- Up-to-date: /home/kjh/robot_gui_pkg/install/robot_interfaces/share/robot_interfaces/cmake/ament_cmake_export_include_directories-extras.cmake
-- Up-to-date: /home/kjh/robot_gui_pkg/install/robot_interfaces/share/robot_interfaces/cmake/ament_cmake_export_libraries-extras.cmake
-- Up-to-date: /home/kjh/robot_gui_pkg/install/robot_interfaces/share/robot_interfaces/cmake/ament_cmake_export_targets-extras.cmake
-- Up-to-date: /home/kjh/robot_gui_pkg/install/robot_interfaces/share/robot_interfaces/cmake/rosidl_cmake_export_typesupport_targets-extras.cmake
-- Up-to-date: /home/kjh/robot_gui_pkg/install/robot_interfaces/share/robot_interfaces/cmake/rosidl_cmake_export_typesupport_libraries-extras.cmake
-- Up-to-date: /home/kjh/robot_gui_pkg/install/robot_interfaces/share/robot_interfaces/cmake/robot_interfacesConfig.cmake
-- Up-to-date: /home/kjh/robot_gui_pkg/install/robot_interfaces/share/robot_interfaces/cmake/robot_interfacesConfig-version.cmake
-- Up-to-date: /home/kjh/robot_gui_pkg/install/robot_interfaces/share/robot_interfaces/package.xml
