[0.007s] Invoking command in '/home/kjh/robot_gui_pkg/build/robot_interfaces': CMAKE_PREFIX_PATH=${CMAKE_PREFIX_PATH}:/home/kjh/robot_gui_pkg/install/ros2_gui:/opt/ros/humble /home/kjh/.local/bin/cmake /home/kjh/robot_gui_pkg/src/robot_interfaces -DAMENT_CMAKE_SYMLINK_INSTALL=1 -DCMAKE_INSTALL_PREFIX=/home/kjh/robot_gui_pkg/install/robot_interfaces
[0.026s] -- Found ament_cmake: 1.3.4 (/opt/ros/humble/share/ament_cmake/cmake)
[0.089s] -- Override CMake install command with custom implementation using symlinks instead of copying resources
[0.092s] -- Found geometry_msgs: 4.2.3 (/opt/ros/humble/share/geometry_msgs/cmake)
[0.110s] -- Found rosidl_generator_c: 3.1.4 (/opt/ros/humble/share/rosidl_generator_c/cmake)
[0.112s] -- Found rosidl_adapter: 3.1.4 (/opt/ros/humble/share/rosidl_adapter/cmake)
[0.115s] -- Found rosidl_generator_cpp: 3.1.4 (/opt/ros/humble/share/rosidl_generator_cpp/cmake)
[0.123s] -- Using all available rosidl_typesupport_c: rosidl_typesupport_fastrtps_c;rosidl_typesupport_introspection_c
[0.133s] -- Using all available rosidl_typesupport_cpp: rosidl_typesupport_fastrtps_cpp;rosidl_typesupport_introspection_cpp
[0.204s] -- Found rosidl_default_generators: 1.2.0 (/opt/ros/humble/share/rosidl_default_generators/cmake)
[0.356s] -- Found ament_cmake_ros: 0.10.0 (/opt/ros/humble/share/ament_cmake_ros/cmake)
[0.519s] -- Using all available rosidl_typesupport_c: rosidl_typesupport_fastrtps_c;rosidl_typesupport_introspection_c
[0.588s] -- Using all available rosidl_typesupport_cpp: rosidl_typesupport_fastrtps_cpp;rosidl_typesupport_introspection_cpp
[0.601s] -- Found python_cmake_module: 0.10.0 (/opt/ros/humble/share/python_cmake_module/cmake)
[0.619s] -- Using PYTHON_EXECUTABLE: /usr/bin/python3
[0.619s] -- Using PYTHON_INCLUDE_DIRS: /usr/include/python3.10
[0.619s] -- Using PYTHON_LIBRARIES: /usr/lib/x86_64-linux-gnu/libpython3.10.so
[0.653s] -- Found ament_lint_auto: 0.12.6 (/opt/ros/humble/share/ament_lint_auto/cmake)
[0.658s] -- Added test 'copyright' to check source files copyright and LICENSE
[0.659s] -- Added test 'lint_cmake' to check CMake code style
[0.660s] -- Added test 'xmllint' to check XML markup files
[0.661s] -- Configuring done (0.6s)
[0.687s] -- Generating done (0.0s)
[0.689s] -- Build files have been written to: /home/kjh/robot_gui_pkg/build/robot_interfaces
[0.696s] Invoked command in '/home/kjh/robot_gui_pkg/build/robot_interfaces' returned '0': CMAKE_PREFIX_PATH=${CMAKE_PREFIX_PATH}:/home/kjh/robot_gui_pkg/install/ros2_gui:/opt/ros/humble /home/kjh/.local/bin/cmake /home/kjh/robot_gui_pkg/src/robot_interfaces -DAMENT_CMAKE_SYMLINK_INSTALL=1 -DCMAKE_INSTALL_PREFIX=/home/kjh/robot_gui_pkg/install/robot_interfaces
[0.697s] Invoking command in '/home/kjh/robot_gui_pkg/build/robot_interfaces': CMAKE_PREFIX_PATH=${CMAKE_PREFIX_PATH}:/home/kjh/robot_gui_pkg/install/ros2_gui:/opt/ros/humble /home/kjh/.local/bin/cmake --build /home/kjh/robot_gui_pkg/build/robot_interfaces -- -j20 -l20
[0.724s] failed to create symbolic link '/home/kjh/robot_gui_pkg/build/robot_interfaces/ament_cmake_python/robot_interfaces/robot_interfaces' because existing path cannot be removed: Is a directory
[0.724s] gmake[2]: *** [CMakeFiles/ament_cmake_python_symlink_robot_interfaces.dir/build.make:70: CMakeFiles/ament_cmake_python_symlink_robot_interfaces] Error 1
[0.724s] gmake[1]: *** [CMakeFiles/Makefile2:421: CMakeFiles/ament_cmake_python_symlink_robot_interfaces.dir/all] Error 2
[0.724s] gmake[1]: *** Waiting for unfinished jobs....
[0.724s] [  1%] Built target robot_interfaces__cpp
[0.727s] [ 12%] Built target robot_interfaces__rosidl_generator_c
[0.727s] gmake: *** [Makefile:146: all] Error 2
[0.732s] Invoked command in '/home/kjh/robot_gui_pkg/build/robot_interfaces' returned '2': CMAKE_PREFIX_PATH=${CMAKE_PREFIX_PATH}:/home/kjh/robot_gui_pkg/install/ros2_gui:/opt/ros/humble /home/kjh/.local/bin/cmake --build /home/kjh/robot_gui_pkg/build/robot_interfaces -- -j20 -l20
